Log file open, 08/29/23 16:16:31
LogWindows: Failed to load 'aqProf.dll' (GetLastError=126)
LogWindows: File 'aqProf.dll' does not exist
LogWindows: Failed to load 'VtuneApi.dll' (GetLastError=126)
LogWindows: File 'VtuneApi.dll' does not exist
LogWindows: Failed to load 'VtuneApi32e.dll' (GetLastError=126)
LogWindows: File 'VtuneApi32e.dll' does not exist
LogConsoleResponse: Display: Failed to find resolution value strings in scalability ini. Falling back to default.
LogConsoleResponse: Display: Failed to find resolution value strings in scalability ini. Falling back to default.
LogInit: Display: Running engine for game: BaseSample
LogPlatformFile: Not using cached read wrapper
LogTaskGraph: Started task graph with 5 named threads and 35 total threads with 3 sets of task threads.
LogStats: Stats thread started at 0.254458
LogICUInternationalization: ICU TimeZone Detection - Raw Offset: -5:00, Platform Override: ''
LogInit: Display: Loading text-based GConfig....
LogPluginManager: Mounting plugin MeshPainting
LogPluginManager: Mounting plugin XGEController
LogPluginManager: Mounting plugin Paper2D
LogPluginManager: Mounting plugin EnvironmentQueryEditor
LogPluginManager: Mounting plugin AISupport
LogPluginManager: Mounting plugin LightPropagationVolume
LogPluginManager: Mounting plugin OodleNetwork
LogPluginManager: Mounting plugin LiveLink
LogPluginManager: Mounting plugin CameraShakePreviewer
LogPluginManager: Mounting plugin OodleData
LogPluginManager: Mounting plugin GameplayCameras
LogPluginManager: Mounting plugin AssetManagerEditor
LogPluginManager: Mounting plugin CryptoKeys
LogPluginManager: Mounting plugin CurveEditorTools
LogPluginManager: Mounting plugin DataValidation
LogPluginManager: Mounting plugin AnimationSharing
LogPluginManager: Mounting plugin FacialAnimation
LogPluginManager: Mounting plugin GameplayTagsEditor
LogPluginManager: Mounting plugin GeometryMode
LogPluginManager: Mounting plugin MacGraphicsSwitching
LogPluginManager: Mounting plugin DatasmithContent
LogPluginManager: Mounting plugin MaterialAnalyzer
LogPluginManager: Mounting plugin PluginBrowser
LogPluginManager: Mounting plugin MobileLauncherProfileWizard
LogPluginManager: Mounting plugin VariantManagerContent
LogPluginManager: Mounting plugin SpeedTreeImporter
LogPluginManager: Mounting plugin CLionSourceCodeAccess
LogPluginManager: Mounting plugin Niagara
LogPluginManager: Mounting plugin CodeLiteSourceCodeAccess
LogPluginManager: Mounting plugin KDevelopSourceCodeAccess
LogPluginManager: Mounting plugin NullSourceCodeAccess
LogPluginManager: Mounting plugin PlasticSourceControl
LogPluginManager: Mounting plugin PerforceSourceControl
LogPluginManager: Mounting plugin PixWinPlugin
LogPluginManager: Mounting plugin GitSourceControl
LogPluginManager: Mounting plugin PluginUtils
LogPluginManager: Mounting plugin RiderSourceCodeAccess
LogPluginManager: Mounting plugin SubversionSourceControl
LogPluginManager: Mounting plugin PropertyAccessNode
LogPluginManager: Mounting plugin UObjectPlugin
LogPluginManager: Mounting plugin TextureFormatOodle
LogPluginManager: Mounting plugin XCodeSourceCodeAccess
LogPluginManager: Mounting plugin VisualStudioCodeSourceCodeAccess
LogPluginManager: Mounting plugin AlembicImporter
LogPluginManager: Mounting plugin VisualStudioSourceCodeAccess
LogPluginManager: Mounting plugin ChaosClothEditor
LogPluginManager: Mounting plugin ChaosEditor
LogPluginManager: Mounting plugin ChaosCloth
LogPluginManager: Mounting plugin BackChannel
LogPluginManager: Mounting plugin AutomationUtils
LogPluginManager: Mounting plugin ChaosNiagara
LogPluginManager: Mounting plugin ChaosSolverPlugin
LogPluginManager: Mounting plugin CharacterAI
LogPluginManager: Mounting plugin AndroidMedia
LogPluginManager: Mounting plugin AvfMedia
LogPluginManager: Mounting plugin ImgMedia
LogPluginManager: Mounting plugin MediaCompositing
LogPluginManager: Mounting plugin MediaPlayerEditor
LogPluginManager: Mounting plugin WebMMedia
LogPluginManager: Mounting plugin WmfMedia
LogPluginManager: Mounting plugin GeometryCache
LogPluginManager: Mounting plugin GeometryCollectionPlugin
LogPluginManager: Mounting plugin GeometryProcessing
LogPluginManager: Mounting plugin MotoSynth
LogPluginManager: Mounting plugin OpenImageDenoise
LogPluginManager: Mounting plugin PlanarCut
LogPluginManager: Mounting plugin ProxyLODPlugin
LogPluginManager: Mounting plugin PythonScriptPlugin
LogPluginManager: Mounting plugin ActorSequence
LogPluginManager: Mounting plugin SkeletalReduction
LogPluginManager: Mounting plugin LevelSequenceEditor
LogPluginManager: Mounting plugin MatineeToLevelSequence
LogPluginManager: Mounting plugin PlatformCrypto
LogPluginManager: Mounting plugin TcpMessaging
LogPluginManager: Mounting plugin TemplateSequence
LogPluginManager: Mounting plugin UdpMessaging
LogPluginManager: Mounting plugin OnlineSubsystem
LogPluginManager: Mounting plugin OnlineSubsystemNull
LogPluginManager: Mounting plugin LuminPlatformFeatures
LogPluginManager: Mounting plugin OnlineSubsystemUtils
LogPluginManager: Mounting plugin MagicLeap
LogPluginManager: Mounting plugin MagicLeapLightEstimation
LogPluginManager: Mounting plugin MagicLeapPassableWorld
LogPluginManager: Mounting plugin MLSDK
LogPluginManager: Mounting plugin ActorLayerUtilities
LogPluginManager: Mounting plugin AndroidMoviePlayer
LogPluginManager: Mounting plugin AndroidDeviceProfileSelector
LogPluginManager: Mounting plugin AndroidPermission
LogPluginManager: Mounting plugin MagicLeapMedia
LogPluginManager: Mounting plugin AppleMoviePlayer
LogPluginManager: Mounting plugin ArchVisCharacter
LogPluginManager: Mounting plugin AppleImageUtils
LogPluginManager: Mounting plugin AssetTags
LogPluginManager: Mounting plugin AudioSynesthesia
LogPluginManager: Mounting plugin EditableMesh
LogPluginManager: Mounting plugin CableComponent
LogPluginManager: Mounting plugin CustomMeshComponent
LogPluginManager: Mounting plugin ExampleDeviceProfileSelector
LogPluginManager: Mounting plugin ChunkDownloader
LogPluginManager: Mounting plugin GoogleCloudMessaging
LogPluginManager: Mounting plugin GooglePAD
LogPluginManager: Mounting plugin ScreenshotTools
LogPluginManager: Mounting plugin IOSDeviceProfileSelector
LogPluginManager: Mounting plugin LinuxDeviceProfileSelector
LogPluginManager: Mounting plugin LauncherChunkInstaller
LogPluginManager: Mounting plugin AudioCapture
LogPluginManager: Mounting plugin LocationServicesBPLibrary
LogPluginManager: Mounting plugin OpenXR
LogPluginManager: Mounting plugin OpenXREyeTracker
LogPluginManager: Mounting plugin MobilePatchingUtils
LogPluginManager: Mounting plugin OpenXRHandTracking
LogPluginManager: Mounting plugin Takes
LogPluginManager: Mounting plugin PhysXVehicles
LogPluginManager: Mounting plugin ProceduralMeshComponent
LogPluginManager: Mounting plugin PostSplashScreen
LogPluginManager: Mounting plugin PropertyAccessEditor
LogPluginManager: Mounting plugin SoundFields
LogPluginManager: Mounting plugin SignificanceManager
LogPluginManager: Mounting plugin RuntimePhysXCooking
LogPluginManager: Mounting plugin Synthesis
LogPluginManager: Mounting plugin WebMMoviePlayer
LogPluginManager: Mounting plugin WindowsMoviePlayer
LogPluginManager: Mounting plugin ContentBrowserAssetDataSource
LogPluginManager: Mounting plugin ContentBrowserClassDataSource
LogPluginManager: Mounting plugin ContentBrowserFileDataSource
LogPluginManager: Mounting plugin OnlineSubsystemGooglePlay
LogPluginManager: Mounting plugin OnlineSubsystemIOS
LogPluginManager: Mounting plugin OculusVR
LogPluginManager: Mounting plugin SteamVR
PixWinPlugin: PIX capture plugin failed to initialize! Check that the process is launched from PIX.
LogInit: Using libcurl 7.55.1-DEV
LogInit:  - built for x86_64-pc-win32
LogInit:  - supports SSL with OpenSSL/1.1.1
LogInit:  - supports HTTP deflate (compression) using libz 1.2.8
LogInit:  - other features:
LogInit:      CURL_VERSION_SSL
LogInit:      CURL_VERSION_LIBZ
LogInit:      CURL_VERSION_IPV6
LogInit:      CURL_VERSION_ASYNCHDNS
LogInit:      CURL_VERSION_LARGEFILE
LogInit:      CURL_VERSION_IDN
LogInit:  CurlRequestOptions (configurable via config and command line):
LogInit:  - bVerifyPeer = true  - Libcurl will verify peer certificate
LogInit:  - bUseHttpProxy = false  - Libcurl will NOT use HTTP proxy
LogInit:  - bDontReuseConnections = false  - Libcurl will reuse connections
LogInit:  - MaxHostConnections = 16  - Libcurl will limit the number of connections to a host
LogInit:  - LocalHostAddr = Default
LogInit:  - BufferSize = 65536
LogOnline: OSS: Creating online subsystem instance for: NULL
LogInit: WinSock: version 1.1 (2.2), MaxSocks=32767, MaxUdp=65467
LogOnline: OSS: TryLoadSubsystemAndSetDefault: Loaded subsystem for module [NULL]
LogOculusPluginWrapper: OculusPlugin initialized successfully
LogHMD: Failed initializing OVRPlugin 1.59.0
LogInit: Build: ++UE4+Release-4.27-CL-18319896
LogInit: Engine Version: 4.27.2-18319896+++UE4+Release-4.27
LogInit: Compatible Engine Version: 4.27.0-17155196+++UE4+Release-4.27
LogInit: Net CL: 17155196
LogInit: OS: Windows 10 (Release 2009) (), CPU: Intel(R) Core(TM) i7-10750H CPU @ 2.60GHz, GPU: Intel(R) UHD Graphics
LogInit: Compiled (64-bit): Nov 30 2021 07:12:08
LogInit: Compiled with Visual C++: 19.24.28315.00
LogInit: Build Configuration: Development
LogInit: Branch Name: ++UE4+Release-4.27
LogInit: Command Line: 
LogInit: Base Directory: C:/Program Files/Epic Games/UE_4.27/Engine/Binaries/Win64/
LogInit: Allocator: TBB
LogInit: Installed Engine Build: 1
LogDevObjectVersion: Number of dev versions registered: 29
LogDevObjectVersion:   Dev-Blueprints (B0D832E4-1F89-4F0D-ACCF-7EB736FD4AA2): 10
LogDevObjectVersion:   Dev-Build (E1C64328-A22C-4D53-A36C-8E866417BD8C): 0
LogDevObjectVersion:   Dev-Core (375EC13C-06E4-48FB-B500-84F0262A717E): 4
LogDevObjectVersion:   Dev-Editor (E4B068ED-F494-42E9-A231-DA0B2E46BB41): 40
LogDevObjectVersion:   Dev-Framework (CFFC743F-43B0-4480-9391-14DF171D2073): 37
LogDevObjectVersion:   Dev-Mobile (B02B49B5-BB20-44E9-A304-32B752E40360): 3
LogDevObjectVersion:   Dev-Networking (A4E4105C-59A1-49B5-A7C5-40C4547EDFEE): 0
LogDevObjectVersion:   Dev-Online (39C831C9-5AE6-47DC-9A44-9C173E1C8E7C): 0
LogDevObjectVersion:   Dev-Physics (78F01B33-EBEA-4F98-B9B4-84EACCB95AA2): 14
LogDevObjectVersion:   Dev-Platform (6631380F-2D4D-43E0-8009-CF276956A95A): 0
LogDevObjectVersion:   Dev-Rendering (12F88B9F-8875-4AFC-A67C-D90C383ABD29): 45
LogDevObjectVersion:   Dev-Sequencer (7B5AE74C-D270-4C10-A958-57980B212A5A): 13
LogDevObjectVersion:   Dev-VR (D7296918-1DD6-4BDD-9DE2-64A83CC13884): 3
LogDevObjectVersion:   Dev-LoadTimes (C2A15278-BFE7-4AFE-6C17-90FF531DF755): 1
LogDevObjectVersion:   Private-Geometry (6EACA3D4-40EC-4CC1-B786-8BED09428FC5): 3
LogDevObjectVersion:   Dev-AnimPhys (29E575DD-E0A3-4627-9D10-D276232CDCEA): 17
LogDevObjectVersion:   Dev-Anim (AF43A65D-7FD3-4947-9873-3E8ED9C1BB05): 15
LogDevObjectVersion:   Dev-ReflectionCapture (6B266CEC-1EC7-4B8F-A30B-E4D90942FC07): 1
LogDevObjectVersion:   Dev-Automation (0DF73D61-A23F-47EA-B727-89E90C41499A): 1
LogDevObjectVersion:   FortniteMain (601D1886-AC64-4F84-AA16-D3DE0DEAC7D6): 47
LogDevObjectVersion:   FortniteRelease (E7086368-6B23-4C58-8439-1B7016265E91): 1
LogDevObjectVersion:   Dev-Enterprise (9DFFBCD6-494F-0158-E221-12823C92A888): 10
LogDevObjectVersion:   Dev-Niagara (F2AED0AC-9AFE-416F-8664-AA7FFA26D6FC): 1
LogDevObjectVersion:   Dev-Destruction (174F1F0B-B4C6-45A5-B13F-2EE8D0FB917D): 10
LogDevObjectVersion:   Dev-Physics-Ext (35F94A83-E258-406C-A318-09F59610247C): 41
LogDevObjectVersion:   Dev-PhysicsMaterial-Chaos (B68FC16E-8B1B-42E2-B453-215C058844FE): 1
LogDevObjectVersion:   Dev-CineCamera (B2E18506-4273-CFC2-A54E-F4BB758BBA07): 1
LogDevObjectVersion:   Dev-VirtualProduction (64F58936-FD1B-42BA-BA96-7289D5D0FA4E): 1
LogDevObjectVersion:   Dev-MediaFramework (6F0ED827-A609-4895-9C91-998D90180EA4): 2
LogInit: Presizing for max 25165824 objects, including 0 objects not considered by GC, pre-allocating 0 bytes for permanent pool.
LogConfig: Applying CVar settings from Section [/Script/Engine.StreamingSettings] File [C:/Users/luker/Desktop/github/Fall2023MDIA422/BaseSample/Saved/Config/Windows/Engine.ini]
LogConfig: Setting CVar [[s.MinBulkDataSizeForAsyncLoading:131072]]
LogConfig: Setting CVar [[s.AsyncLoadingThreadEnabled:0]]
LogConfig: Setting CVar [[s.EventDrivenLoaderEnabled:1]]
LogConfig: Setting CVar [[s.WarnIfTimeLimitExceeded:0]]
LogConfig: Setting CVar [[s.TimeLimitExceededMultiplier:1.5]]
LogConfig: Setting CVar [[s.TimeLimitExceededMinTime:0.005]]
LogConfig: Setting CVar [[s.UseBackgroundLevelStreaming:1]]
LogConfig: Setting CVar [[s.PriorityAsyncLoadingExtraTime:15.0]]
LogConfig: Setting CVar [[s.LevelStreamingActorsUpdateTimeLimit:5.0]]
LogConfig: Setting CVar [[s.PriorityLevelStreamingActorsUpdateExtraTime:5.0]]
LogConfig: Setting CVar [[s.LevelStreamingComponentsRegistrationGranularity:10]]
LogConfig: Setting CVar [[s.UnregisterComponentsTimeLimit:1.0]]
LogConfig: Setting CVar [[s.LevelStreamingComponentsUnregistrationGranularity:5]]
LogConfig: Setting CVar [[s.FlushStreamingOnExit:1]]
LogInit: Object subsystem initialized
LogConfig: Setting CVar [[con.DebugEarlyDefault:1]]
LogConfig: Setting CVar [[r.setres:1280x720]]
[2023.08.29-20.16.31:960][  0]LogConfig: Setting CVar [[r.VSync:0]]
[2023.08.29-20.16.31:960][  0]LogConfig: Setting CVar [[r.RHICmdBypass:0]]
[2023.08.29-20.16.31:960][  0]LogConfig: Applying CVar settings from Section [/Script/Engine.RendererSettings] File [C:/Users/luker/Desktop/github/Fall2023MDIA422/BaseSample/Saved/Config/Windows/Engine.ini]
[2023.08.29-20.16.31:960][  0]LogConfig: Setting CVar [[r.GPUCrashDebugging:0]]
[2023.08.29-20.16.31:960][  0]LogConfig: Applying CVar settings from Section [/Script/Engine.RendererOverrideSettings] File [C:/Users/luker/Desktop/github/Fall2023MDIA422/BaseSample/Saved/Config/Windows/Engine.ini]
[2023.08.29-20.16.31:960][  0]LogConfig: Applying CVar settings from Section [/Script/Engine.StreamingSettings] File [C:/Users/luker/Desktop/github/Fall2023MDIA422/BaseSample/Saved/Config/Windows/Engine.ini]
[2023.08.29-20.16.31:960][  0]LogConfig: Setting CVar [[s.MinBulkDataSizeForAsyncLoading:131072]]
[2023.08.29-20.16.31:960][  0]LogConfig: Setting CVar [[s.AsyncLoadingThreadEnabled:0]]
[2023.08.29-20.16.31:960][  0]LogConfig: Setting CVar [[s.EventDrivenLoaderEnabled:1]]
[2023.08.29-20.16.31:960][  0]LogConfig: Setting CVar [[s.WarnIfTimeLimitExceeded:0]]
[2023.08.29-20.16.31:960][  0]LogConfig: Setting CVar [[s.TimeLimitExceededMultiplier:1.5]]
[2023.08.29-20.16.31:960][  0]LogConfig: Setting CVar [[s.TimeLimitExceededMinTime:0.005]]
[2023.08.29-20.16.31:960][  0]LogConfig: Setting CVar [[s.UseBackgroundLevelStreaming:1]]
[2023.08.29-20.16.31:960][  0]LogConfig: Setting CVar [[s.PriorityAsyncLoadingExtraTime:15.0]]
[2023.08.29-20.16.31:960][  0]LogConfig: Setting CVar [[s.LevelStreamingActorsUpdateTimeLimit:5.0]]
[2023.08.29-20.16.31:960][  0]LogConfig: Setting CVar [[s.PriorityLevelStreamingActorsUpdateExtraTime:5.0]]
[2023.08.29-20.16.31:960][  0]LogConfig: Setting CVar [[s.LevelStreamingComponentsRegistrationGranularity:10]]
[2023.08.29-20.16.31:960][  0]LogConfig: Setting CVar [[s.UnregisterComponentsTimeLimit:1.0]]
[2023.08.29-20.16.31:960][  0]LogConfig: Setting CVar [[s.LevelStreamingComponentsUnregistrationGranularity:5]]
[2023.08.29-20.16.31:960][  0]LogConfig: Setting CVar [[s.FlushStreamingOnExit:1]]
[2023.08.29-20.16.31:960][  0]LogConfig: Applying CVar settings from Section [/Script/Engine.GarbageCollectionSettings] File [C:/Users/luker/Desktop/github/Fall2023MDIA422/BaseSample/Saved/Config/Windows/Engine.ini]
[2023.08.29-20.16.31:960][  0]LogConfig: Setting CVar [[gc.MaxObjectsNotConsideredByGC:1]]
[2023.08.29-20.16.31:960][  0]LogConfig: Setting CVar [[gc.SizeOfPermanentObjectPool:0]]
[2023.08.29-20.16.31:960][  0]LogConfig: Setting CVar [[gc.FlushStreamingOnGC:0]]
[2023.08.29-20.16.31:960][  0]LogConfig: Setting CVar [[gc.NumRetriesBeforeForcingGC:10]]
[2023.08.29-20.16.31:960][  0]LogConfig: Setting CVar [[gc.AllowParallelGC:1]]
[2023.08.29-20.16.31:960][  0]LogConfig: Setting CVar [[gc.TimeBetweenPurgingPendingKillObjects:61.1]]
[2023.08.29-20.16.31:960][  0]LogConfig: Setting CVar [[gc.MaxObjectsInEditor:25165824]]
[2023.08.29-20.16.31:960][  0]LogConfig: Setting CVar [[gc.IncrementalBeginDestroyEnabled:1]]
[2023.08.29-20.16.31:960][  0]LogConfig: Setting CVar [[gc.CreateGCClusters:1]]
[2023.08.29-20.16.31:960][  0]LogConfig: Setting CVar [[gc.MinGCClusterSize:5]]
[2023.08.29-20.16.31:960][  0]LogConfig: Setting CVar [[gc.ActorClusteringEnabled:0]]
[2023.08.29-20.16.31:960][  0]LogConfig: Setting CVar [[gc.BlueprintClusteringEnabled:0]]
[2023.08.29-20.16.31:960][  0]LogConfig: Setting CVar [[gc.UseDisregardForGCOnDedicatedServers:0]]
[2023.08.29-20.16.31:960][  0]LogConfig: Setting CVar [[gc.MultithreadedDestructionEnabled:1]]
[2023.08.29-20.16.31:960][  0]LogConfig: Applying CVar settings from Section [/Script/Engine.NetworkSettings] File [C:/Users/luker/Desktop/github/Fall2023MDIA422/BaseSample/Saved/Config/Windows/Engine.ini]
[2023.08.29-20.16.31:960][  0]LogConfig: Applying CVar settings from Section [/Script/UnrealEd.CookerSettings] File [C:/Users/luker/Desktop/github/Fall2023MDIA422/BaseSample/Saved/Config/Windows/Engine.ini]
[2023.08.29-20.16.31:968][  0]LogConfig: Applying CVar settings from Section [ViewDistanceQuality@3] File [C:/Users/luker/Desktop/github/Fall2023MDIA422/BaseSample/Saved/Config/Windows/Scalability.ini]
[2023.08.29-20.16.31:968][  0]LogConfig: Setting CVar [[r.SkeletalMeshLODBias:0]]
[2023.08.29-20.16.31:968][  0]LogConfig: Setting CVar [[r.ViewDistanceScale:1.0]]
[2023.08.29-20.16.31:968][  0]LogConfig: Applying CVar settings from Section [AntiAliasingQuality@3] File [C:/Users/luker/Desktop/github/Fall2023MDIA422/BaseSample/Saved/Config/Windows/Scalability.ini]
[2023.08.29-20.16.31:968][  0]LogConfig: Setting CVar [[r.PostProcessAAQuality:4]]
[2023.08.29-20.16.31:968][  0]LogConfig: Applying CVar settings from Section [ShadowQuality@3] File [C:/Users/luker/Desktop/github/Fall2023MDIA422/BaseSample/Saved/Config/Windows/Scalability.ini]
[2023.08.29-20.16.31:968][  0]LogConfig: Setting CVar [[r.LightFunctionQuality:1]]
[2023.08.29-20.16.31:968][  0]LogConfig: Setting CVar [[r.ShadowQuality:5]]
[2023.08.29-20.16.31:968][  0]LogConfig: Setting CVar [[r.Shadow.CSM.MaxCascades:10]]
[2023.08.29-20.16.31:968][  0]LogConfig: Setting CVar [[r.Shadow.MaxResolution:2048]]
[2023.08.29-20.16.31:968][  0]LogConfig: Setting CVar [[r.Shadow.MaxCSMResolution:2048]]
[2023.08.29-20.16.31:968][  0]LogConfig: Setting CVar [[r.Shadow.RadiusThreshold:0.01]]
[2023.08.29-20.16.31:968][  0]LogConfig: Setting CVar [[r.Shadow.DistanceScale:1.0]]
[2023.08.29-20.16.31:968][  0]LogConfig: Setting CVar [[r.Shadow.CSM.TransitionScale:1.0]]
[2023.08.29-20.16.31:968][  0]LogConfig: Setting CVar [[r.Shadow.PreShadowResolutionFactor:1.0]]
[2023.08.29-20.16.31:968][  0]LogConfig: Setting CVar [[r.DistanceFieldShadowing:1]]
[2023.08.29-20.16.31:968][  0]LogConfig: Setting CVar [[r.DistanceFieldAO:1]]
[2023.08.29-20.16.31:968][  0]LogConfig: Setting CVar [[r.AOQuality:2]]
[2023.08.29-20.16.31:968][  0]LogConfig: Setting CVar [[r.VolumetricFog:1]]
[2023.08.29-20.16.31:968][  0]LogConfig: Setting CVar [[r.VolumetricFog.GridPixelSize:8]]
[2023.08.29-20.16.31:968][  0]LogConfig: Setting CVar [[r.VolumetricFog.GridSizeZ:128]]
[2023.08.29-20.16.31:968][  0]LogConfig: Setting CVar [[r.VolumetricFog.HistoryMissSupersampleCount:4]]
[2023.08.29-20.16.31:968][  0]LogConfig: Setting CVar [[r.LightMaxDrawDistanceScale:1]]
[2023.08.29-20.16.31:968][  0]LogConfig: Setting CVar [[r.CapsuleShadows:1]]
[2023.08.29-20.16.31:968][  0]LogConfig: Applying CVar settings from Section [PostProcessQuality@3] File [C:/Users/luker/Desktop/github/Fall2023MDIA422/BaseSample/Saved/Config/Windows/Scalability.ini]
[2023.08.29-20.16.31:968][  0]LogConfig: Setting CVar [[r.MotionBlurQuality:4]]
[2023.08.29-20.16.31:968][  0]LogConfig: Setting CVar [[r.AmbientOcclusionMipLevelFactor:0.4]]
[2023.08.29-20.16.31:968][  0]LogConfig: Setting CVar [[r.AmbientOcclusionMaxQuality:100]]
[2023.08.29-20.16.31:968][  0]LogConfig: Setting CVar [[r.AmbientOcclusionLevels:-1]]
[2023.08.29-20.16.31:968][  0]LogConfig: Setting CVar [[r.AmbientOcclusionRadiusScale:1.0]]
[2023.08.29-20.16.31:968][  0]LogConfig: Setting CVar [[r.DepthOfFieldQuality:2]]
[2023.08.29-20.16.31:968][  0]LogConfig: Setting CVar [[r.RenderTargetPoolMin:400]]
[2023.08.29-20.16.31:968][  0]LogConfig: Setting CVar [[r.LensFlareQuality:2]]
[2023.08.29-20.16.31:968][  0]LogConfig: Setting CVar [[r.SceneColorFringeQuality:1]]
[2023.08.29-20.16.31:968][  0]LogConfig: Setting CVar [[r.EyeAdaptationQuality:2]]
[2023.08.29-20.16.31:968][  0]LogConfig: Setting CVar [[r.BloomQuality:5]]
[2023.08.29-20.16.31:969][  0]LogConfig: Setting CVar [[r.FastBlurThreshold:100]]
[2023.08.29-20.16.31:969][  0]LogConfig: Setting CVar [[r.Upscale.Quality:3]]
[2023.08.29-20.16.31:969][  0]LogConfig: Setting CVar [[r.Tonemapper.GrainQuantization:1]]
[2023.08.29-20.16.31:969][  0]LogConfig: Setting CVar [[r.LightShaftQuality:1]]
[2023.08.29-20.16.31:969][  0]LogConfig: Setting CVar [[r.Filter.SizeScale:1]]
[2023.08.29-20.16.31:969][  0]LogConfig: Setting CVar [[r.Tonemapper.Quality:5]]
[2023.08.29-20.16.31:969][  0]LogConfig: Setting CVar [[r.DOF.Gather.AccumulatorQuality:1        ; higher gathering accumulator quality]]
[2023.08.29-20.16.31:969][  0]LogConfig: Setting CVar [[r.DOF.Gather.PostfilterMethod:1          ; Median3x3 postfilering method]]
[2023.08.29-20.16.31:969][  0]LogConfig: Setting CVar [[r.DOF.Gather.EnableBokehSettings:0       ; no bokeh simulation when gathering]]
[2023.08.29-20.16.31:969][  0]LogConfig: Setting CVar [[r.DOF.Gather.RingCount:4                 ; medium number of samples when gathering]]
[2023.08.29-20.16.31:969][  0]LogConfig: Setting CVar [[r.DOF.Scatter.ForegroundCompositing:1    ; additive foreground scattering]]
[2023.08.29-20.16.31:969][  0]LogConfig: Setting CVar [[r.DOF.Scatter.BackgroundCompositing:2    ; additive background scattering]]
[2023.08.29-20.16.31:969][  0]LogConfig: Setting CVar [[r.DOF.Scatter.EnableBokehSettings:1      ; bokeh simulation when scattering]]
[2023.08.29-20.16.31:969][  0]LogConfig: Setting CVar [[r.DOF.Scatter.MaxSpriteRatio:0.1         ; only a maximum of 10% of scattered bokeh]]
[2023.08.29-20.16.31:969][  0]LogConfig: Setting CVar [[r.DOF.Recombine.Quality:1                ; cheap slight out of focus]]
[2023.08.29-20.16.31:969][  0]LogConfig: Setting CVar [[r.DOF.Recombine.EnableBokehSettings:0    ; no bokeh simulation on slight out of focus]]
[2023.08.29-20.16.31:969][  0]LogConfig: Setting CVar [[r.DOF.TemporalAAQuality:1                ; more stable temporal accumulation]]
[2023.08.29-20.16.31:969][  0]LogConfig: Setting CVar [[r.DOF.Kernel.MaxForegroundRadius:0.025]]
[2023.08.29-20.16.31:969][  0]LogConfig: Setting CVar [[r.DOF.Kernel.MaxBackgroundRadius:0.025]]
[2023.08.29-20.16.31:969][  0]LogConfig: Applying CVar settings from Section [TextureQuality@3] File [C:/Users/luker/Desktop/github/Fall2023MDIA422/BaseSample/Saved/Config/Windows/Scalability.ini]
[2023.08.29-20.16.31:969][  0]LogConfig: Setting CVar [[r.Streaming.MipBias:0]]
[2023.08.29-20.16.31:969][  0]LogConfig: Setting CVar [[r.Streaming.AmortizeCPUToGPUCopy:0]]
[2023.08.29-20.16.31:969][  0]LogConfig: Setting CVar [[r.Streaming.MaxNumTexturesToStreamPerFrame:0]]
[2023.08.29-20.16.31:969][  0]LogConfig: Setting CVar [[r.Streaming.Boost:1]]
[2023.08.29-20.16.31:969][  0]LogConfig: Setting CVar [[r.MaxAnisotropy:8]]
[2023.08.29-20.16.31:969][  0]LogConfig: Setting CVar [[r.VT.MaxAnisotropy:8]]
[2023.08.29-20.16.31:969][  0]LogConfig: Setting CVar [[r.Streaming.LimitPoolSizeToVRAM:0]]
[2023.08.29-20.16.31:969][  0]LogConfig: Setting CVar [[r.Streaming.PoolSize:1000]]
[2023.08.29-20.16.31:969][  0]LogConfig: Setting CVar [[r.Streaming.MaxEffectiveScreenSize:0]]
[2023.08.29-20.16.31:969][  0]LogConfig: Applying CVar settings from Section [EffectsQuality@3] File [C:/Users/luker/Desktop/github/Fall2023MDIA422/BaseSample/Saved/Config/Windows/Scalability.ini]
[2023.08.29-20.16.31:969][  0]LogConfig: Setting CVar [[r.TranslucencyLightingVolumeDim:64]]
[2023.08.29-20.16.31:969][  0]LogConfig: Setting CVar [[r.RefractionQuality:2]]
[2023.08.29-20.16.31:969][  0]LogConfig: Setting CVar [[r.SSR.Quality:3]]
[2023.08.29-20.16.31:969][  0]LogConfig: Setting CVar [[r.SSR.HalfResSceneColor:0]]
[2023.08.29-20.16.31:969][  0]LogConfig: Setting CVar [[r.SceneColorFormat:4]]
[2023.08.29-20.16.31:969][  0]LogConfig: Setting CVar [[r.DetailMode:2]]
[2023.08.29-20.16.31:969][  0]LogConfig: Setting CVar [[r.TranslucencyVolumeBlur:1]]
[2023.08.29-20.16.31:969][  0]LogConfig: Setting CVar [[r.MaterialQualityLevel:1 ; High quality]]
[2023.08.29-20.16.31:969][  0]LogConfig: Setting CVar [[r.AnisotropicMaterials:1]]
[2023.08.29-20.16.31:969][  0]LogConfig: Setting CVar [[r.SSS.Scale:1]]
[2023.08.29-20.16.31:969][  0]LogConfig: Setting CVar [[r.SSS.SampleSet:2]]
[2023.08.29-20.16.31:969][  0]LogConfig: Setting CVar [[r.SSS.Quality:1]]
[2023.08.29-20.16.31:969][  0]LogConfig: Setting CVar [[r.SSS.HalfRes:0]]
[2023.08.29-20.16.31:969][  0]LogConfig: Setting CVar [[r.SSGI.Quality:3]]
[2023.08.29-20.16.31:969][  0]LogConfig: Setting CVar [[r.EmitterSpawnRateScale:1.0]]
[2023.08.29-20.16.31:969][  0]LogConfig: Setting CVar [[r.ParticleLightQuality:2]]
[2023.08.29-20.16.31:969][  0]LogConfig: Setting CVar [[r.SkyAtmosphere.AerialPerspectiveLUT.FastApplyOnOpaque:1 ; Always have FastSkyLUT 1 in this case to avoid wrong sky]]
[2023.08.29-20.16.31:969][  0]LogConfig: Setting CVar [[r.SkyAtmosphere.AerialPerspectiveLUT.SampleCountMaxPerSlice:4]]
[2023.08.29-20.16.31:969][  0]LogConfig: Setting CVar [[r.SkyAtmosphere.AerialPerspectiveLUT.DepthResolution:16.0]]
[2023.08.29-20.16.31:969][  0]LogConfig: Setting CVar [[r.SkyAtmosphere.FastSkyLUT:1]]
[2023.08.29-20.16.31:969][  0]LogConfig: Setting CVar [[r.SkyAtmosphere.FastSkyLUT.SampleCountMin:4.0]]
[2023.08.29-20.16.31:969][  0]LogConfig: Setting CVar [[r.SkyAtmosphere.FastSkyLUT.SampleCountMax:128.0]]
[2023.08.29-20.16.31:969][  0]LogConfig: Setting CVar [[r.SkyAtmosphere.SampleCountMin:4.0]]
[2023.08.29-20.16.31:969][  0]LogConfig: Setting CVar [[r.SkyAtmosphere.SampleCountMax:128.0]]
[2023.08.29-20.16.31:969][  0]LogConfig: Setting CVar [[r.SkyAtmosphere.TransmittanceLUT.UseSmallFormat:0]]
[2023.08.29-20.16.31:969][  0]LogConfig: Setting CVar [[r.SkyAtmosphere.TransmittanceLUT.SampleCount:10.0]]
[2023.08.29-20.16.31:969][  0]LogConfig: Setting CVar [[r.SkyAtmosphere.MultiScatteringLUT.SampleCount:15.0]]
[2023.08.29-20.16.31:969][  0]LogConfig: Setting CVar [[r.SkyLight.RealTimeReflectionCapture:1]]
[2023.08.29-20.16.31:969][  0]LogConfig: Applying CVar settings from Section [FoliageQuality@3] File [C:/Users/luker/Desktop/github/Fall2023MDIA422/BaseSample/Saved/Config/Windows/Scalability.ini]
[2023.08.29-20.16.31:969][  0]LogConfig: Setting CVar [[foliage.DensityScale:1.0]]
[2023.08.29-20.16.31:969][  0]LogConfig: Setting CVar [[grass.DensityScale:1.0]]
[2023.08.29-20.16.31:969][  0]LogConfig: Applying CVar settings from Section [ShadingQuality@3] File [C:/Users/luker/Desktop/github/Fall2023MDIA422/BaseSample/Saved/Config/Windows/Scalability.ini]
[2023.08.29-20.16.31:969][  0]LogConfig: Setting CVar [[r.HairStrands.SkyLighting.IntegrationType:2]]
[2023.08.29-20.16.31:969][  0]LogConfig: Setting CVar [[r.HairStrands.SkyAO.SampleCount:4]]
[2023.08.29-20.16.31:969][  0]LogConfig: Setting CVar [[r.HairStrands.Visibility.MSAA.SamplePerPixel:4]]
[2023.08.29-20.16.31:969][  0]LogInit: Selected Device Profile: [Windows]
[2023.08.29-20.16.31:969][  0]LogInit: Applying CVar settings loaded from the selected device profile: [Windows]
[2023.08.29-20.16.31:969][  0]LogHAL: Display: Platform has ~ 16 GB [17034801152 / 17179869184 / 16], which maps to Larger [LargestMinGB=32, LargerMinGB=12, DefaultMinGB=8, SmallerMinGB=6, SmallestMinGB=0)
[2023.08.29-20.16.31:969][  0]LogInit: Going up to parent DeviceProfile []
[2023.08.29-20.16.31:969][  0]LogConfig: Applying CVar settings from Section [ViewDistanceQuality@3] File [C:/Users/luker/Desktop/github/Fall2023MDIA422/BaseSample/Saved/Config/Windows/Scalability.ini]
[2023.08.29-20.16.31:969][  0]LogConfig: Setting CVar [[r.SkeletalMeshLODBias:0]]
[2023.08.29-20.16.31:970][  0]LogConfig: Setting CVar [[r.ViewDistanceScale:1.0]]
[2023.08.29-20.16.31:970][  0]LogConfig: Applying CVar settings from Section [AntiAliasingQuality@3] File [C:/Users/luker/Desktop/github/Fall2023MDIA422/BaseSample/Saved/Config/Windows/Scalability.ini]
[2023.08.29-20.16.31:970][  0]LogConfig: Setting CVar [[r.PostProcessAAQuality:4]]
[2023.08.29-20.16.31:970][  0]LogConfig: Applying CVar settings from Section [ShadowQuality@3] File [C:/Users/luker/Desktop/github/Fall2023MDIA422/BaseSample/Saved/Config/Windows/Scalability.ini]
[2023.08.29-20.16.31:970][  0]LogConfig: Setting CVar [[r.LightFunctionQuality:1]]
[2023.08.29-20.16.31:970][  0]LogConfig: Setting CVar [[r.ShadowQuality:5]]
[2023.08.29-20.16.31:970][  0]LogConfig: Setting CVar [[r.Shadow.CSM.MaxCascades:10]]
[2023.08.29-20.16.31:970][  0]LogConfig: Setting CVar [[r.Shadow.MaxResolution:2048]]
[2023.08.29-20.16.31:970][  0]LogConfig: Setting CVar [[r.Shadow.MaxCSMResolution:2048]]
[2023.08.29-20.16.31:970][  0]LogConfig: Setting CVar [[r.Shadow.RadiusThreshold:0.01]]
[2023.08.29-20.16.31:970][  0]LogConfig: Setting CVar [[r.Shadow.DistanceScale:1.0]]
[2023.08.29-20.16.31:970][  0]LogConfig: Setting CVar [[r.Shadow.CSM.TransitionScale:1.0]]
[2023.08.29-20.16.31:970][  0]LogConfig: Setting CVar [[r.Shadow.PreShadowResolutionFactor:1.0]]
[2023.08.29-20.16.31:970][  0]LogConfig: Setting CVar [[r.DistanceFieldShadowing:1]]
[2023.08.29-20.16.31:970][  0]LogConfig: Setting CVar [[r.DistanceFieldAO:1]]
[2023.08.29-20.16.31:970][  0]LogConfig: Setting CVar [[r.AOQuality:2]]
[2023.08.29-20.16.31:970][  0]LogConfig: Setting CVar [[r.VolumetricFog:1]]
[2023.08.29-20.16.31:970][  0]LogConfig: Setting CVar [[r.VolumetricFog.GridPixelSize:8]]
[2023.08.29-20.16.31:970][  0]LogConfig: Setting CVar [[r.VolumetricFog.GridSizeZ:128]]
[2023.08.29-20.16.31:970][  0]LogConfig: Setting CVar [[r.VolumetricFog.HistoryMissSupersampleCount:4]]
[2023.08.29-20.16.31:970][  0]LogConfig: Setting CVar [[r.LightMaxDrawDistanceScale:1]]
[2023.08.29-20.16.31:970][  0]LogConfig: Setting CVar [[r.CapsuleShadows:1]]
[2023.08.29-20.16.31:970][  0]LogConfig: Applying CVar settings from Section [PostProcessQuality@3] File [C:/Users/luker/Desktop/github/Fall2023MDIA422/BaseSample/Saved/Config/Windows/Scalability.ini]
[2023.08.29-20.16.31:970][  0]LogConfig: Setting CVar [[r.MotionBlurQuality:4]]
[2023.08.29-20.16.31:970][  0]LogConfig: Setting CVar [[r.AmbientOcclusionMipLevelFactor:0.4]]
[2023.08.29-20.16.31:970][  0]LogConfig: Setting CVar [[r.AmbientOcclusionMaxQuality:100]]
[2023.08.29-20.16.31:970][  0]LogConfig: Setting CVar [[r.AmbientOcclusionLevels:-1]]
[2023.08.29-20.16.31:970][  0]LogConfig: Setting CVar [[r.AmbientOcclusionRadiusScale:1.0]]
[2023.08.29-20.16.31:970][  0]LogConfig: Setting CVar [[r.DepthOfFieldQuality:2]]
[2023.08.29-20.16.31:970][  0]LogConfig: Setting CVar [[r.RenderTargetPoolMin:400]]
[2023.08.29-20.16.31:970][  0]LogConfig: Setting CVar [[r.LensFlareQuality:2]]
[2023.08.29-20.16.31:970][  0]LogConfig: Setting CVar [[r.SceneColorFringeQuality:1]]
[2023.08.29-20.16.31:970][  0]LogConfig: Setting CVar [[r.EyeAdaptationQuality:2]]
[2023.08.29-20.16.31:970][  0]LogConfig: Setting CVar [[r.BloomQuality:5]]
[2023.08.29-20.16.31:970][  0]LogConfig: Setting CVar [[r.FastBlurThreshold:100]]
[2023.08.29-20.16.31:970][  0]LogConfig: Setting CVar [[r.Upscale.Quality:3]]
[2023.08.29-20.16.31:970][  0]LogConfig: Setting CVar [[r.Tonemapper.GrainQuantization:1]]
[2023.08.29-20.16.31:970][  0]LogConfig: Setting CVar [[r.LightShaftQuality:1]]
[2023.08.29-20.16.31:970][  0]LogConfig: Setting CVar [[r.Filter.SizeScale:1]]
[2023.08.29-20.16.31:970][  0]LogConfig: Setting CVar [[r.Tonemapper.Quality:5]]
[2023.08.29-20.16.31:970][  0]LogConfig: Setting CVar [[r.DOF.Gather.AccumulatorQuality:1        ; higher gathering accumulator quality]]
[2023.08.29-20.16.31:970][  0]LogConfig: Setting CVar [[r.DOF.Gather.PostfilterMethod:1          ; Median3x3 postfilering method]]
[2023.08.29-20.16.31:970][  0]LogConfig: Setting CVar [[r.DOF.Gather.EnableBokehSettings:0       ; no bokeh simulation when gathering]]
[2023.08.29-20.16.31:970][  0]LogConfig: Setting CVar [[r.DOF.Gather.RingCount:4                 ; medium number of samples when gathering]]
[2023.08.29-20.16.31:970][  0]LogConfig: Setting CVar [[r.DOF.Scatter.ForegroundCompositing:1    ; additive foreground scattering]]
[2023.08.29-20.16.31:970][  0]LogConfig: Setting CVar [[r.DOF.Scatter.BackgroundCompositing:2    ; additive background scattering]]
[2023.08.29-20.16.31:970][  0]LogConfig: Setting CVar [[r.DOF.Scatter.EnableBokehSettings:1      ; bokeh simulation when scattering]]
[2023.08.29-20.16.31:970][  0]LogConfig: Setting CVar [[r.DOF.Scatter.MaxSpriteRatio:0.1         ; only a maximum of 10% of scattered bokeh]]
[2023.08.29-20.16.31:970][  0]LogConfig: Setting CVar [[r.DOF.Recombine.Quality:1                ; cheap slight out of focus]]
[2023.08.29-20.16.31:970][  0]LogConfig: Setting CVar [[r.DOF.Recombine.EnableBokehSettings:0    ; no bokeh simulation on slight out of focus]]
[2023.08.29-20.16.31:970][  0]LogConfig: Setting CVar [[r.DOF.TemporalAAQuality:1                ; more stable temporal accumulation]]
[2023.08.29-20.16.31:970][  0]LogConfig: Setting CVar [[r.DOF.Kernel.MaxForegroundRadius:0.025]]
[2023.08.29-20.16.31:970][  0]LogConfig: Setting CVar [[r.DOF.Kernel.MaxBackgroundRadius:0.025]]
[2023.08.29-20.16.31:970][  0]LogConfig: Applying CVar settings from Section [TextureQuality@3] File [C:/Users/luker/Desktop/github/Fall2023MDIA422/BaseSample/Saved/Config/Windows/Scalability.ini]
[2023.08.29-20.16.31:970][  0]LogConfig: Setting CVar [[r.Streaming.MipBias:0]]
[2023.08.29-20.16.31:970][  0]LogConfig: Setting CVar [[r.Streaming.AmortizeCPUToGPUCopy:0]]
[2023.08.29-20.16.31:970][  0]LogConfig: Setting CVar [[r.Streaming.MaxNumTexturesToStreamPerFrame:0]]
[2023.08.29-20.16.31:970][  0]LogConfig: Setting CVar [[r.Streaming.Boost:1]]
[2023.08.29-20.16.31:970][  0]LogConfig: Setting CVar [[r.MaxAnisotropy:8]]
[2023.08.29-20.16.31:970][  0]LogConfig: Setting CVar [[r.VT.MaxAnisotropy:8]]
[2023.08.29-20.16.31:970][  0]LogConfig: Setting CVar [[r.Streaming.LimitPoolSizeToVRAM:0]]
[2023.08.29-20.16.31:970][  0]LogConfig: Setting CVar [[r.Streaming.PoolSize:1000]]
[2023.08.29-20.16.31:970][  0]LogConfig: Setting CVar [[r.Streaming.MaxEffectiveScreenSize:0]]
[2023.08.29-20.16.31:970][  0]LogConfig: Applying CVar settings from Section [EffectsQuality@3] File [C:/Users/luker/Desktop/github/Fall2023MDIA422/BaseSample/Saved/Config/Windows/Scalability.ini]
[2023.08.29-20.16.31:970][  0]LogConfig: Setting CVar [[r.TranslucencyLightingVolumeDim:64]]
[2023.08.29-20.16.31:970][  0]LogConfig: Setting CVar [[r.RefractionQuality:2]]
[2023.08.29-20.16.31:970][  0]LogConfig: Setting CVar [[r.SSR.Quality:3]]
[2023.08.29-20.16.31:970][  0]LogConfig: Setting CVar [[r.SSR.HalfResSceneColor:0]]
[2023.08.29-20.16.31:970][  0]LogConfig: Setting CVar [[r.SceneColorFormat:4]]
[2023.08.29-20.16.31:970][  0]LogConfig: Setting CVar [[r.DetailMode:2]]
[2023.08.29-20.16.31:970][  0]LogConfig: Setting CVar [[r.TranslucencyVolumeBlur:1]]
[2023.08.29-20.16.31:970][  0]LogConfig: Setting CVar [[r.MaterialQualityLevel:1 ; High quality]]
[2023.08.29-20.16.31:970][  0]LogConfig: Setting CVar [[r.AnisotropicMaterials:1]]
[2023.08.29-20.16.31:970][  0]LogConfig: Setting CVar [[r.SSS.Scale:1]]
[2023.08.29-20.16.31:970][  0]LogConfig: Setting CVar [[r.SSS.SampleSet:2]]
[2023.08.29-20.16.31:970][  0]LogConfig: Setting CVar [[r.SSS.Quality:1]]
[2023.08.29-20.16.31:970][  0]LogConfig: Setting CVar [[r.SSS.HalfRes:0]]
[2023.08.29-20.16.31:970][  0]LogConfig: Setting CVar [[r.SSGI.Quality:3]]
[2023.08.29-20.16.31:970][  0]LogConfig: Setting CVar [[r.EmitterSpawnRateScale:1.0]]
[2023.08.29-20.16.31:970][  0]LogConfig: Setting CVar [[r.ParticleLightQuality:2]]
[2023.08.29-20.16.31:970][  0]LogConfig: Setting CVar [[r.SkyAtmosphere.AerialPerspectiveLUT.FastApplyOnOpaque:1 ; Always have FastSkyLUT 1 in this case to avoid wrong sky]]
[2023.08.29-20.16.31:970][  0]LogConfig: Setting CVar [[r.SkyAtmosphere.AerialPerspectiveLUT.SampleCountMaxPerSlice:4]]
[2023.08.29-20.16.31:970][  0]LogConfig: Setting CVar [[r.SkyAtmosphere.AerialPerspectiveLUT.DepthResolution:16.0]]
[2023.08.29-20.16.31:970][  0]LogConfig: Setting CVar [[r.SkyAtmosphere.FastSkyLUT:1]]
[2023.08.29-20.16.31:970][  0]LogConfig: Setting CVar [[r.SkyAtmosphere.FastSkyLUT.SampleCountMin:4.0]]
[2023.08.29-20.16.31:970][  0]LogConfig: Setting CVar [[r.SkyAtmosphere.FastSkyLUT.SampleCountMax:128.0]]
[2023.08.29-20.16.31:970][  0]LogConfig: Setting CVar [[r.SkyAtmosphere.SampleCountMin:4.0]]
[2023.08.29-20.16.31:970][  0]LogConfig: Setting CVar [[r.SkyAtmosphere.SampleCountMax:128.0]]
[2023.08.29-20.16.31:970][  0]LogConfig: Setting CVar [[r.SkyAtmosphere.TransmittanceLUT.UseSmallFormat:0]]
[2023.08.29-20.16.31:970][  0]LogConfig: Setting CVar [[r.SkyAtmosphere.TransmittanceLUT.SampleCount:10.0]]
[2023.08.29-20.16.31:970][  0]LogConfig: Setting CVar [[r.SkyAtmosphere.MultiScatteringLUT.SampleCount:15.0]]
[2023.08.29-20.16.31:970][  0]LogConfig: Setting CVar [[r.SkyLight.RealTimeReflectionCapture:1]]
[2023.08.29-20.16.31:970][  0]LogConfig: Applying CVar settings from Section [FoliageQuality@3] File [C:/Users/luker/Desktop/github/Fall2023MDIA422/BaseSample/Saved/Config/Windows/Scalability.ini]
[2023.08.29-20.16.31:970][  0]LogConfig: Setting CVar [[foliage.DensityScale:1.0]]
[2023.08.29-20.16.31:971][  0]LogConfig: Setting CVar [[grass.DensityScale:1.0]]
[2023.08.29-20.16.31:971][  0]LogConfig: Applying CVar settings from Section [ShadingQuality@3] File [C:/Users/luker/Desktop/github/Fall2023MDIA422/BaseSample/Saved/Config/Windows/Scalability.ini]
[2023.08.29-20.16.31:971][  0]LogConfig: Setting CVar [[r.HairStrands.SkyLighting.IntegrationType:2]]
[2023.08.29-20.16.31:971][  0]LogConfig: Setting CVar [[r.HairStrands.SkyAO.SampleCount:4]]
[2023.08.29-20.16.31:971][  0]LogConfig: Setting CVar [[r.HairStrands.Visibility.MSAA.SamplePerPixel:4]]
[2023.08.29-20.16.31:971][  0]LogConfig: Applying CVar settings from Section [Startup] File [../../../Engine/Config/ConsoleVariables.ini]
[2023.08.29-20.16.31:971][  0]LogConfig: Setting CVar [[net.UseAdaptiveNetUpdateFrequency:0]]
[2023.08.29-20.16.31:971][  0]LogConfig: Setting CVar [[p.chaos.AllowCreatePhysxBodies:1]]
[2023.08.29-20.16.31:971][  0]LogConfig: Setting CVar [[fx.SkipVectorVMBackendOptimizations:1]]
[2023.08.29-20.16.31:971][  0]LogConfig: Applying CVar settings from Section [ConsoleVariables] File [C:/Users/luker/Desktop/github/Fall2023MDIA422/BaseSample/Saved/Config/Windows/Engine.ini]
[2023.08.29-20.16.31:971][  0]LogConfig: Applying CVar settings from Section [ConsoleVariables] File [C:/Users/luker/Desktop/github/Fall2023MDIA422/BaseSample/Saved/Config/Windows/Editor.ini]
[2023.08.29-20.16.31:971][  0]LogInit: Computer: LAPTOP-1K115ELM
[2023.08.29-20.16.31:971][  0]LogInit: User: luker
[2023.08.29-20.16.31:971][  0]LogInit: CPU Page size=4096, Cores=6
[2023.08.29-20.16.31:971][  0]LogInit: High frequency timer resolution =10.000000 MHz
[2023.08.29-20.16.31:971][  0]LogMemory: Memory total: Physical=15.9GB (16GB approx)
[2023.08.29-20.16.31:971][  0]LogMemory: Platform Memory Stats for Windows
[2023.08.29-20.16.31:971][  0]LogMemory: Process Physical Memory: 143.57 MB used, 143.57 MB peak
[2023.08.29-20.16.31:971][  0]LogMemory: Process Virtual Memory: 118.02 MB used, 118.02 MB peak
[2023.08.29-20.16.31:971][  0]LogMemory: Physical Memory: 9946.93 MB used,  6298.72 MB free, 16245.65 MB total
[2023.08.29-20.16.31:971][  0]LogMemory: Virtual Memory: 134203328.00 MB used,  14396.73 MB free, 134217728.00 MB total
[2023.08.29-20.16.31:975][  0]LogWindows: WindowsPlatformFeatures enabled
[2023.08.29-20.16.32:013][  0]LogInit: Physics initialised using underlying interface: PhysX
[2023.08.29-20.16.32:014][  0]LogInit: Using OS detected language (en-US).
[2023.08.29-20.16.32:014][  0]LogInit: Using OS detected locale (en-US).
[2023.08.29-20.16.32:016][  0]LogTextLocalizationManager: No specific localization for 'en-US' exists, so the 'en' localization will be used.
[2023.08.29-20.16.32:222][  0]LogInit: Setting process to per monitor DPI aware
[2023.08.29-20.16.32:235][  0]LogWindowsTextInputMethodSystem: Display: IME system deactivated.
[2023.08.29-20.16.32:246][  0]LogSlate: New Slate User Created.  User Index 0, Is Virtual User: 0
[2023.08.29-20.16.32:246][  0]LogSlate: Slate User Registered.  User Index 0, Is Virtual User: 0
[2023.08.29-20.16.32:376][  0]LogD3D11RHI: Loaded GFSDK_Aftermath_Lib.x64.dll
[2023.08.29-20.16.32:424][  0]LogHMD: Failed to initialize OpenVR with code 110
[2023.08.29-20.16.32:424][  0]LogD3D11RHI: D3D11 min allowed feature level: 11_0
[2023.08.29-20.16.32:424][  0]LogD3D11RHI: D3D11 max allowed feature level: 11_0
[2023.08.29-20.16.32:424][  0]LogD3D11RHI: D3D11 adapters:
[2023.08.29-20.16.32:545][  0]LogD3D11RHI:    0. 'NVIDIA GeForce RTX 2070 with Max-Q Design' (Feature Level 11_0)
[2023.08.29-20.16.32:545][  0]LogD3D11RHI:       8019/0/8122 MB DedicatedVideo/DedicatedSystem/SharedSystem, Outputs:1, VendorId:0x10de
[2023.08.29-20.16.32:602][  0]LogD3D11RHI:    1. 'Intel(R) UHD Graphics' (Feature Level 11_0)
[2023.08.29-20.16.32:602][  0]LogD3D11RHI:       128/0/8122 MB DedicatedVideo/DedicatedSystem/SharedSystem, Outputs:0, VendorId:0x8086
[2023.08.29-20.16.32:605][  0]LogD3D11RHI:    2. 'Microsoft Basic Render Driver' (Feature Level 11_0)
[2023.08.29-20.16.32:605][  0]LogD3D11RHI:       0/0/8122 MB DedicatedVideo/DedicatedSystem/SharedSystem, Outputs:0, VendorId:0x1414
[2023.08.29-20.16.32:605][  0]LogD3D11RHI: Chosen D3D11 Adapter:
[2023.08.29-20.16.32:605][  0]LogD3D11RHI:     Description : NVIDIA GeForce RTX 2070 with Max-Q Design
[2023.08.29-20.16.32:605][  0]LogD3D11RHI:     VendorId    : 10de
[2023.08.29-20.16.32:605][  0]LogD3D11RHI:     DeviceId    : 1f14
[2023.08.29-20.16.32:605][  0]LogD3D11RHI:     SubSysId    : 20111a58
[2023.08.29-20.16.32:605][  0]LogD3D11RHI:     Revision    : 00a1
[2023.08.29-20.16.32:605][  0]LogD3D11RHI:     DedicatedVideoMemory : 8408530944 bytes
[2023.08.29-20.16.32:605][  0]LogD3D11RHI:     DedicatedSystemMemory : 0 bytes
[2023.08.29-20.16.32:605][  0]LogD3D11RHI:     SharedSystemMemory : 8517400576 bytes
[2023.08.29-20.16.32:605][  0]LogD3D11RHI:     AdapterLuid : 0 65344
[2023.08.29-20.16.32:612][  0]LogD3D11RHI: Creating new Direct3DDevice
[2023.08.29-20.16.32:612][  0]LogD3D11RHI:     GPU DeviceId: 0x1f14 (for the marketing name, search the web for "GPU Device Id")
[2023.08.29-20.16.32:612][  0]LogWindows: EnumDisplayDevices:
[2023.08.29-20.16.32:612][  0]LogWindows:    0. 'Intel(R) UHD Graphics' (P:1 D:1)
[2023.08.29-20.16.32:612][  0]LogWindows:    1. 'Intel(R) UHD Graphics' (P:0 D:0)
[2023.08.29-20.16.32:612][  0]LogWindows:    2. 'Intel(R) UHD Graphics' (P:0 D:0)
[2023.08.29-20.16.32:613][  0]LogWindows:    3. 'NVIDIA GeForce RTX 2070 with Max-Q Design' (P:0 D:0)
[2023.08.29-20.16.32:613][  0]LogWindows:    4. 'NVIDIA GeForce RTX 2070 with Max-Q Design' (P:0 D:0)
[2023.08.29-20.16.32:613][  0]LogWindows:    5. 'NVIDIA GeForce RTX 2070 with Max-Q Design' (P:0 D:0)
[2023.08.29-20.16.32:613][  0]LogWindows:    6. 'NVIDIA GeForce RTX 2070 with Max-Q Design' (P:0 D:0)
[2023.08.29-20.16.32:613][  0]LogWindows: DebugString: PrimaryIsNotTheChoosenAdapter PrimaryIsNotTheChoosenAdapter PrimaryIsNotTheChoosenAdapter FoundDriverCount:4 
[2023.08.29-20.16.32:613][  0]LogD3D11RHI:     Adapter Name: NVIDIA GeForce RTX 2070 with Max-Q Design
[2023.08.29-20.16.32:613][  0]LogD3D11RHI:   Driver Version: 527.56 (internal:31.0.15.2756, unified:527.56)
[2023.08.29-20.16.32:613][  0]LogD3D11RHI:      Driver Date: 12-5-2022
[2023.08.29-20.16.32:613][  0]LogRHI: Texture pool is 5613 MB (70% of 8019 MB)
[2023.08.29-20.16.32:613][  0]LogD3D11RHI: Creating D3DDevice using adapter:
[2023.08.29-20.16.32:613][  0]LogD3D11RHI:     Description : NVIDIA GeForce RTX 2070 with Max-Q Design
[2023.08.29-20.16.32:613][  0]LogD3D11RHI:     VendorId    : 10de
[2023.08.29-20.16.32:613][  0]LogD3D11RHI:     DeviceId    : 1f14
[2023.08.29-20.16.32:613][  0]LogD3D11RHI:     SubSysId    : 20111a58
[2023.08.29-20.16.32:613][  0]LogD3D11RHI:     Revision    : 00a1
[2023.08.29-20.16.32:613][  0]LogD3D11RHI:     DedicatedVideoMemory : 8408530944 bytes
[2023.08.29-20.16.32:613][  0]LogD3D11RHI:     DedicatedSystemMemory : 0 bytes
[2023.08.29-20.16.32:613][  0]LogD3D11RHI:     SharedSystemMemory : 8517400576 bytes
[2023.08.29-20.16.32:613][  0]LogD3D11RHI:     AdapterLuid : 0 65344
[2023.08.29-20.16.32:686][  0]LogD3D11RHI: RHI has support for 64 bit atomics
[2023.08.29-20.16.32:686][  0]LogD3D11RHI: Async texture creation enabled
[2023.08.29-20.16.32:686][  0]LogD3D11RHI: Array index from any shader is supported
[2023.08.29-20.16.32:701][  0]LogD3D11RHI: GPU Timing Frequency: 1000.000000 (Debug: 2 1)
[2023.08.29-20.16.32:743][  0]LogRHI: GeForceNow SDK initialized: 1
[2023.08.29-20.16.33:067][  0]LogTargetPlatformManager: Display: Loaded TargetPlatform 'AllDesktop'
[2023.08.29-20.16.33:093][  0]LogTargetPlatformManager: Display: Loaded TargetPlatform 'Android'
[2023.08.29-20.16.33:093][  0]LogTargetPlatformManager: Display: Loaded TargetPlatform 'Android_ASTC'
[2023.08.29-20.16.33:093][  0]LogTargetPlatformManager: Display: Loaded TargetPlatform 'Android_DXT'
[2023.08.29-20.16.33:093][  0]LogTargetPlatformManager: Display: Loaded TargetPlatform 'Android_ETC2'
[2023.08.29-20.16.33:094][  0]LogTargetPlatformManager: Display: Loaded TargetPlatform 'AndroidClient'
[2023.08.29-20.16.33:094][  0]LogTargetPlatformManager: Display: Loaded TargetPlatform 'Android_ASTCClient'
[2023.08.29-20.16.33:094][  0]LogTargetPlatformManager: Display: Loaded TargetPlatform 'Android_DXTClient'
[2023.08.29-20.16.33:094][  0]LogTargetPlatformManager: Display: Loaded TargetPlatform 'Android_ETC2Client'
[2023.08.29-20.16.33:094][  0]LogTargetPlatformManager: Display: Loaded TargetPlatform 'Android_Multi'
[2023.08.29-20.16.33:094][  0]LogTargetPlatformManager: Display: Loaded TargetPlatform 'Android_MultiClient'
[2023.08.29-20.16.33:116][  0]LogTargetPlatformManager: Display: Loaded TargetPlatform 'IOSClient'
[2023.08.29-20.16.33:116][  0]LogTargetPlatformManager: Display: Loaded TargetPlatform 'IOS'
[2023.08.29-20.16.33:127][  0]LogTargetPlatformManager: Display: Loaded TargetPlatform 'Linux'
[2023.08.29-20.16.33:133][  0]LogTargetPlatformManager: Display: Loaded TargetPlatform 'LinuxNoEditor'
[2023.08.29-20.16.33:138][  0]LogTargetPlatformManager: Display: Loaded TargetPlatform 'LinuxClient'
[2023.08.29-20.16.33:143][  0]LogTargetPlatformManager: Display: Loaded TargetPlatform 'LinuxServer'
[2023.08.29-20.16.33:155][  0]LogTargetPlatformManager: Display: Loaded TargetPlatform 'LinuxAArch64NoEditor'
[2023.08.29-20.16.33:161][  0]LogTargetPlatformManager: Display: Loaded TargetPlatform 'LinuxAArch64Client'
[2023.08.29-20.16.33:165][  0]LogTargetPlatformManager: Display: Loaded TargetPlatform 'LinuxAArch64Server'
[2023.08.29-20.16.33:193][  0]LogTargetPlatformManager: Display: Loaded TargetPlatform 'Lumin'
[2023.08.29-20.16.33:193][  0]LogTargetPlatformManager: Display: Loaded TargetPlatform 'LuminClient'
[2023.08.29-20.16.33:203][  0]LogTargetPlatformManager: Display: Loaded TargetPlatform 'MacNoEditor'
[2023.08.29-20.16.33:207][  0]LogTargetPlatformManager: Display: Loaded TargetPlatform 'Mac'
[2023.08.29-20.16.33:212][  0]LogTargetPlatformManager: Display: Loaded TargetPlatform 'MacClient'
[2023.08.29-20.16.33:217][  0]LogTargetPlatformManager: Display: Loaded TargetPlatform 'MacServer'
[2023.08.29-20.16.33:228][  0]LogTargetPlatformManager: Display: Loaded TargetPlatform 'TVOSClient'
[2023.08.29-20.16.33:228][  0]LogTargetPlatformManager: Display: Loaded TargetPlatform 'TVOS'
[2023.08.29-20.16.33:237][  0]LogTargetPlatformManager: Display: Loaded TargetPlatform 'WindowsNoEditor'
[2023.08.29-20.16.33:242][  0]LogTargetPlatformManager: Display: Loaded TargetPlatform 'Windows'
[2023.08.29-20.16.33:246][  0]LogTargetPlatformManager: Display: Loaded TargetPlatform 'WindowsClient'
[2023.08.29-20.16.33:251][  0]LogTargetPlatformManager: Display: Loaded TargetPlatform 'WindowsServer'
[2023.08.29-20.16.33:251][  0]LogTargetPlatformManager: Display: Building Assets For Windows
[2023.08.29-20.16.33:259][  0]LogAudioDebug: Display: Lib vorbis DLL was dynamically loaded.
[2023.08.29-20.16.33:290][  0]LogTextureFormatOodle: Display: Oodle Texture 2.9.0 init RDO Off
[2023.08.29-20.16.33:322][  0]LogRendererCore: Ray tracing is disabled. Reason: r.RayTracing=0.
[2023.08.29-20.16.33:322][  0]LogShaderCompilers: Guid format shader working directory is -25 characters bigger than the processId version (../../../../../../Users/luker/Desktop/github/Fall2023MDIA422/BaseSample/Intermediate/Shaders/WorkingDirectory/2864/).
[2023.08.29-20.16.33:322][  0]LogShaderCompilers: Cleaned the shader compiler working directory 'C:/Users/luker/AppData/Local/Temp/UnrealShaderWorkingDir/13131ACF424FF35C8C92D3A17B33DB02/'.
[2023.08.29-20.16.33:322][  0]LogXGEController: Cannot use XGE Controller as Incredibuild is not installed on this machine.
[2023.08.29-20.16.33:323][  0]LogShaderCompilers: Cannot use XGE Shader Compiler as Incredibuild is not installed on this machine.
[2023.08.29-20.16.33:323][  0]LogShaderCompilers: Display: Using Local Shader Compiler.
[2023.08.29-20.16.34:218][  0]LogDerivedDataCache: Display: Max Cache Size: 512 MB
[2023.08.29-20.16.34:270][  0]LogDerivedDataCache: Loaded boot cache 0.05s 94MB C:/Users/luker/AppData/Local/UnrealEngine/4.27/DerivedDataCache/Boot.ddc.
[2023.08.29-20.16.34:270][  0]LogDerivedDataCache: Display: Loaded Boot cache: C:/Users/luker/AppData/Local/UnrealEngine/4.27/DerivedDataCache/Boot.ddc
[2023.08.29-20.16.34:270][  0]LogDerivedDataCache: FDerivedDataBackendGraph:  Pak pak cache file ../../../../../../Users/luker/Desktop/github/Fall2023MDIA422/BaseSample/DerivedDataCache/DDC.ddp not found, will not use a pak cache.
[2023.08.29-20.16.34:270][  0]LogDerivedDataCache: Unable to find inner node Pak for hierarchical cache Hierarchy.
[2023.08.29-20.16.34:270][  0]LogDerivedDataCache: FDerivedDataBackendGraph:  CompressedPak pak cache file ../../../../../../Users/luker/Desktop/github/Fall2023MDIA422/BaseSample/DerivedDataCache/Compressed.ddp not found, will not use a pak cache.
[2023.08.29-20.16.34:270][  0]LogDerivedDataCache: Unable to find inner node CompressedPak for hierarchical cache Hierarchy.
[2023.08.29-20.16.34:285][  0]LogDerivedDataCache: Display: Pak cache opened for reading ../../../Engine/DerivedDataCache/Compressed.ddp.
[2023.08.29-20.16.34:285][  0]LogDerivedDataCache: FDerivedDataBackendGraph:  EnterprisePak pak cache file ../../../Enterprise/DerivedDataCache/Compressed.ddp not found, will not use a pak cache.
[2023.08.29-20.16.34:285][  0]LogDerivedDataCache: Unable to find inner node EnterprisePak for hierarchical cache Hierarchy.
[2023.08.29-20.16.34:296][  0]LogDerivedDataCache: Speed tests for C:/Users/luker/AppData/Local/UnrealEngine/Common/DerivedDataCache took 0.01 seconds
[2023.08.29-20.16.34:296][  0]LogDerivedDataCache: Display: Performance to C:/Users/luker/AppData/Local/UnrealEngine/Common/DerivedDataCache: Latency=0.02ms. RandomReadSpeed=1626.75MBs, RandomWriteSpeed=97.73MBs. Assigned SpeedClass 'Local'
[2023.08.29-20.16.34:297][  0]LogDerivedDataCache: Using Local data cache path C:/Users/luker/AppData/Local/UnrealEngine/Common/DerivedDataCache: Writable
[2023.08.29-20.16.34:297][  0]LogDerivedDataCache: Shared data cache path not found in *engine.ini, will not use an Shared cache.
[2023.08.29-20.16.34:297][  0]LogDerivedDataCache: Unable to find inner node Shared for hierarchical cache Hierarchy.
[2023.08.29-20.16.34:361][  0]LogSlate: Using FreeType 2.10.0
[2023.08.29-20.16.34:361][  0]LogSlate: SlateFontServices - WITH_FREETYPE: 1, WITH_HARFBUZZ: 1
[2023.08.29-20.16.34:387][  0]LogAssetRegistry: FAssetRegistry took 0.0025 seconds to start up
[2023.08.29-20.16.34:641][  0]LogInit: Selected Device Profile: [Windows]
[2023.08.29-20.16.34:641][  0]LogInit: Active device profile: [000001FC09D2E900][000001FC00D4D140 49] Windows
[2023.08.29-20.16.34:641][  0]LogInit: Profiles: [000001FC09D2E900][000001FC00D4D140 49] Windows, [000001FC09CED900][000001FC07FAB2C0 49] WindowsNoEditor, [000001FC09D2D900][000001FC00D49440 49] WindowsServer, [000001FC09CED300][000001FC00D395C0 49] WindowsClient, [000001FC09D2D200][000001FC01149740 49] IOS, [000001FC09CEFB00][000001FC093BB8C0 49] iPadAir, [000001FC09D2FE00][000001FC07F57A40 49] iPadAir2, [000001FC09C9E900][000001FC0A7CC180 49] IPadPro, [000001FC09C9EA00][000001FC0A7C81C0 49] iPadAir3, [000001FC09D2C100][000001FC005CC340 49] iPadAir4, [000001FC09C9F400][000001FC005D04C0 49] iPadMini2, [000001FC09D2F400][000001FC0ABAE640 49] iPadMini3, [000001FC09C9D900][000001FC0ABB27C0 49] iPadMini4, [000001FC09D2DE00][000001FC0ABB6940 49] iPadMini5, [000001FC09CE2200][000001FC0ABBAB80 49] iPhone6, [000001FC09CE2300][000001FC07D8CBC0 49] iPodTouch6, [000001FC09C9DF00][000001FC0ABC6E40 49] iPhone7, [000001FC09C9E000][000001FC0ABBEE80 49] iPodTouch7, [000001FC09CE2C00][000001FC0ABCB000 49] iPhone5S, [000001FC09C9CA00][000001FC0ABCF180 49] iPhone6Plus, [000001FC09CE1B00][000001FC0ABD3300 49] iPhone6S, [000001FC09C9EF00][000001FC0ABD7480 49] iPhone6SPlus, [000001FC09CE1600][000001FC0ABDB600 49] iPhone7Plus, [000001FC09C9E600][000001FC010C3780 49] iPhoneSE, [000001FC09CE2400][000001FC010C7900 49] iPhone8, [000001FC09C9E500][000001FC010CBA80 49] iPhone8Plus, [000001FC09CE1700][000001FC010CFC00 49] iPhoneX, [000001FC09C9D300][000001FC010D2200 49] iPhoneXS, [000001FC09CE1800][000001FC010D6380 49] iPhoneXSMax, [000001FC09C9CC00][000001FC010DA500 49] iPhoneXR, [000001FC09CE1C00][000001FC010DE680 49] iPhone11, [000001FC09C9ED00][000001FC010E2800 49] iPhone11Pro, [000001FC09CE1100][000001FC010E6980 49] iPhone11ProMax, [000001FC09C9D600][000001FC010EAB00 49] iPhoneSE2, [000001FC09CE3600][000001FC0ABC2C40 49] iPhone12Mini, [000001FC09C9C100][000001FC010EED80 49] iPhone12, [000001FC09CE0C00][000001FC010F2EC0 49] iPhone12Pro, [000001FC09C9FA00][000001FC010FB040 49] iPhone12ProMax, [000001FC09CE0600][000001FC010FF1C0 49] iPadPro105, [000001FC09C9D400][000001FC01103340 49] iPadPro129, [000001FC09CE0700][000001FC011074C0 49] iPadPro97, [000001FC09C9E200][000001FC0110B640 49] iPadPro2_129, [000001FC09CE1500][000001FC0110F7C0 49] iPad5, [000001FC09C9C600][000001FC01113940 49] iPad6, [000001FC09CE1900][000001FC01117AC0 49] iPad7, [000001FC09C9EB00][000001FC0111A0C0 49] iPad8, [000001FC09CE2A00][000001FC0111E240 49] iPadPro11, [000001FC09C9FF00][000001FC011223C0 49] iPadPro2_11, [000001FC09CE2000][000001FC01126540 49] iPadPro3_129, [000001FC09CEED00][000001FC0112A6C0 49] iPadPro4_129, [000001FC09D7D200][000001FC0112E840 49] AppleTV, [000001FC09CEDE00][000001FC0A3D09C0 49] AppleTV4K, [000001FC09D7CB00][000001FC0A3D4B40 49] TVOS, [000001FC09CED700][000001FC0A3D8CC0 49] Mac, [000001FC09D7D000][000001FC010F6E00 49] MacClient, [000001FC09CECC00][000001FC0A3DCF40 49] MacNoEditor, [000001FC09D7DB00][000001FC0A3E1080 49] MacServer, [000001FC09CEE400][000001FC0A3E51C0 49] Linux, [000001FC09D7CD00][000001FC0A3ED340 49] LinuxAArch64, [000001FC09CEC400][000001FC0A3F14C0 49] LinuxNoEditor, [000001FC09D7D700][000001FC0A3F5640 49] LinuxAArch64NoEditor, [000001FC09CE0A00][000001FC0A3F97C0 49] LinuxClient, [000001FC09C9E400][000001FC0A3FD940 49] LinuxAArch64Client, [000001FC09CE0400][000001FC0A401AC0 49] LinuxServer, [000001FC09C9D500][000001FC0A4040C0 49] LinuxAArch64Server, [000001FC09CE2D00][000001FC0A408240 49] Android, [000001FC09C9D800][000001FC0A40C3C0 49] Android_Low, [000001FC09CE3900][000001FC0A410540 49] Android_Mid, [000001FC09C9FB00][000001FC0A4146C0 49] Android_High, [000001FC09CE2700][000001FC0A418840 49] Android_Default, [000001FC09C9E700][000001FC0A41C9C0 49] Android_Adreno4xx, [000001FC09CE3300][000001FC0A420B40 49] Android_Adreno5xx_Low, [000001FC09C9DA00][000001FC0A424CC0 49] Android_Adreno5xx, [000001FC09CE3200][000001FC0A428E40 49] Android_Adreno6xx, [000001FC09C9F800][000001FC0A3E8F80 49] Android_Adreno6xx_Vulkan, [000001FC09CE1E00][000001FC0A42D0C0 49] Android_Mali_T6xx, [000001FC09C9F900][000001FC0A431200 49] Android_Mali_T7xx, [000001FC09CE3500][000001FC0A435340 49] Android_Mali_T8xx, [000001FC09C9F700][000001FC0A43D4C0 49] Android_Mali_G71, [000001FC09CE2900][000001FC0A441640 49] Android_Mali_G72, [000001FC09C9FC00][000001FC0A4457C0 49] Android_Mali_G72_Vulkan, [000001FC09CE1F00][000001FC0A449940 49] Android_Mali_G76, [000001FC09D7D600][000001FC0A44DAC0 49] Android_Mali_G76_Vulkan, [000001FC09CE0300][000001FC0A4500C0 49] Android_Mali_G77, [000001FC09D7C700][000001FC0A454240 49] Android_Mali_G77_Vulkan, [000001FC09CE2500][000001FC0A4583C0 49] Android_Mali_G78, [000001FC09C9F100][000001FC0A45C540 49] Android_Mali_G78_Vulkan, [000001FC09CE2600][000001FC0A4606C0 49] Android_Mali_G710, [000001FC09C9F300][000001FC0A464840 49] Android_Mali_G710_Vulkan, [000001FC09CE0E00][000001FC0A4689C0 49] Android_Vulkan_SM5, [000001FC09C9EE00][000001FC0A46CB40 49] Android_PowerVR_G6xxx, [000001FC09CE2B00][000001FC0A470CC0 49] Android_PowerVR_GT7xxx, [000001FC09C9C300][000001FC0A474E40 49] Android_PowerVR_GE8xxx, [000001FC09CE3000][000001FC0A478FC0 49] Android_PowerVR_GM9xxx, [000001FC09C9DD00][000001FC0A47D140 49] Android_PowerVR_GM9xxx_Vulkan, [000001FC09CE1400][000001FC0A439280 49] Android_TegraK1, [000001FC09C9C400][000001FC0A4813C0 49] Android_Unknown_Vulkan, [000001FC09CE3E00][000001FC0A485500 49] Lumin, [000001FC09C9F600][000001FC0A48D680 49] Lumin_Desktop, [000001FC09CE0B00][000001FC0A491800 49] HoloLens, 
[2023.08.29-20.16.34:770][  0]LogMeshReduction: Using QuadricMeshReduction for automatic static mesh reduction
[2023.08.29-20.16.34:770][  0]LogMeshReduction: Using SimplygonMeshReduction for automatic skeletal mesh reduction
[2023.08.29-20.16.34:770][  0]LogMeshReduction: Using ProxyLODMeshReduction for automatic mesh merging
[2023.08.29-20.16.34:770][  0]LogMeshReduction: No distributed automatic mesh merging module available
[2023.08.29-20.16.34:770][  0]LogMeshMerging: No distributed automatic mesh merging module available
[2023.08.29-20.16.34:782][  0]LogNetVersion: BaseSample 1.0.0, NetCL: 17155196, EngineNetVer: 17, GameNetVer: 0 (Checksum: 2954756313)
[2023.08.29-20.16.35:147][  0]LogTexture: Default maximum texture size for cubemaps generated from long-lat sources has been changed from 512 to unlimited. In order to preserve old behaiour for '/Engine/MapTemplates/Sky/DaylightAmbientCubemap.DaylightAmbientCubemap', its maximum texture size has been explicitly set to 512.
[2023.08.29-20.16.35:199][  0]LogHMD: PokeAHoleMaterial loaded successfully
[2023.08.29-20.16.35:205][  0]LogUObjectArray: 17178 objects as part of root set at end of initial load.
[2023.08.29-20.16.35:205][  0]LogUObjectAllocator: 4302048 out of 0 bytes used by permanent object pool.
[2023.08.29-20.16.35:205][  0]LogUObjectArray: CloseDisregardForGC: 0/0 objects in disregard for GC pool
[2023.08.29-20.16.35:470][  0]LogNiagaraDebuggerClient: Niagara Debugger Client Initialized | Session: 1070690444A707B687F72DB7F125F5DD | Instance: DBEA0DA04786096505AC159E0A0984B6 (LAPTOP-1K115ELM-2864).
[2023.08.29-20.16.35:513][  0]LogPython: Using Python 3.7.7
[2023.08.29-20.16.36:080][  0]LogTcpMessaging: Initializing TcpMessaging bridge
[2023.08.29-20.16.36:084][  0]LogUdpMessaging: Initializing bridge on interface 0.0.0.0:0 to multicast group 230.0.0.1:6666.
[2023.08.29-20.16.36:435][  0]SourceControl: Source control is disabled
[2023.08.29-20.16.36:435][  0]SourceControl: Source control is disabled
[2023.08.29-20.16.36:438][  0]SourceControl: Source control is disabled
[2023.08.29-20.16.36:441][  0]SourceControl: Source control is disabled
[2023.08.29-20.16.36:448][  0]SourceControl: Source control is disabled
[2023.08.29-20.16.36:455][  0]LogUProjectInfo: Found projects:
[2023.08.29-20.16.36:604][  0]LogOpenImageDenoise: OIDN starting up
[2023.08.29-20.16.36:631][  0]LogAndroidPermission: UAndroidPermissionCallbackProxy::GetInstance
[2023.08.29-20.16.36:682][  0]LogAudioCaptureCore: Display: No Audio Capture implementations found. Audio input will be silent.
[2023.08.29-20.16.36:682][  0]LogAudioCaptureCore: Display: No Audio Capture implementations found. Audio input will be silent.
[2023.08.29-20.16.36:775][  0]LogCollectionManager: Loaded 0 collections in 0.001716 seconds
[2023.08.29-20.16.36:798][  0]LogFileCache: Scanning file cache for directory 'C:/Users/luker/Desktop/github/Fall2023MDIA422/BaseSample/Saved/Collections/' took 0.00s
[2023.08.29-20.16.36:798][  0]LogFileCache: Scanning file cache for directory 'C:/Users/luker/Desktop/github/Fall2023MDIA422/BaseSample/Content/Developers/luker/Collections/' took 0.00s
[2023.08.29-20.16.36:798][  0]LogFileCache: Scanning file cache for directory 'C:/Users/luker/Desktop/github/Fall2023MDIA422/BaseSample/Content/Collections/' took 0.00s
[2023.08.29-20.16.36:798][  0]LogOcInput: OculusInput pre-init called
[2023.08.29-20.16.37:038][  0]LogEngine: Initializing Engine...
[2023.08.29-20.16.37:041][  0]LogHMD: Failed to enumerate extensions. Please check that you have a valid OpenXR runtime installed.
[2023.08.29-20.16.37:041][  0]LogHMD: Failed to initialize OpenVR with code 110
[2023.08.29-20.16.37:041][  0]LogMagicLeap: Warning: VR disabled because ZI is not enabled.  To enable, in the editor, Edit -> Project Settings -> Plugins -> Magic Leap Plugin -> Enable Zero Iteration
[2023.08.29-20.16.37:042][  0]LogStats: UGameplayTagsManager::InitializeManager -  0.000 s
[2023.08.29-20.16.37:163][  0]LogInit: Initializing FReadOnlyCVARCache
[2023.08.29-20.16.37:170][  0]LogAIModule: Creating AISystem for world Untitled
[2023.08.29-20.16.37:178][  0]LogAudio: Display: Initializing Audio Device Manager...
[2023.08.29-20.16.37:181][  0]LogAudio: Display: Loading Default Audio Settings Objects...
[2023.08.29-20.16.37:182][  0]LogAudio: Display: No default SoundConcurrencyObject specified (or failed to load).
[2023.08.29-20.16.37:182][  0]LogAudio: Display: Audio Device Manager Initialized
[2023.08.29-20.16.37:182][  0]LogAudio: Display: Creating Audio Device:                 Id: 1, Scope: Shared, Realtime: True
[2023.08.29-20.16.37:182][  0]LogAudioMixer: Display: Audio Mixer Platform Settings:
[2023.08.29-20.16.37:182][  0]LogAudioMixer: Display: 	Sample Rate:						  48000
[2023.08.29-20.16.37:182][  0]LogAudioMixer: Display: 	Callback Buffer Frame Size Requested: 1024
[2023.08.29-20.16.37:182][  0]LogAudioMixer: Display: 	Callback Buffer Frame Size To Use:	  1024
[2023.08.29-20.16.37:182][  0]LogAudioMixer: Display: 	Number of buffers to queue:			  2
[2023.08.29-20.16.37:182][  0]LogAudioMixer: Display: 	Max Channels (voices):				  32
[2023.08.29-20.16.37:182][  0]LogAudioMixer: Display: 	Number of Async Source Workers:		  0
[2023.08.29-20.16.37:182][  0]LogAudio: Display: AudioDevice MaxSources: 32
[2023.08.29-20.16.37:183][  0]LogAudio: Display: Audio Spatialization Plugin: None (built-in).
[2023.08.29-20.16.37:183][  0]LogAudio: Display: Audio Reverb Plugin: None (built-in).
[2023.08.29-20.16.37:183][  0]LogAudio: Display: Audio Occlusion Plugin: None (built-in).
[2023.08.29-20.16.37:183][  0]LogAudioMixer: Display: Initializing audio mixer.
[2023.08.29-20.16.37:197][  0]LogAudioMixer: Display: 0: FrontLeft
[2023.08.29-20.16.37:197][  0]LogAudioMixer: Display: 1: FrontRight
[2023.08.29-20.16.37:680][  0]LogAudioMixer: Display: Using Audio Device Speakers (Realtek(R) Audio)
[2023.08.29-20.16.37:682][  0]LogAudioMixer: Display: Initializing Sound Submixes...
[2023.08.29-20.16.37:684][  0]LogAudioMixer: Display: Creating Master Submix 'MasterSubmixDefault'
[2023.08.29-20.16.37:684][  0]LogAudioMixer: Display: Creating Master Submix 'MasterReverbSubmixDefault'
[2023.08.29-20.16.37:685][  0]LogAudioMixer: Display: Creating Master Submix 'MasterEQSubmixDefault'
[2023.08.29-20.16.37:685][  0]LogAudioMixer: FMixerPlatformXAudio2::StartAudioStream() called
[2023.08.29-20.16.37:685][  0]LogAudioMixer: Display: Output buffers initialized: Frames=1024, Channels=2, Samples=2048
[2023.08.29-20.16.37:686][  0]LogAudioMixer: Display: Starting AudioMixerPlatformInterface::RunInternal()
[2023.08.29-20.16.37:686][  0]LogAudioMixer: Display: FMixerPlatformXAudio2::SubmitBuffer() called for the first time
[2023.08.29-20.16.37:686][  0]LogInit: FAudioDevice initialized.
[2023.08.29-20.16.37:686][  0]LogAudio: Display: Audio Device (ID: 1) registered with world 'Untitled'.
[2023.08.29-20.16.37:686][  0]LogNetVersion: Set ProjectVersion to 1.0.0.0. Version Checksum will be recalculated on next use.
[2023.08.29-20.16.37:735][  0]LogDerivedDataCache: Saved boot cache 0.05s 94MB C:/Users/luker/AppData/Local/UnrealEngine/4.27/DerivedDataCache/Boot.ddc.
[2023.08.29-20.16.37:735][  0]LogInit: Texture streaming: Enabled
[2023.08.29-20.16.37:746][  0]LogAnalytics: Display: [UEEditor.Rocket.Release] APIServer = https://datarouter.ol.epicgames.com/. AppVersion = 4.27.2-18319896+++UE4+Release-4.27
[2023.08.29-20.16.37:750][  0]LogEngineSessionManager: EngineSessionManager initialized
[2023.08.29-20.16.37:750][  0]LogEditorSessionSummary: Verbose: Initializing EditorSessionSummaryWriter for editor session tracking
[2023.08.29-20.16.37:751][  0]LogEditorSessionSummary: EditorSessionSummaryWriter initialized
[2023.08.29-20.16.37:776][  0]LogInit: Transaction tracking system initialized
[2023.08.29-20.16.37:798][  0]BlueprintLog: New page: Editor Load
[2023.08.29-20.16.37:858][  0]LocalizationService: Localization service is disabled
[2023.08.29-20.16.37:882][  0]TimingProfiler: Initialize
[2023.08.29-20.16.37:882][  0]TimingProfiler: OnSessionChanged
[2023.08.29-20.16.37:882][  0]LoadingProfiler: Initialize
[2023.08.29-20.16.37:882][  0]LoadingProfiler: OnSessionChanged
[2023.08.29-20.16.37:882][  0]NetworkingProfiler: Initialize
[2023.08.29-20.16.37:882][  0]NetworkingProfiler: OnSessionChanged
[2023.08.29-20.16.37:882][  0]MemoryProfiler: Initialize
[2023.08.29-20.16.37:882][  0]MemoryProfiler: OnSessionChanged
[2023.08.29-20.16.38:020][  0]LogCook: Display: CookSettings for Memory: MemoryMaxUsedVirtual 0MiB, MemoryMaxUsedPhysical 16384MiB, MemoryMinFreeVirtual 0MiB, MemoryMinFreePhysical 1024MiB
[2023.08.29-20.16.38:020][  0]LogCook: Display: Mobile HDR setting 1
[2023.08.29-20.16.38:207][  0]LogFileCache: Scanning file cache for directory 'C:/Users/luker/Desktop/github/Fall2023MDIA422/BaseSample/Content/' took 0.00s
[2023.08.29-20.16.38:403][  0]LogInit: Display: Engine is initialized. Leaving FEngineLoop::Init()
[2023.08.29-20.16.38:406][  0]SourceControl: Source control is disabled
[2023.08.29-20.16.38:406][  0]LogUnrealEdMisc: Loading editor; pre map load, took 7.661
[2023.08.29-20.16.38:406][  0]Cmd: MAP LOAD FILE="../../../../../../Users/luker/Desktop/github/Fall2023MDIA422/BaseSample/Content/ThirdPersonBP/Maps/ThirdPersonExampleMap.umap" TEMPLATE=0 SHOWPROGRESS=1 FEATURELEVEL=3
[2023.08.29-20.16.38:406][  0]LightingResults: New page: Lighting Build
[2023.08.29-20.16.38:408][  0]LogWorld: UWorld::CleanupWorld for Untitled, bSessionEnded=true, bCleanupResources=true
[2023.08.29-20.16.38:408][  0]LogSlate: InvalidateAllWidgets triggered.  All widgets were invalidated
[2023.08.29-20.16.38:409][  0]MapCheck: New page: Map Check
[2023.08.29-20.16.38:409][  0]LightingResults: New page: Lighting Build
[2023.08.29-20.16.38:415][  0]LogAudio: Display: Audio Device unregistered from world 'None'.
[2023.08.29-20.16.38:418][  0]LogUObjectHash: Compacting FUObjectHashTables data took   0.90ms
[2023.08.29-20.16.38:705][  0]LogAudio: Display: Audio Device (ID: 1) registered with world 'ThirdPersonExampleMap'.
[2023.08.29-20.16.38:706][  0]LogAIModule: Creating AISystem for world ThirdPersonExampleMap
[2023.08.29-20.16.38:713][  0]LogEditorServer: Finished looking for orphan Actors (0.000 secs)
[2023.08.29-20.16.38:722][  0]LogUObjectHash: Compacting FUObjectHashTables data took   1.45ms
[2023.08.29-20.16.38:722][  0]Cmd: MAP CHECKDEP NOCLEARLOG
[2023.08.29-20.16.38:723][  0]MapCheck: Map check complete: 0 Error(s), 0 Warning(s), took 0.127ms to complete.
[2023.08.29-20.16.38:723][  0]LogFileHelpers: Loading map 'ThirdPersonExampleMap' took 0.317
[2023.08.29-20.16.38:724][  0]LogUnrealEdMisc: Total Editor Startup Time, took 7.979
[2023.08.29-20.16.38:860][  0]LogSlate: Updating window title bar state: overlay mode, drag disabled, window buttons hidden, title bar hidden
[2023.08.29-20.16.38:867][  0]LogSlate: Updating window title bar state: overlay mode, drag disabled, window buttons hidden, title bar hidden
[2023.08.29-20.16.38:875][  0]LogSlate: Updating window title bar state: overlay mode, drag disabled, window buttons hidden, title bar hidden
[2023.08.29-20.16.38:882][  0]LogSlate: Updating window title bar state: overlay mode, drag disabled, window buttons hidden, title bar hidden
[2023.08.29-20.16.38:900][  0]LogNativeClassHierarchy: Verbose: Native class hierarchy populated in 0.0123 seconds. Added 3822 classes and 928 folders.
[2023.08.29-20.16.38:903][  0]LogNativeClassHierarchy: Verbose: Native class hierarchy updated for 'WidgetCarousel' in 0.0003 seconds. Added 0 classes and 0 folders.
[2023.08.29-20.16.38:904][  0]LogPakFile: PakFile PrimaryIndexSize=187
[2023.08.29-20.16.38:904][  0]LogPakFile: PakFile PathHashIndexSize=101
[2023.08.29-20.16.38:904][  0]LogPakFile: PakFile FullDirectoryIndexSize=148
[2023.08.29-20.16.38:904][  0]LogShaderLibrary: Display: ShaderCodeLibraryPakFileMountedCallback: PakFile 'C:/Program Files/Epic Games/UE_4.27/FeaturePacks/FP_FirstPerson.upack' (chunk index -1, root 'root:/') mounted
[2023.08.29-20.16.38:904][  0]LogShaderLibrary: Display: ShaderCodeLibraryPakFileMountedCallback: pending pak file info (ChunkID:-1 Root:root:/ File:C:/Program Files/Epic Games/UE_4.27/FeaturePacks/FP_FirstPerson.upack)
[2023.08.29-20.16.38:904][  0]LogPakFile: OnPakFileMounted2Time == 0.000056
[2023.08.29-20.16.38:905][  0]LogPakFile: PakFile PrimaryIndexSize=189
[2023.08.29-20.16.38:905][  0]LogPakFile: PakFile PathHashIndexSize=101
[2023.08.29-20.16.38:905][  0]LogPakFile: PakFile FullDirectoryIndexSize=152
[2023.08.29-20.16.38:905][  0]LogShaderLibrary: Display: ShaderCodeLibraryPakFileMountedCallback: PakFile 'C:/Program Files/Epic Games/UE_4.27/FeaturePacks/FP_FirstPersonBP.upack' (chunk index -1, root 'root:/') mounted
[2023.08.29-20.16.38:905][  0]LogShaderLibrary: Display: ShaderCodeLibraryPakFileMountedCallback: pending pak file info (ChunkID:-1 Root:root:/ File:C:/Program Files/Epic Games/UE_4.27/FeaturePacks/FP_FirstPersonBP.upack)
[2023.08.29-20.16.38:905][  0]LogPakFile: OnPakFileMounted2Time == 0.000040
[2023.08.29-20.16.38:905][  0]LogPakFile: PakFile PrimaryIndexSize=191
[2023.08.29-20.16.38:905][  0]LogPakFile: PakFile PathHashIndexSize=101
[2023.08.29-20.16.38:905][  0]LogPakFile: PakFile FullDirectoryIndexSize=160
[2023.08.29-20.16.38:905][  0]LogShaderLibrary: Display: ShaderCodeLibraryPakFileMountedCallback: PakFile 'C:/Program Files/Epic Games/UE_4.27/FeaturePacks/MobileStarterContent.upack' (chunk index -1, root 'root:/') mounted
[2023.08.29-20.16.38:905][  0]LogShaderLibrary: Display: ShaderCodeLibraryPakFileMountedCallback: pending pak file info (ChunkID:-1 Root:root:/ File:C:/Program Files/Epic Games/UE_4.27/FeaturePacks/MobileStarterContent.upack)
[2023.08.29-20.16.38:905][  0]LogPakFile: OnPakFileMounted2Time == 0.000035
[2023.08.29-20.16.38:906][  0]LogPakFile: PakFile PrimaryIndexSize=185
[2023.08.29-20.16.38:906][  0]LogPakFile: PakFile PathHashIndexSize=101
[2023.08.29-20.16.38:906][  0]LogPakFile: PakFile FullDirectoryIndexSize=148
[2023.08.29-20.16.38:906][  0]LogShaderLibrary: Display: ShaderCodeLibraryPakFileMountedCallback: PakFile 'C:/Program Files/Epic Games/UE_4.27/FeaturePacks/StarterContent.upack' (chunk index -1, root 'root:/') mounted
[2023.08.29-20.16.38:906][  0]LogShaderLibrary: Display: ShaderCodeLibraryPakFileMountedCallback: pending pak file info (ChunkID:-1 Root:root:/ File:C:/Program Files/Epic Games/UE_4.27/FeaturePacks/StarterContent.upack)
[2023.08.29-20.16.38:906][  0]LogPakFile: OnPakFileMounted2Time == 0.000038
[2023.08.29-20.16.38:906][  0]LogPakFile: PakFile PrimaryIndexSize=190
[2023.08.29-20.16.38:906][  0]LogPakFile: PakFile PathHashIndexSize=101
[2023.08.29-20.16.38:906][  0]LogPakFile: PakFile FullDirectoryIndexSize=154
[2023.08.29-20.16.38:906][  0]LogShaderLibrary: Display: ShaderCodeLibraryPakFileMountedCallback: PakFile 'C:/Program Files/Epic Games/UE_4.27/FeaturePacks/TP_2DSideScroller.upack' (chunk index -1, root 'root:/') mounted
[2023.08.29-20.16.38:906][  0]LogShaderLibrary: Display: ShaderCodeLibraryPakFileMountedCallback: pending pak file info (ChunkID:-1 Root:root:/ File:C:/Program Files/Epic Games/UE_4.27/FeaturePacks/TP_2DSideScroller.upack)
[2023.08.29-20.16.38:906][  0]LogPakFile: OnPakFileMounted2Time == 0.000036
[2023.08.29-20.16.38:906][  0]LogPakFile: PakFile PrimaryIndexSize=192
[2023.08.29-20.16.38:906][  0]LogPakFile: PakFile PathHashIndexSize=101
[2023.08.29-20.16.38:906][  0]LogPakFile: PakFile FullDirectoryIndexSize=158
[2023.08.29-20.16.38:906][  0]LogShaderLibrary: Display: ShaderCodeLibraryPakFileMountedCallback: PakFile 'C:/Program Files/Epic Games/UE_4.27/FeaturePacks/TP_2DSideScrollerBP.upack' (chunk index -1, root 'root:/') mounted
[2023.08.29-20.16.38:906][  0]LogShaderLibrary: Display: ShaderCodeLibraryPakFileMountedCallback: pending pak file info (ChunkID:-1 Root:root:/ File:C:/Program Files/Epic Games/UE_4.27/FeaturePacks/TP_2DSideScrollerBP.upack)
[2023.08.29-20.16.38:906][  0]LogPakFile: OnPakFileMounted2Time == 0.000040
[2023.08.29-20.16.38:906][  0]LogPakFile: PakFile PrimaryIndexSize=182
[2023.08.29-20.16.38:906][  0]LogPakFile: PakFile PathHashIndexSize=101
[2023.08.29-20.16.38:906][  0]LogPakFile: PakFile FullDirectoryIndexSize=138
[2023.08.29-20.16.38:906][  0]LogShaderLibrary: Display: ShaderCodeLibraryPakFileMountedCallback: PakFile 'C:/Program Files/Epic Games/UE_4.27/FeaturePacks/TP_Flying.upack' (chunk index -1, root 'root:/') mounted
[2023.08.29-20.16.38:906][  0]LogShaderLibrary: Display: ShaderCodeLibraryPakFileMountedCallback: pending pak file info (ChunkID:-1 Root:root:/ File:C:/Program Files/Epic Games/UE_4.27/FeaturePacks/TP_Flying.upack)
[2023.08.29-20.16.38:906][  0]LogPakFile: OnPakFileMounted2Time == 0.000039
[2023.08.29-20.16.38:908][  0]LogPakFile: PakFile PrimaryIndexSize=184
[2023.08.29-20.16.38:908][  0]LogPakFile: PakFile PathHashIndexSize=101
[2023.08.29-20.16.38:908][  0]LogPakFile: PakFile FullDirectoryIndexSize=142
[2023.08.29-20.16.38:908][  0]LogShaderLibrary: Display: ShaderCodeLibraryPakFileMountedCallback: PakFile 'C:/Program Files/Epic Games/UE_4.27/FeaturePacks/TP_FlyingBP.upack' (chunk index -1, root 'root:/') mounted
[2023.08.29-20.16.38:908][  0]LogShaderLibrary: Display: ShaderCodeLibraryPakFileMountedCallback: pending pak file info (ChunkID:-1 Root:root:/ File:C:/Program Files/Epic Games/UE_4.27/FeaturePacks/TP_FlyingBP.upack)
[2023.08.29-20.16.38:908][  0]LogPakFile: OnPakFileMounted2Time == 0.000040
[2023.08.29-20.16.38:908][  0]LogPakFile: PakFile PrimaryIndexSize=188
[2023.08.29-20.16.38:908][  0]LogPakFile: PakFile PathHashIndexSize=101
[2023.08.29-20.16.38:908][  0]LogPakFile: PakFile FullDirectoryIndexSize=150
[2023.08.29-20.16.38:908][  0]LogShaderLibrary: Display: ShaderCodeLibraryPakFileMountedCallback: PakFile 'C:/Program Files/Epic Games/UE_4.27/FeaturePacks/TP_HandheldARBP.upack' (chunk index -1, root 'root:/') mounted
[2023.08.29-20.16.38:908][  0]LogShaderLibrary: Display: ShaderCodeLibraryPakFileMountedCallback: pending pak file info (ChunkID:-1 Root:root:/ File:C:/Program Files/Epic Games/UE_4.27/FeaturePacks/TP_HandheldARBP.upack)
[2023.08.29-20.16.38:908][  0]LogPakFile: OnPakFileMounted2Time == 0.000035
[2023.08.29-20.16.38:909][  0]LogPakFile: PakFile PrimaryIndexSize=182
[2023.08.29-20.16.38:909][  0]LogPakFile: PakFile PathHashIndexSize=101
[2023.08.29-20.16.38:909][  0]LogPakFile: PakFile FullDirectoryIndexSize=138
[2023.08.29-20.16.38:909][  0]LogShaderLibrary: Display: ShaderCodeLibraryPakFileMountedCallback: PakFile 'C:/Program Files/Epic Games/UE_4.27/FeaturePacks/TP_Puzzle.upack' (chunk index -1, root 'root:/') mounted
[2023.08.29-20.16.38:909][  0]LogShaderLibrary: Display: ShaderCodeLibraryPakFileMountedCallback: pending pak file info (ChunkID:-1 Root:root:/ File:C:/Program Files/Epic Games/UE_4.27/FeaturePacks/TP_Puzzle.upack)
[2023.08.29-20.16.38:909][  0]LogPakFile: OnPakFileMounted2Time == 0.000036
[2023.08.29-20.16.38:909][  0]LogPakFile: PakFile PrimaryIndexSize=184
[2023.08.29-20.16.38:909][  0]LogPakFile: PakFile PathHashIndexSize=101
[2023.08.29-20.16.38:909][  0]LogPakFile: PakFile FullDirectoryIndexSize=142
[2023.08.29-20.16.38:909][  0]LogShaderLibrary: Display: ShaderCodeLibraryPakFileMountedCallback: PakFile 'C:/Program Files/Epic Games/UE_4.27/FeaturePacks/TP_PuzzleBP.upack' (chunk index -1, root 'root:/') mounted
[2023.08.29-20.16.38:909][  0]LogShaderLibrary: Display: ShaderCodeLibraryPakFileMountedCallback: pending pak file info (ChunkID:-1 Root:root:/ File:C:/Program Files/Epic Games/UE_4.27/FeaturePacks/TP_PuzzleBP.upack)
[2023.08.29-20.16.38:909][  0]LogPakFile: OnPakFileMounted2Time == 0.000037
[2023.08.29-20.16.38:910][  0]LogPakFile: PakFile PrimaryIndexSize=183
[2023.08.29-20.16.38:910][  0]LogPakFile: PakFile PathHashIndexSize=101
[2023.08.29-20.16.38:910][  0]LogPakFile: PakFile FullDirectoryIndexSize=140
[2023.08.29-20.16.38:910][  0]LogShaderLibrary: Display: ShaderCodeLibraryPakFileMountedCallback: PakFile 'C:/Program Files/Epic Games/UE_4.27/FeaturePacks/TP_Rolling.upack' (chunk index -1, root 'root:/') mounted
[2023.08.29-20.16.38:910][  0]LogShaderLibrary: Display: ShaderCodeLibraryPakFileMountedCallback: pending pak file info (ChunkID:-1 Root:root:/ File:C:/Program Files/Epic Games/UE_4.27/FeaturePacks/TP_Rolling.upack)
[2023.08.29-20.16.38:910][  0]LogPakFile: OnPakFileMounted2Time == 0.000036
[2023.08.29-20.16.38:910][  0]LogPakFile: PakFile PrimaryIndexSize=185
[2023.08.29-20.16.38:910][  0]LogPakFile: PakFile PathHashIndexSize=101
[2023.08.29-20.16.38:910][  0]LogPakFile: PakFile FullDirectoryIndexSize=144
[2023.08.29-20.16.38:910][  0]LogShaderLibrary: Display: ShaderCodeLibraryPakFileMountedCallback: PakFile 'C:/Program Files/Epic Games/UE_4.27/FeaturePacks/TP_RollingBP.upack' (chunk index -1, root 'root:/') mounted
[2023.08.29-20.16.38:910][  0]LogShaderLibrary: Display: ShaderCodeLibraryPakFileMountedCallback: pending pak file info (ChunkID:-1 Root:root:/ File:C:/Program Files/Epic Games/UE_4.27/FeaturePacks/TP_RollingBP.upack)
[2023.08.29-20.16.38:910][  0]LogPakFile: OnPakFileMounted2Time == 0.000034
[2023.08.29-20.16.38:911][  0]LogPakFile: PakFile PrimaryIndexSize=188
[2023.08.29-20.16.38:911][  0]LogPakFile: PakFile PathHashIndexSize=101
[2023.08.29-20.16.38:911][  0]LogPakFile: PakFile FullDirectoryIndexSize=150
[2023.08.29-20.16.38:911][  0]LogShaderLibrary: Display: ShaderCodeLibraryPakFileMountedCallback: PakFile 'C:/Program Files/Epic Games/UE_4.27/FeaturePacks/TP_SideScroller.upack' (chunk index -1, root 'root:/') mounted
[2023.08.29-20.16.38:911][  0]LogShaderLibrary: Display: ShaderCodeLibraryPakFileMountedCallback: pending pak file info (ChunkID:-1 Root:root:/ File:C:/Program Files/Epic Games/UE_4.27/FeaturePacks/TP_SideScroller.upack)
[2023.08.29-20.16.38:911][  0]LogPakFile: OnPakFileMounted2Time == 0.000035
[2023.08.29-20.16.38:911][  0]LogPakFile: PakFile PrimaryIndexSize=190
[2023.08.29-20.16.38:911][  0]LogPakFile: PakFile PathHashIndexSize=101
[2023.08.29-20.16.38:911][  0]LogPakFile: PakFile FullDirectoryIndexSize=154
[2023.08.29-20.16.38:911][  0]LogShaderLibrary: Display: ShaderCodeLibraryPakFileMountedCallback: PakFile 'C:/Program Files/Epic Games/UE_4.27/FeaturePacks/TP_SideScrollerBP.upack' (chunk index -1, root 'root:/') mounted
[2023.08.29-20.16.38:911][  0]LogShaderLibrary: Display: ShaderCodeLibraryPakFileMountedCallback: pending pak file info (ChunkID:-1 Root:root:/ File:C:/Program Files/Epic Games/UE_4.27/FeaturePacks/TP_SideScrollerBP.upack)
[2023.08.29-20.16.38:911][  0]LogPakFile: OnPakFileMounted2Time == 0.000038
[2023.08.29-20.16.38:912][  0]LogPakFile: PakFile PrimaryIndexSize=187
[2023.08.29-20.16.38:912][  0]LogPakFile: PakFile PathHashIndexSize=101
[2023.08.29-20.16.38:912][  0]LogPakFile: PakFile FullDirectoryIndexSize=148
[2023.08.29-20.16.38:912][  0]LogShaderLibrary: Display: ShaderCodeLibraryPakFileMountedCallback: PakFile 'C:/Program Files/Epic Games/UE_4.27/FeaturePacks/TP_ThirdPerson.upack' (chunk index -1, root 'root:/') mounted
[2023.08.29-20.16.38:912][  0]LogShaderLibrary: Display: ShaderCodeLibraryPakFileMountedCallback: pending pak file info (ChunkID:-1 Root:root:/ File:C:/Program Files/Epic Games/UE_4.27/FeaturePacks/TP_ThirdPerson.upack)
[2023.08.29-20.16.38:912][  0]LogPakFile: OnPakFileMounted2Time == 0.000035
[2023.08.29-20.16.38:912][  0]LogPakFile: PakFile PrimaryIndexSize=189
[2023.08.29-20.16.38:912][  0]LogPakFile: PakFile PathHashIndexSize=101
[2023.08.29-20.16.38:912][  0]LogPakFile: PakFile FullDirectoryIndexSize=152
[2023.08.29-20.16.38:912][  0]LogShaderLibrary: Display: ShaderCodeLibraryPakFileMountedCallback: PakFile 'C:/Program Files/Epic Games/UE_4.27/FeaturePacks/TP_ThirdPersonBP.upack' (chunk index -1, root 'root:/') mounted
[2023.08.29-20.16.38:912][  0]LogShaderLibrary: Display: ShaderCodeLibraryPakFileMountedCallback: pending pak file info (ChunkID:-1 Root:root:/ File:C:/Program Files/Epic Games/UE_4.27/FeaturePacks/TP_ThirdPersonBP.upack)
[2023.08.29-20.16.38:912][  0]LogPakFile: OnPakFileMounted2Time == 0.000044
[2023.08.29-20.16.38:913][  0]LogPakFile: PakFile PrimaryIndexSize=183
[2023.08.29-20.16.38:913][  0]LogPakFile: PakFile PathHashIndexSize=101
[2023.08.29-20.16.38:913][  0]LogPakFile: PakFile FullDirectoryIndexSize=140
[2023.08.29-20.16.38:913][  0]LogShaderLibrary: Display: ShaderCodeLibraryPakFileMountedCallback: PakFile 'C:/Program Files/Epic Games/UE_4.27/FeaturePacks/TP_TopDown.upack' (chunk index -1, root 'root:/') mounted
[2023.08.29-20.16.38:913][  0]LogShaderLibrary: Display: ShaderCodeLibraryPakFileMountedCallback: pending pak file info (ChunkID:-1 Root:root:/ File:C:/Program Files/Epic Games/UE_4.27/FeaturePacks/TP_TopDown.upack)
[2023.08.29-20.16.38:913][  0]LogPakFile: OnPakFileMounted2Time == 0.000050
[2023.08.29-20.16.38:914][  0]LogPakFile: PakFile PrimaryIndexSize=185
[2023.08.29-20.16.38:914][  0]LogPakFile: PakFile PathHashIndexSize=101
[2023.08.29-20.16.38:914][  0]LogPakFile: PakFile FullDirectoryIndexSize=144
[2023.08.29-20.16.38:914][  0]LogShaderLibrary: Display: ShaderCodeLibraryPakFileMountedCallback: PakFile 'C:/Program Files/Epic Games/UE_4.27/FeaturePacks/TP_TopDownBP.upack' (chunk index -1, root 'root:/') mounted
[2023.08.29-20.16.38:914][  0]LogShaderLibrary: Display: ShaderCodeLibraryPakFileMountedCallback: pending pak file info (ChunkID:-1 Root:root:/ File:C:/Program Files/Epic Games/UE_4.27/FeaturePacks/TP_TopDownBP.upack)
[2023.08.29-20.16.38:914][  0]LogPakFile: OnPakFileMounted2Time == 0.000040
[2023.08.29-20.16.38:914][  0]LogPakFile: PakFile PrimaryIndexSize=185
[2023.08.29-20.16.38:914][  0]LogPakFile: PakFile PathHashIndexSize=101
[2023.08.29-20.16.38:914][  0]LogPakFile: PakFile FullDirectoryIndexSize=144
[2023.08.29-20.16.38:914][  0]LogShaderLibrary: Display: ShaderCodeLibraryPakFileMountedCallback: PakFile 'C:/Program Files/Epic Games/UE_4.27/FeaturePacks/TP_TwinStick.upack' (chunk index -1, root 'root:/') mounted
[2023.08.29-20.16.38:914][  0]LogShaderLibrary: Display: ShaderCodeLibraryPakFileMountedCallback: pending pak file info (ChunkID:-1 Root:root:/ File:C:/Program Files/Epic Games/UE_4.27/FeaturePacks/TP_TwinStick.upack)
[2023.08.29-20.16.38:914][  0]LogPakFile: OnPakFileMounted2Time == 0.000046
[2023.08.29-20.16.38:915][  0]LogPakFile: PakFile PrimaryIndexSize=187
[2023.08.29-20.16.38:915][  0]LogPakFile: PakFile PathHashIndexSize=101
[2023.08.29-20.16.38:915][  0]LogPakFile: PakFile FullDirectoryIndexSize=148
[2023.08.29-20.16.38:915][  0]LogShaderLibrary: Display: ShaderCodeLibraryPakFileMountedCallback: PakFile 'C:/Program Files/Epic Games/UE_4.27/FeaturePacks/TP_TwinStickBP.upack' (chunk index -1, root 'root:/') mounted
[2023.08.29-20.16.38:915][  0]LogShaderLibrary: Display: ShaderCodeLibraryPakFileMountedCallback: pending pak file info (ChunkID:-1 Root:root:/ File:C:/Program Files/Epic Games/UE_4.27/FeaturePacks/TP_TwinStickBP.upack)
[2023.08.29-20.16.38:915][  0]LogPakFile: OnPakFileMounted2Time == 0.000052
[2023.08.29-20.16.38:916][  0]LogPakFile: PakFile PrimaryIndexSize=183
[2023.08.29-20.16.38:916][  0]LogPakFile: PakFile PathHashIndexSize=101
[2023.08.29-20.16.38:916][  0]LogPakFile: PakFile FullDirectoryIndexSize=140
[2023.08.29-20.16.38:916][  0]LogShaderLibrary: Display: ShaderCodeLibraryPakFileMountedCallback: PakFile 'C:/Program Files/Epic Games/UE_4.27/FeaturePacks/TP_Vehicle.upack' (chunk index -1, root 'root:/') mounted
[2023.08.29-20.16.38:916][  0]LogShaderLibrary: Display: ShaderCodeLibraryPakFileMountedCallback: pending pak file info (ChunkID:-1 Root:root:/ File:C:/Program Files/Epic Games/UE_4.27/FeaturePacks/TP_Vehicle.upack)
[2023.08.29-20.16.38:916][  0]LogPakFile: OnPakFileMounted2Time == 0.000041
[2023.08.29-20.16.38:916][  0]LogPakFile: PakFile PrimaryIndexSize=186
[2023.08.29-20.16.38:916][  0]LogPakFile: PakFile PathHashIndexSize=101
[2023.08.29-20.16.38:916][  0]LogPakFile: PakFile FullDirectoryIndexSize=146
[2023.08.29-20.16.38:916][  0]LogShaderLibrary: Display: ShaderCodeLibraryPakFileMountedCallback: PakFile 'C:/Program Files/Epic Games/UE_4.27/FeaturePacks/TP_VehicleAdv.upack' (chunk index -1, root 'root:/') mounted
[2023.08.29-20.16.38:917][  0]LogShaderLibrary: Display: ShaderCodeLibraryPakFileMountedCallback: pending pak file info (ChunkID:-1 Root:root:/ File:C:/Program Files/Epic Games/UE_4.27/FeaturePacks/TP_VehicleAdv.upack)
[2023.08.29-20.16.38:917][  0]LogPakFile: OnPakFileMounted2Time == 0.000043
[2023.08.29-20.16.38:917][  0]LogPakFile: PakFile PrimaryIndexSize=188
[2023.08.29-20.16.38:917][  0]LogPakFile: PakFile PathHashIndexSize=101
[2023.08.29-20.16.38:917][  0]LogPakFile: PakFile FullDirectoryIndexSize=150
[2023.08.29-20.16.38:917][  0]LogShaderLibrary: Display: ShaderCodeLibraryPakFileMountedCallback: PakFile 'C:/Program Files/Epic Games/UE_4.27/FeaturePacks/TP_VehicleAdvBP.upack' (chunk index -1, root 'root:/') mounted
[2023.08.29-20.16.38:917][  0]LogShaderLibrary: Display: ShaderCodeLibraryPakFileMountedCallback: pending pak file info (ChunkID:-1 Root:root:/ File:C:/Program Files/Epic Games/UE_4.27/FeaturePacks/TP_VehicleAdvBP.upack)
[2023.08.29-20.16.38:917][  0]LogPakFile: OnPakFileMounted2Time == 0.000041
[2023.08.29-20.16.38:918][  0]LogPakFile: PakFile PrimaryIndexSize=185
[2023.08.29-20.16.38:918][  0]LogPakFile: PakFile PathHashIndexSize=101
[2023.08.29-20.16.38:918][  0]LogPakFile: PakFile FullDirectoryIndexSize=144
[2023.08.29-20.16.38:918][  0]LogShaderLibrary: Display: ShaderCodeLibraryPakFileMountedCallback: PakFile 'C:/Program Files/Epic Games/UE_4.27/FeaturePacks/TP_VehicleBP.upack' (chunk index -1, root 'root:/') mounted
[2023.08.29-20.16.38:918][  0]LogShaderLibrary: Display: ShaderCodeLibraryPakFileMountedCallback: pending pak file info (ChunkID:-1 Root:root:/ File:C:/Program Files/Epic Games/UE_4.27/FeaturePacks/TP_VehicleBP.upack)
[2023.08.29-20.16.38:918][  0]LogPakFile: OnPakFileMounted2Time == 0.000062
[2023.08.29-20.16.38:918][  0]LogPakFile: PakFile PrimaryIndexSize=192
[2023.08.29-20.16.38:918][  0]LogPakFile: PakFile PathHashIndexSize=101
[2023.08.29-20.16.38:918][  0]LogPakFile: PakFile FullDirectoryIndexSize=158
[2023.08.29-20.16.38:918][  0]LogShaderLibrary: Display: ShaderCodeLibraryPakFileMountedCallback: PakFile 'C:/Program Files/Epic Games/UE_4.27/FeaturePacks/TP_VirtualRealityBP.upack' (chunk index -1, root 'root:/') mounted
[2023.08.29-20.16.38:918][  0]LogShaderLibrary: Display: ShaderCodeLibraryPakFileMountedCallback: pending pak file info (ChunkID:-1 Root:root:/ File:C:/Program Files/Epic Games/UE_4.27/FeaturePacks/TP_VirtualRealityBP.upack)
[2023.08.29-20.16.38:918][  0]LogPakFile: OnPakFileMounted2Time == 0.000036
[2023.08.29-20.16.38:970][  0]LogNativeClassHierarchy: Verbose: Native class hierarchy updated for 'AddContentDialog' in 0.0004 seconds. Added 0 classes and 0 folders.
[2023.08.29-20.16.38:972][  0]LogNativeClassHierarchy: Verbose: Native class hierarchy updated for 'SceneOutliner' in 0.0003 seconds. Added 2 classes and 0 folders.
[2023.08.29-20.16.39:032][  0]LogSlate: Took 0.000177 seconds to synchronously load lazily loaded font '../../../Engine/Content/Slate/Fonts/Roboto-Regular.ttf' (155K)
[2023.08.29-20.16.39:034][  0]LogSlate: Took 0.000188 seconds to synchronously load lazily loaded font '../../../Engine/Content/Editor/Slate/Fonts/FontAwesome.ttf' (139K)
[2023.08.29-20.16.39:035][  0]LogSlate: Took 0.000155 seconds to synchronously load lazily loaded font '../../../Engine/Content/Slate/Fonts/Roboto-Bold.ttf' (160K)
[2023.08.29-20.16.39:128][  0]LogRenderer: Reallocating scene render targets to support 860x428 Format 10 NumSamples 1 (Frame:1).
[2023.08.29-20.16.39:229][  0]LogNativeClassHierarchy: Verbose: Native class hierarchy updated for 'HierarchicalLODOutliner' in 0.0003 seconds. Added 0 classes and 0 folders.
[2023.08.29-20.16.39:229][  0]LogInput: Warning: Action Jump uses invalid key OculusGo_Left_Trigger_Click.
[2023.08.29-20.16.39:229][  0]LogInput: Warning: Action ResetVR uses invalid key OculusGo_Left_Trackpad_Click.
[2023.08.29-20.16.39:229][  0]LogInput: Warning: Use -RemoveInvalidKeys to remove instances of these keys from the action mapping.
[2023.08.29-20.16.39:229][  0]LogLoad: (Engine Initialization) Total time: 8.48 seconds
[2023.08.29-20.16.39:229][  0]LogLoad: (Engine Initialization) Total Blueprint compile time: 0.00 seconds
[2023.08.29-20.16.39:294][  0]LogAssetRegistry: Asset discovery search completed in 4.9075 seconds
[2023.08.29-20.16.39:302][  0]LogCollectionManager: Fixed up redirectors for 0 collections in 0.000004 seconds (updated 0 objects)
[2023.08.29-20.16.39:304][  0]LogContentStreaming: Texture pool size now 1000 MB
[2023.08.29-20.16.39:491][  2]LogSlate: Took 0.000164 seconds to synchronously load lazily loaded font '../../../Engine/Content/Slate/Fonts/Roboto-Light.ttf' (167K)
[2023.08.29-20.16.41:842][141]LogUObjectHash: Compacting FUObjectHashTables data took   0.64ms
[2023.08.29-20.16.41:848][141]LogSlate: Took 0.000123 seconds to synchronously load lazily loaded font '../../../Engine/Content/Slate/Fonts/Roboto-Light.ttf' (167K)
[2023.08.29-20.16.41:879][141]LogAssetEditorSubsystem: Opening Asset editor for World /Game/ThirdPersonBP/Maps/Howell.Howell
[2023.08.29-20.16.41:879][141]Cmd: MAP LOAD FILE="../../../../../../Users/luker/Desktop/github/Fall2023MDIA422/BaseSample/Content/ThirdPersonBP/Maps/Howell.umap" TEMPLATE=0 SHOWPROGRESS=1 FEATURELEVEL=3
[2023.08.29-20.16.41:879][141]LightingResults: New page: Lighting Build
[2023.08.29-20.16.41:879][141]LoadErrors: New page: Loading map: Howell.umap
[2023.08.29-20.16.41:882][141]LogWorld: UWorld::CleanupWorld for ThirdPersonExampleMap, bSessionEnded=true, bCleanupResources=true
[2023.08.29-20.16.41:882][141]LogSlate: InvalidateAllWidgets triggered.  All widgets were invalidated
[2023.08.29-20.16.41:882][141]MapCheck: New page: Map Check
[2023.08.29-20.16.41:882][141]LightingResults: New page: Lighting Build
[2023.08.29-20.16.41:887][141]LogAudio: Display: Audio Device unregistered from world 'None'.
[2023.08.29-20.16.41:889][141]LogUObjectHash: Compacting FUObjectHashTables data took   0.81ms
[2023.08.29-20.16.41:890][141]LogAudio: Display: Audio Device (ID: 1) registered with world 'Howell'.
[2023.08.29-20.16.41:893][141]LogEditorServer: Finished looking for orphan Actors (0.000 secs)
[2023.08.29-20.16.41:893][141]LogAIModule: Creating AISystem for world Howell
[2023.08.29-20.16.41:901][141]LogUObjectHash: Compacting FUObjectHashTables data took   0.72ms
[2023.08.29-20.16.41:916][141]Cmd: MAP CHECKDEP NOCLEARLOG
[2023.08.29-20.16.41:916][141]MapCheck: Map check complete: 0 Error(s), 0 Warning(s), took 0.106ms to complete.
[2023.08.29-20.16.41:916][141]LogFileHelpers: Loading map 'Howell' took 0.036
[2023.08.29-20.16.43:791][251]LogEditorViewport: Clicking on Actor (LMB): StaticMeshActor (Wall7)
[2023.08.29-20.16.44:594][297]Cmd: DELETE
[2023.08.29-20.16.44:594][297]Cmd: ACTOR DELETE
[2023.08.29-20.16.44:596][297]LogEditorActor: Deleted Actor: StaticMeshActor
[2023.08.29-20.16.44:602][297]LogUObjectHash: Compacting FUObjectHashTables data took   0.29ms
[2023.08.29-20.16.44:603][297]LogEditorActor: Deleted 1 Actors (0.008 secs)
[2023.08.29-20.16.45:143][330]LogEditorViewport: Clicking on Actor (LMB): StaticMeshActor (Wall10)
[2023.08.29-20.16.45:266][336]Cmd: DELETE
[2023.08.29-20.16.45:266][336]Cmd: ACTOR DELETE
[2023.08.29-20.16.45:268][336]LogEditorActor: Deleted Actor: StaticMeshActor
[2023.08.29-20.16.45:273][336]LogUObjectHash: Compacting FUObjectHashTables data took   0.26ms
[2023.08.29-20.16.45:274][336]LogEditorActor: Deleted 1 Actors (0.008 secs)
[2023.08.29-20.16.45:604][356]LogEditorViewport: Clicking on Actor (LMB): BP_Sky_Sphere_C (SkySphereBlueprint)
[2023.08.29-20.16.45:973][377]LogEditorViewport: Clicking on Actor (LMB): StaticMeshActor (Wall11)
[2023.08.29-20.16.46:185][388]Cmd: DELETE
[2023.08.29-20.16.46:185][388]Cmd: ACTOR DELETE
[2023.08.29-20.16.46:186][388]LogEditorActor: Deleted Actor: StaticMeshActor
[2023.08.29-20.16.46:192][388]LogUObjectHash: Compacting FUObjectHashTables data took   0.28ms
[2023.08.29-20.16.46:193][388]LogEditorActor: Deleted 1 Actors (0.007 secs)
[2023.08.29-20.16.46:459][404]LogEditorViewport: Clicking on Actor (LMB): StaticMeshActor (Wall9)
[2023.08.29-20.16.46:570][409]Cmd: DELETE
[2023.08.29-20.16.46:570][409]Cmd: ACTOR DELETE
[2023.08.29-20.16.46:571][409]LogEditorActor: Deleted Actor: StaticMeshActor
[2023.08.29-20.16.46:577][409]LogUObjectHash: Compacting FUObjectHashTables data took   0.27ms
[2023.08.29-20.16.46:577][409]LogEditorActor: Deleted 1 Actors (0.007 secs)
[2023.08.29-20.16.47:453][462]LogEditorViewport: Clicking on Actor (LMB): StaticMeshActor (Floor)
[2023.08.29-20.16.47:975][492]LogEditorViewport: Clicking on Actor (LMB): BP_Sky_Sphere_C (SkySphereBlueprint)
[2023.08.29-20.16.48:708][535]LogEditorViewport: Clicking on Actor (LMB): StaticMeshActor (Floor)
[2023.08.29-20.16.49:334][571]LogEditorViewport: Clicking on Actor (LMB): BP_Sky_Sphere_C (SkySphereBlueprint)
