Log file open, 08/29/23 15:28:31
LogWindows: Failed to load 'aqProf.dll' (GetLastError=126)
LogWindows: File 'aqProf.dll' does not exist
LogWindows: Failed to load 'VtuneApi.dll' (GetLastError=126)
LogWindows: File 'VtuneApi.dll' does not exist
LogWindows: Failed to load 'VtuneApi32e.dll' (GetLastError=126)
LogWindows: File 'VtuneApi32e.dll' does not exist
LogConsoleResponse: Display: Failed to find resolution value strings in scalability ini. Falling back to default.
LogConsoleResponse: Display: Failed to find resolution value strings in scalability ini. Falling back to default.
LogInit: Display: Running engine for game: BaseSample
LogPlatformFile: Not using cached read wrapper
LogTaskGraph: Started task graph with 5 named threads and 59 total threads with 3 sets of task threads.
LogStats: Stats thread started at 1.327882
LogICUInternationalization: ICU TimeZone Detection - Raw Offset: -5:00, Platform Override: ''
LogInit: Display: Loading text-based GConfig....
LogPluginManager: Mounting plugin MeshPainting
LogPluginManager: Mounting plugin XGEController
LogPluginManager: Mounting plugin Paper2D
LogPluginManager: Mounting plugin AISupport
LogPluginManager: Mounting plugin LiveLink
LogPluginManager: Mounting plugin CameraShakePreviewer
LogPluginManager: Mounting plugin LightPropagationVolume
LogPluginManager: Mounting plugin GameplayCameras
LogPluginManager: Mounting plugin EnvironmentQueryEditor
LogPluginManager: Mounting plugin AnimationSharing
LogPluginManager: Mounting plugin OodleNetwork
LogPluginManager: Mounting plugin OodleData
LogPluginManager: Mounting plugin CLionSourceCodeAccess
LogPluginManager: Mounting plugin CodeLiteSourceCodeAccess
LogPluginManager: Mounting plugin GitSourceControl
LogPluginManager: Mounting plugin KDevelopSourceCodeAccess
LogPluginManager: Mounting plugin NullSourceCodeAccess
LogPluginManager: Mounting plugin PixWinPlugin
LogPluginManager: Mounting plugin PerforceSourceControl
LogPluginManager: Mounting plugin PlasticSourceControl
LogPluginManager: Mounting plugin PluginUtils
LogPluginManager: Mounting plugin PropertyAccessNode
LogPluginManager: Mounting plugin AssetManagerEditor
LogPluginManager: Mounting plugin CryptoKeys
LogPluginManager: Mounting plugin CurveEditorTools
LogPluginManager: Mounting plugin DataValidation
LogPluginManager: Mounting plugin GeometryMode
LogPluginManager: Mounting plugin FacialAnimation
LogPluginManager: Mounting plugin GameplayTagsEditor
LogPluginManager: Mounting plugin MaterialAnalyzer
LogPluginManager: Mounting plugin MacGraphicsSwitching
LogPluginManager: Mounting plugin MobileLauncherProfileWizard
LogPluginManager: Mounting plugin PluginBrowser
LogPluginManager: Mounting plugin SpeedTreeImporter
LogPluginManager: Mounting plugin RiderSourceCodeAccess
LogPluginManager: Mounting plugin SubversionSourceControl
LogPluginManager: Mounting plugin TextureFormatOodle
LogPluginManager: Mounting plugin UObjectPlugin
LogPluginManager: Mounting plugin VisualStudioCodeSourceCodeAccess
LogPluginManager: Mounting plugin VisualStudioSourceCodeAccess
LogPluginManager: Mounting plugin XCodeSourceCodeAccess
LogPluginManager: Mounting plugin DatasmithContent
LogPluginManager: Mounting plugin VariantManagerContent
LogPluginManager: Mounting plugin AlembicImporter
LogPluginManager: Mounting plugin AutomationUtils
LogPluginManager: Mounting plugin BackChannel
LogPluginManager: Mounting plugin ChaosCloth
LogPluginManager: Mounting plugin ChaosEditor
LogPluginManager: Mounting plugin ChaosClothEditor
LogPluginManager: Mounting plugin ChaosNiagara
LogPluginManager: Mounting plugin ChaosSolverPlugin
LogPluginManager: Mounting plugin CharacterAI
LogPluginManager: Mounting plugin Niagara
LogPluginManager: Mounting plugin GeometryCache
LogPluginManager: Mounting plugin GeometryCollectionPlugin
LogPluginManager: Mounting plugin GeometryProcessing
LogPluginManager: Mounting plugin OpenImageDenoise
LogPluginManager: Mounting plugin MotoSynth
LogPluginManager: Mounting plugin PlanarCut
LogPluginManager: Mounting plugin PythonScriptPlugin
LogPluginManager: Mounting plugin SkeletalReduction
LogPluginManager: Mounting plugin ProxyLODPlugin
LogPluginManager: Mounting plugin AndroidMedia
LogPluginManager: Mounting plugin PlatformCrypto
LogPluginManager: Mounting plugin AvfMedia
LogPluginManager: Mounting plugin ImgMedia
LogPluginManager: Mounting plugin MediaCompositing
LogPluginManager: Mounting plugin MediaPlayerEditor
LogPluginManager: Mounting plugin WebMMedia
LogPluginManager: Mounting plugin WmfMedia
LogPluginManager: Mounting plugin MagicLeap
LogPluginManager: Mounting plugin LuminPlatformFeatures
LogPluginManager: Mounting plugin MagicLeapLightEstimation
LogPluginManager: Mounting plugin MagicLeapMedia
LogPluginManager: Mounting plugin MagicLeapPassableWorld
LogPluginManager: Mounting plugin TcpMessaging
LogPluginManager: Mounting plugin MLSDK
LogPluginManager: Mounting plugin UdpMessaging
LogPluginManager: Mounting plugin ActorSequence
LogPluginManager: Mounting plugin LevelSequenceEditor
LogPluginManager: Mounting plugin MatineeToLevelSequence
LogPluginManager: Mounting plugin TemplateSequence
LogPluginManager: Mounting plugin OnlineSubsystem
LogPluginManager: Mounting plugin OnlineSubsystemNull
LogPluginManager: Mounting plugin OnlineSubsystemUtils
LogPluginManager: Mounting plugin ActorLayerUtilities
LogPluginManager: Mounting plugin AndroidDeviceProfileSelector
LogPluginManager: Mounting plugin AndroidPermission
LogPluginManager: Mounting plugin AndroidMoviePlayer
LogPluginManager: Mounting plugin AppleImageUtils
LogPluginManager: Mounting plugin ArchVisCharacter
LogPluginManager: Mounting plugin AssetTags
LogPluginManager: Mounting plugin AudioCapture
LogPluginManager: Mounting plugin AudioSynesthesia
LogPluginManager: Mounting plugin CableComponent
LogPluginManager: Mounting plugin ChunkDownloader
LogPluginManager: Mounting plugin CustomMeshComponent
LogPluginManager: Mounting plugin AppleMoviePlayer
LogPluginManager: Mounting plugin EditableMesh
LogPluginManager: Mounting plugin ExampleDeviceProfileSelector
LogPluginManager: Mounting plugin LauncherChunkInstaller
LogPluginManager: Mounting plugin GoogleCloudMessaging
LogPluginManager: Mounting plugin GooglePAD
LogPluginManager: Mounting plugin IOSDeviceProfileSelector
LogPluginManager: Mounting plugin LinuxDeviceProfileSelector
LogPluginManager: Mounting plugin LocationServicesBPLibrary
LogPluginManager: Mounting plugin MobilePatchingUtils
LogPluginManager: Mounting plugin OpenXR
LogPluginManager: Mounting plugin OpenXREyeTracker
LogPluginManager: Mounting plugin OpenXRHandTracking
LogPluginManager: Mounting plugin PhysXVehicles
LogPluginManager: Mounting plugin PostSplashScreen
LogPluginManager: Mounting plugin ProceduralMeshComponent
LogPluginManager: Mounting plugin PropertyAccessEditor
LogPluginManager: Mounting plugin RuntimePhysXCooking
LogPluginManager: Mounting plugin SignificanceManager
LogPluginManager: Mounting plugin Synthesis
LogPluginManager: Mounting plugin WebMMoviePlayer
LogPluginManager: Mounting plugin WindowsMoviePlayer
LogPluginManager: Mounting plugin ScreenshotTools
LogPluginManager: Mounting plugin SoundFields
LogPluginManager: Mounting plugin Takes
LogPluginManager: Mounting plugin ContentBrowserAssetDataSource
LogPluginManager: Mounting plugin ContentBrowserFileDataSource
LogPluginManager: Mounting plugin ContentBrowserClassDataSource
LogPluginManager: Mounting plugin OnlineSubsystemGooglePlay
LogPluginManager: Mounting plugin OnlineSubsystemIOS
LogPluginManager: Mounting plugin OculusVR
LogPluginManager: Mounting plugin SteamVR
PixWinPlugin: PIX capture plugin failed to initialize! Check that the process is launched from PIX.
LogInit: Using libcurl 7.55.1-DEV
LogInit:  - built for x86_64-pc-win32
LogInit:  - supports SSL with OpenSSL/1.1.1
LogInit:  - supports HTTP deflate (compression) using libz 1.2.8
LogInit:  - other features:
LogInit:      CURL_VERSION_SSL
LogInit:      CURL_VERSION_LIBZ
LogInit:      CURL_VERSION_IPV6
LogInit:      CURL_VERSION_ASYNCHDNS
LogInit:      CURL_VERSION_LARGEFILE
LogInit:      CURL_VERSION_IDN
LogInit:  CurlRequestOptions (configurable via config and command line):
LogInit:  - bVerifyPeer = true  - Libcurl will verify peer certificate
LogInit:  - bUseHttpProxy = false  - Libcurl will NOT use HTTP proxy
LogInit:  - bDontReuseConnections = false  - Libcurl will reuse connections
LogInit:  - MaxHostConnections = 16  - Libcurl will limit the number of connections to a host
LogInit:  - LocalHostAddr = Default
LogInit:  - BufferSize = 65536
LogOnline: OSS: Creating online subsystem instance for: NULL
LogInit: WinSock: version 1.1 (2.2), MaxSocks=32767, MaxUdp=65467
LogOnline: OSS: TryLoadSubsystemAndSetDefault: Loaded subsystem for module [NULL]
LogOculusPluginWrapper: OculusPlugin initialized successfully
LogHMD: Failed initializing OVRPlugin 1.59.0
LogInit: Build: ++UE4+Release-4.27-CL-18319896
LogInit: Engine Version: 4.27.2-18319896+++UE4+Release-4.27
LogInit: Compatible Engine Version: 4.27.0-17155196+++UE4+Release-4.27
LogInit: Net CL: 17155196
LogInit: OS: Windows 10 (Release 2009) (), CPU: 13th Gen Intel(R) Core(TM) i9-13900H, GPU: Intel(R) Iris(R) Xe Graphics
LogInit: Compiled (64-bit): Nov 30 2021 07:12:08
LogInit: Compiled with Visual C++: 19.24.28315.00
LogInit: Build Configuration: Development
LogInit: Branch Name: ++UE4+Release-4.27
LogInit: Command Line: 
LogInit: Base Directory: C:/Users/dpana/OneDrive/Desktop/UE_4.27/Engine/Binaries/Win64/
LogInit: Allocator: TBB
LogInit: Installed Engine Build: 1
LogDevObjectVersion: Number of dev versions registered: 29
LogDevObjectVersion:   Dev-Blueprints (B0D832E4-1F89-4F0D-ACCF-7EB736FD4AA2): 10
LogDevObjectVersion:   Dev-Build (E1C64328-A22C-4D53-A36C-8E866417BD8C): 0
LogDevObjectVersion:   Dev-Core (375EC13C-06E4-48FB-B500-84F0262A717E): 4
LogDevObjectVersion:   Dev-Editor (E4B068ED-F494-42E9-A231-DA0B2E46BB41): 40
LogDevObjectVersion:   Dev-Framework (CFFC743F-43B0-4480-9391-14DF171D2073): 37
LogDevObjectVersion:   Dev-Mobile (B02B49B5-BB20-44E9-A304-32B752E40360): 3
LogDevObjectVersion:   Dev-Networking (A4E4105C-59A1-49B5-A7C5-40C4547EDFEE): 0
LogDevObjectVersion:   Dev-Online (39C831C9-5AE6-47DC-9A44-9C173E1C8E7C): 0
LogDevObjectVersion:   Dev-Physics (78F01B33-EBEA-4F98-B9B4-84EACCB95AA2): 14
LogDevObjectVersion:   Dev-Platform (6631380F-2D4D-43E0-8009-CF276956A95A): 0
LogDevObjectVersion:   Dev-Rendering (12F88B9F-8875-4AFC-A67C-D90C383ABD29): 45
LogDevObjectVersion:   Dev-Sequencer (7B5AE74C-D270-4C10-A958-57980B212A5A): 13
LogDevObjectVersion:   Dev-VR (D7296918-1DD6-4BDD-9DE2-64A83CC13884): 3
LogDevObjectVersion:   Dev-LoadTimes (C2A15278-BFE7-4AFE-6C17-90FF531DF755): 1
LogDevObjectVersion:   Private-Geometry (6EACA3D4-40EC-4CC1-B786-8BED09428FC5): 3
LogDevObjectVersion:   Dev-AnimPhys (29E575DD-E0A3-4627-9D10-D276232CDCEA): 17
LogDevObjectVersion:   Dev-Anim (AF43A65D-7FD3-4947-9873-3E8ED9C1BB05): 15
LogDevObjectVersion:   Dev-ReflectionCapture (6B266CEC-1EC7-4B8F-A30B-E4D90942FC07): 1
LogDevObjectVersion:   Dev-Automation (0DF73D61-A23F-47EA-B727-89E90C41499A): 1
LogDevObjectVersion:   FortniteMain (601D1886-AC64-4F84-AA16-D3DE0DEAC7D6): 47
LogDevObjectVersion:   FortniteRelease (E7086368-6B23-4C58-8439-1B7016265E91): 1
LogDevObjectVersion:   Dev-Enterprise (9DFFBCD6-494F-0158-E221-12823C92A888): 10
LogDevObjectVersion:   Dev-Niagara (F2AED0AC-9AFE-416F-8664-AA7FFA26D6FC): 1
LogDevObjectVersion:   Dev-Destruction (174F1F0B-B4C6-45A5-B13F-2EE8D0FB917D): 10
LogDevObjectVersion:   Dev-Physics-Ext (35F94A83-E258-406C-A318-09F59610247C): 41
LogDevObjectVersion:   Dev-PhysicsMaterial-Chaos (B68FC16E-8B1B-42E2-B453-215C058844FE): 1
LogDevObjectVersion:   Dev-CineCamera (B2E18506-4273-CFC2-A54E-F4BB758BBA07): 1
LogDevObjectVersion:   Dev-VirtualProduction (64F58936-FD1B-42BA-BA96-7289D5D0FA4E): 1
LogDevObjectVersion:   Dev-MediaFramework (6F0ED827-A609-4895-9C91-998D90180EA4): 2
LogInit: Presizing for max 25165824 objects, including 0 objects not considered by GC, pre-allocating 0 bytes for permanent pool.
LogConfig: Applying CVar settings from Section [/Script/Engine.StreamingSettings] File [C:/Users/dpana/OneDrive/Documents/GitHub/Fall2023MDIA422/BaseSample/Saved/Config/Windows/Engine.ini]
LogConfig: Setting CVar [[s.MinBulkDataSizeForAsyncLoading:131072]]
LogConfig: Setting CVar [[s.AsyncLoadingThreadEnabled:0]]
LogConfig: Setting CVar [[s.EventDrivenLoaderEnabled:1]]
LogConfig: Setting CVar [[s.WarnIfTimeLimitExceeded:0]]
LogConfig: Setting CVar [[s.TimeLimitExceededMultiplier:1.5]]
LogConfig: Setting CVar [[s.TimeLimitExceededMinTime:0.005]]
LogConfig: Setting CVar [[s.UseBackgroundLevelStreaming:1]]
LogConfig: Setting CVar [[s.PriorityAsyncLoadingExtraTime:15.0]]
LogConfig: Setting CVar [[s.LevelStreamingActorsUpdateTimeLimit:5.0]]
LogConfig: Setting CVar [[s.PriorityLevelStreamingActorsUpdateExtraTime:5.0]]
LogConfig: Setting CVar [[s.LevelStreamingComponentsRegistrationGranularity:10]]
LogConfig: Setting CVar [[s.UnregisterComponentsTimeLimit:1.0]]
LogConfig: Setting CVar [[s.LevelStreamingComponentsUnregistrationGranularity:5]]
LogConfig: Setting CVar [[s.FlushStreamingOnExit:1]]
LogInit: Object subsystem initialized
LogConfig: Setting CVar [[con.DebugEarlyDefault:1]]
LogConfig: Setting CVar [[r.setres:1280x720]]
[2023.08.29-19.28.32:581][  0]LogConfig: Setting CVar [[r.VSync:0]]
[2023.08.29-19.28.32:581][  0]LogConfig: Setting CVar [[r.RHICmdBypass:0]]
[2023.08.29-19.28.32:581][  0]LogConfig: Applying CVar settings from Section [/Script/Engine.RendererSettings] File [C:/Users/dpana/OneDrive/Documents/GitHub/Fall2023MDIA422/BaseSample/Saved/Config/Windows/Engine.ini]
[2023.08.29-19.28.32:581][  0]LogConfig: Setting CVar [[r.GPUCrashDebugging:0]]
[2023.08.29-19.28.32:581][  0]LogConfig: Applying CVar settings from Section [/Script/Engine.RendererOverrideSettings] File [C:/Users/dpana/OneDrive/Documents/GitHub/Fall2023MDIA422/BaseSample/Saved/Config/Windows/Engine.ini]
[2023.08.29-19.28.32:581][  0]LogConfig: Applying CVar settings from Section [/Script/Engine.StreamingSettings] File [C:/Users/dpana/OneDrive/Documents/GitHub/Fall2023MDIA422/BaseSample/Saved/Config/Windows/Engine.ini]
[2023.08.29-19.28.32:582][  0]LogConfig: Setting CVar [[s.MinBulkDataSizeForAsyncLoading:131072]]
[2023.08.29-19.28.32:582][  0]LogConfig: Setting CVar [[s.AsyncLoadingThreadEnabled:0]]
[2023.08.29-19.28.32:582][  0]LogConfig: Setting CVar [[s.EventDrivenLoaderEnabled:1]]
[2023.08.29-19.28.32:582][  0]LogConfig: Setting CVar [[s.WarnIfTimeLimitExceeded:0]]
[2023.08.29-19.28.32:582][  0]LogConfig: Setting CVar [[s.TimeLimitExceededMultiplier:1.5]]
[2023.08.29-19.28.32:582][  0]LogConfig: Setting CVar [[s.TimeLimitExceededMinTime:0.005]]
[2023.08.29-19.28.32:582][  0]LogConfig: Setting CVar [[s.UseBackgroundLevelStreaming:1]]
[2023.08.29-19.28.32:582][  0]LogConfig: Setting CVar [[s.PriorityAsyncLoadingExtraTime:15.0]]
[2023.08.29-19.28.32:582][  0]LogConfig: Setting CVar [[s.LevelStreamingActorsUpdateTimeLimit:5.0]]
[2023.08.29-19.28.32:582][  0]LogConfig: Setting CVar [[s.PriorityLevelStreamingActorsUpdateExtraTime:5.0]]
[2023.08.29-19.28.32:582][  0]LogConfig: Setting CVar [[s.LevelStreamingComponentsRegistrationGranularity:10]]
[2023.08.29-19.28.32:582][  0]LogConfig: Setting CVar [[s.UnregisterComponentsTimeLimit:1.0]]
[2023.08.29-19.28.32:582][  0]LogConfig: Setting CVar [[s.LevelStreamingComponentsUnregistrationGranularity:5]]
[2023.08.29-19.28.32:582][  0]LogConfig: Setting CVar [[s.FlushStreamingOnExit:1]]
[2023.08.29-19.28.32:582][  0]LogConfig: Applying CVar settings from Section [/Script/Engine.GarbageCollectionSettings] File [C:/Users/dpana/OneDrive/Documents/GitHub/Fall2023MDIA422/BaseSample/Saved/Config/Windows/Engine.ini]
[2023.08.29-19.28.32:582][  0]LogConfig: Setting CVar [[gc.MaxObjectsNotConsideredByGC:1]]
[2023.08.29-19.28.32:582][  0]LogConfig: Setting CVar [[gc.SizeOfPermanentObjectPool:0]]
[2023.08.29-19.28.32:582][  0]LogConfig: Setting CVar [[gc.FlushStreamingOnGC:0]]
[2023.08.29-19.28.32:582][  0]LogConfig: Setting CVar [[gc.NumRetriesBeforeForcingGC:10]]
[2023.08.29-19.28.32:582][  0]LogConfig: Setting CVar [[gc.AllowParallelGC:1]]
[2023.08.29-19.28.32:582][  0]LogConfig: Setting CVar [[gc.TimeBetweenPurgingPendingKillObjects:61.1]]
[2023.08.29-19.28.32:582][  0]LogConfig: Setting CVar [[gc.MaxObjectsInEditor:25165824]]
[2023.08.29-19.28.32:582][  0]LogConfig: Setting CVar [[gc.IncrementalBeginDestroyEnabled:1]]
[2023.08.29-19.28.32:582][  0]LogConfig: Setting CVar [[gc.CreateGCClusters:1]]
[2023.08.29-19.28.32:582][  0]LogConfig: Setting CVar [[gc.MinGCClusterSize:5]]
[2023.08.29-19.28.32:582][  0]LogConfig: Setting CVar [[gc.ActorClusteringEnabled:0]]
[2023.08.29-19.28.32:582][  0]LogConfig: Setting CVar [[gc.BlueprintClusteringEnabled:0]]
[2023.08.29-19.28.32:582][  0]LogConfig: Setting CVar [[gc.UseDisregardForGCOnDedicatedServers:0]]
[2023.08.29-19.28.32:582][  0]LogConfig: Setting CVar [[gc.MultithreadedDestructionEnabled:1]]
[2023.08.29-19.28.32:582][  0]LogConfig: Applying CVar settings from Section [/Script/Engine.NetworkSettings] File [C:/Users/dpana/OneDrive/Documents/GitHub/Fall2023MDIA422/BaseSample/Saved/Config/Windows/Engine.ini]
[2023.08.29-19.28.32:582][  0]LogConfig: Applying CVar settings from Section [/Script/UnrealEd.CookerSettings] File [C:/Users/dpana/OneDrive/Documents/GitHub/Fall2023MDIA422/BaseSample/Saved/Config/Windows/Engine.ini]
[2023.08.29-19.28.32:588][  0]LogConfig: Applying CVar settings from Section [ViewDistanceQuality@3] File [C:/Users/dpana/OneDrive/Documents/GitHub/Fall2023MDIA422/BaseSample/Saved/Config/Windows/Scalability.ini]
[2023.08.29-19.28.32:588][  0]LogConfig: Setting CVar [[r.SkeletalMeshLODBias:0]]
[2023.08.29-19.28.32:588][  0]LogConfig: Setting CVar [[r.ViewDistanceScale:1.0]]
[2023.08.29-19.28.32:588][  0]LogConfig: Applying CVar settings from Section [AntiAliasingQuality@3] File [C:/Users/dpana/OneDrive/Documents/GitHub/Fall2023MDIA422/BaseSample/Saved/Config/Windows/Scalability.ini]
[2023.08.29-19.28.32:588][  0]LogConfig: Setting CVar [[r.PostProcessAAQuality:4]]
[2023.08.29-19.28.32:588][  0]LogConfig: Applying CVar settings from Section [ShadowQuality@3] File [C:/Users/dpana/OneDrive/Documents/GitHub/Fall2023MDIA422/BaseSample/Saved/Config/Windows/Scalability.ini]
[2023.08.29-19.28.32:588][  0]LogConfig: Setting CVar [[r.LightFunctionQuality:1]]
[2023.08.29-19.28.32:588][  0]LogConfig: Setting CVar [[r.ShadowQuality:5]]
[2023.08.29-19.28.32:588][  0]LogConfig: Setting CVar [[r.Shadow.CSM.MaxCascades:10]]
[2023.08.29-19.28.32:588][  0]LogConfig: Setting CVar [[r.Shadow.MaxResolution:2048]]
[2023.08.29-19.28.32:588][  0]LogConfig: Setting CVar [[r.Shadow.MaxCSMResolution:2048]]
[2023.08.29-19.28.32:588][  0]LogConfig: Setting CVar [[r.Shadow.RadiusThreshold:0.01]]
[2023.08.29-19.28.32:589][  0]LogConfig: Setting CVar [[r.Shadow.DistanceScale:1.0]]
[2023.08.29-19.28.32:589][  0]LogConfig: Setting CVar [[r.Shadow.CSM.TransitionScale:1.0]]
[2023.08.29-19.28.32:589][  0]LogConfig: Setting CVar [[r.Shadow.PreShadowResolutionFactor:1.0]]
[2023.08.29-19.28.32:589][  0]LogConfig: Setting CVar [[r.DistanceFieldShadowing:1]]
[2023.08.29-19.28.32:589][  0]LogConfig: Setting CVar [[r.DistanceFieldAO:1]]
[2023.08.29-19.28.32:589][  0]LogConfig: Setting CVar [[r.AOQuality:2]]
[2023.08.29-19.28.32:589][  0]LogConfig: Setting CVar [[r.VolumetricFog:1]]
[2023.08.29-19.28.32:589][  0]LogConfig: Setting CVar [[r.VolumetricFog.GridPixelSize:8]]
[2023.08.29-19.28.32:589][  0]LogConfig: Setting CVar [[r.VolumetricFog.GridSizeZ:128]]
[2023.08.29-19.28.32:589][  0]LogConfig: Setting CVar [[r.VolumetricFog.HistoryMissSupersampleCount:4]]
[2023.08.29-19.28.32:589][  0]LogConfig: Setting CVar [[r.LightMaxDrawDistanceScale:1]]
[2023.08.29-19.28.32:589][  0]LogConfig: Setting CVar [[r.CapsuleShadows:1]]
[2023.08.29-19.28.32:589][  0]LogConfig: Applying CVar settings from Section [PostProcessQuality@3] File [C:/Users/dpana/OneDrive/Documents/GitHub/Fall2023MDIA422/BaseSample/Saved/Config/Windows/Scalability.ini]
[2023.08.29-19.28.32:589][  0]LogConfig: Setting CVar [[r.MotionBlurQuality:4]]
[2023.08.29-19.28.32:589][  0]LogConfig: Setting CVar [[r.AmbientOcclusionMipLevelFactor:0.4]]
[2023.08.29-19.28.32:589][  0]LogConfig: Setting CVar [[r.AmbientOcclusionMaxQuality:100]]
[2023.08.29-19.28.32:589][  0]LogConfig: Setting CVar [[r.AmbientOcclusionLevels:-1]]
[2023.08.29-19.28.32:589][  0]LogConfig: Setting CVar [[r.AmbientOcclusionRadiusScale:1.0]]
[2023.08.29-19.28.32:589][  0]LogConfig: Setting CVar [[r.DepthOfFieldQuality:2]]
[2023.08.29-19.28.32:589][  0]LogConfig: Setting CVar [[r.RenderTargetPoolMin:400]]
[2023.08.29-19.28.32:589][  0]LogConfig: Setting CVar [[r.LensFlareQuality:2]]
[2023.08.29-19.28.32:589][  0]LogConfig: Setting CVar [[r.SceneColorFringeQuality:1]]
[2023.08.29-19.28.32:589][  0]LogConfig: Setting CVar [[r.EyeAdaptationQuality:2]]
[2023.08.29-19.28.32:589][  0]LogConfig: Setting CVar [[r.BloomQuality:5]]
[2023.08.29-19.28.32:589][  0]LogConfig: Setting CVar [[r.FastBlurThreshold:100]]
[2023.08.29-19.28.32:589][  0]LogConfig: Setting CVar [[r.Upscale.Quality:3]]
[2023.08.29-19.28.32:589][  0]LogConfig: Setting CVar [[r.Tonemapper.GrainQuantization:1]]
[2023.08.29-19.28.32:589][  0]LogConfig: Setting CVar [[r.LightShaftQuality:1]]
[2023.08.29-19.28.32:589][  0]LogConfig: Setting CVar [[r.Filter.SizeScale:1]]
[2023.08.29-19.28.32:589][  0]LogConfig: Setting CVar [[r.Tonemapper.Quality:5]]
[2023.08.29-19.28.32:589][  0]LogConfig: Setting CVar [[r.DOF.Gather.AccumulatorQuality:1        ; higher gathering accumulator quality]]
[2023.08.29-19.28.32:589][  0]LogConfig: Setting CVar [[r.DOF.Gather.PostfilterMethod:1          ; Median3x3 postfilering method]]
[2023.08.29-19.28.32:589][  0]LogConfig: Setting CVar [[r.DOF.Gather.EnableBokehSettings:0       ; no bokeh simulation when gathering]]
[2023.08.29-19.28.32:589][  0]LogConfig: Setting CVar [[r.DOF.Gather.RingCount:4                 ; medium number of samples when gathering]]
[2023.08.29-19.28.32:589][  0]LogConfig: Setting CVar [[r.DOF.Scatter.ForegroundCompositing:1    ; additive foreground scattering]]
[2023.08.29-19.28.32:589][  0]LogConfig: Setting CVar [[r.DOF.Scatter.BackgroundCompositing:2    ; additive background scattering]]
[2023.08.29-19.28.32:589][  0]LogConfig: Setting CVar [[r.DOF.Scatter.EnableBokehSettings:1      ; bokeh simulation when scattering]]
[2023.08.29-19.28.32:589][  0]LogConfig: Setting CVar [[r.DOF.Scatter.MaxSpriteRatio:0.1         ; only a maximum of 10% of scattered bokeh]]
[2023.08.29-19.28.32:589][  0]LogConfig: Setting CVar [[r.DOF.Recombine.Quality:1                ; cheap slight out of focus]]
[2023.08.29-19.28.32:589][  0]LogConfig: Setting CVar [[r.DOF.Recombine.EnableBokehSettings:0    ; no bokeh simulation on slight out of focus]]
[2023.08.29-19.28.32:589][  0]LogConfig: Setting CVar [[r.DOF.TemporalAAQuality:1                ; more stable temporal accumulation]]
[2023.08.29-19.28.32:589][  0]LogConfig: Setting CVar [[r.DOF.Kernel.MaxForegroundRadius:0.025]]
[2023.08.29-19.28.32:589][  0]LogConfig: Setting CVar [[r.DOF.Kernel.MaxBackgroundRadius:0.025]]
[2023.08.29-19.28.32:589][  0]LogConfig: Applying CVar settings from Section [TextureQuality@3] File [C:/Users/dpana/OneDrive/Documents/GitHub/Fall2023MDIA422/BaseSample/Saved/Config/Windows/Scalability.ini]
[2023.08.29-19.28.32:589][  0]LogConfig: Setting CVar [[r.Streaming.MipBias:0]]
[2023.08.29-19.28.32:589][  0]LogConfig: Setting CVar [[r.Streaming.AmortizeCPUToGPUCopy:0]]
[2023.08.29-19.28.32:589][  0]LogConfig: Setting CVar [[r.Streaming.MaxNumTexturesToStreamPerFrame:0]]
[2023.08.29-19.28.32:589][  0]LogConfig: Setting CVar [[r.Streaming.Boost:1]]
[2023.08.29-19.28.32:589][  0]LogConfig: Setting CVar [[r.MaxAnisotropy:8]]
[2023.08.29-19.28.32:589][  0]LogConfig: Setting CVar [[r.VT.MaxAnisotropy:8]]
[2023.08.29-19.28.32:589][  0]LogConfig: Setting CVar [[r.Streaming.LimitPoolSizeToVRAM:0]]
[2023.08.29-19.28.32:589][  0]LogConfig: Setting CVar [[r.Streaming.PoolSize:1000]]
[2023.08.29-19.28.32:589][  0]LogConfig: Setting CVar [[r.Streaming.MaxEffectiveScreenSize:0]]
[2023.08.29-19.28.32:589][  0]LogConfig: Applying CVar settings from Section [EffectsQuality@3] File [C:/Users/dpana/OneDrive/Documents/GitHub/Fall2023MDIA422/BaseSample/Saved/Config/Windows/Scalability.ini]
[2023.08.29-19.28.32:589][  0]LogConfig: Setting CVar [[r.TranslucencyLightingVolumeDim:64]]
[2023.08.29-19.28.32:589][  0]LogConfig: Setting CVar [[r.RefractionQuality:2]]
[2023.08.29-19.28.32:589][  0]LogConfig: Setting CVar [[r.SSR.Quality:3]]
[2023.08.29-19.28.32:589][  0]LogConfig: Setting CVar [[r.SSR.HalfResSceneColor:0]]
[2023.08.29-19.28.32:589][  0]LogConfig: Setting CVar [[r.SceneColorFormat:4]]
[2023.08.29-19.28.32:589][  0]LogConfig: Setting CVar [[r.DetailMode:2]]
[2023.08.29-19.28.32:589][  0]LogConfig: Setting CVar [[r.TranslucencyVolumeBlur:1]]
[2023.08.29-19.28.32:589][  0]LogConfig: Setting CVar [[r.MaterialQualityLevel:1 ; High quality]]
[2023.08.29-19.28.32:589][  0]LogConfig: Setting CVar [[r.AnisotropicMaterials:1]]
[2023.08.29-19.28.32:589][  0]LogConfig: Setting CVar [[r.SSS.Scale:1]]
[2023.08.29-19.28.32:589][  0]LogConfig: Setting CVar [[r.SSS.SampleSet:2]]
[2023.08.29-19.28.32:589][  0]LogConfig: Setting CVar [[r.SSS.Quality:1]]
[2023.08.29-19.28.32:589][  0]LogConfig: Setting CVar [[r.SSS.HalfRes:0]]
[2023.08.29-19.28.32:589][  0]LogConfig: Setting CVar [[r.SSGI.Quality:3]]
[2023.08.29-19.28.32:589][  0]LogConfig: Setting CVar [[r.EmitterSpawnRateScale:1.0]]
[2023.08.29-19.28.32:589][  0]LogConfig: Setting CVar [[r.ParticleLightQuality:2]]
[2023.08.29-19.28.32:589][  0]LogConfig: Setting CVar [[r.SkyAtmosphere.AerialPerspectiveLUT.FastApplyOnOpaque:1 ; Always have FastSkyLUT 1 in this case to avoid wrong sky]]
[2023.08.29-19.28.32:589][  0]LogConfig: Setting CVar [[r.SkyAtmosphere.AerialPerspectiveLUT.SampleCountMaxPerSlice:4]]
[2023.08.29-19.28.32:589][  0]LogConfig: Setting CVar [[r.SkyAtmosphere.AerialPerspectiveLUT.DepthResolution:16.0]]
[2023.08.29-19.28.32:589][  0]LogConfig: Setting CVar [[r.SkyAtmosphere.FastSkyLUT:1]]
[2023.08.29-19.28.32:589][  0]LogConfig: Setting CVar [[r.SkyAtmosphere.FastSkyLUT.SampleCountMin:4.0]]
[2023.08.29-19.28.32:589][  0]LogConfig: Setting CVar [[r.SkyAtmosphere.FastSkyLUT.SampleCountMax:128.0]]
[2023.08.29-19.28.32:590][  0]LogConfig: Setting CVar [[r.SkyAtmosphere.SampleCountMin:4.0]]
[2023.08.29-19.28.32:590][  0]LogConfig: Setting CVar [[r.SkyAtmosphere.SampleCountMax:128.0]]
[2023.08.29-19.28.32:590][  0]LogConfig: Setting CVar [[r.SkyAtmosphere.TransmittanceLUT.UseSmallFormat:0]]
[2023.08.29-19.28.32:590][  0]LogConfig: Setting CVar [[r.SkyAtmosphere.TransmittanceLUT.SampleCount:10.0]]
[2023.08.29-19.28.32:590][  0]LogConfig: Setting CVar [[r.SkyAtmosphere.MultiScatteringLUT.SampleCount:15.0]]
[2023.08.29-19.28.32:590][  0]LogConfig: Setting CVar [[r.SkyLight.RealTimeReflectionCapture:1]]
[2023.08.29-19.28.32:590][  0]LogConfig: Applying CVar settings from Section [FoliageQuality@3] File [C:/Users/dpana/OneDrive/Documents/GitHub/Fall2023MDIA422/BaseSample/Saved/Config/Windows/Scalability.ini]
[2023.08.29-19.28.32:590][  0]LogConfig: Setting CVar [[foliage.DensityScale:1.0]]
[2023.08.29-19.28.32:590][  0]LogConfig: Setting CVar [[grass.DensityScale:1.0]]
[2023.08.29-19.28.32:590][  0]LogConfig: Applying CVar settings from Section [ShadingQuality@3] File [C:/Users/dpana/OneDrive/Documents/GitHub/Fall2023MDIA422/BaseSample/Saved/Config/Windows/Scalability.ini]
[2023.08.29-19.28.32:590][  0]LogConfig: Setting CVar [[r.HairStrands.SkyLighting.IntegrationType:2]]
[2023.08.29-19.28.32:590][  0]LogConfig: Setting CVar [[r.HairStrands.SkyAO.SampleCount:4]]
[2023.08.29-19.28.32:590][  0]LogConfig: Setting CVar [[r.HairStrands.Visibility.MSAA.SamplePerPixel:4]]
[2023.08.29-19.28.32:590][  0]LogInit: Selected Device Profile: [Windows]
[2023.08.29-19.28.32:590][  0]LogInit: Applying CVar settings loaded from the selected device profile: [Windows]
[2023.08.29-19.28.32:591][  0]LogHAL: Display: Platform has ~ 32 GB [34014814208 / 34359738368 / 32], which maps to Largest [LargestMinGB=32, LargerMinGB=12, DefaultMinGB=8, SmallerMinGB=6, SmallestMinGB=0)
[2023.08.29-19.28.32:591][  0]LogInit: Going up to parent DeviceProfile []
[2023.08.29-19.28.32:591][  0]LogConfig: Applying CVar settings from Section [ViewDistanceQuality@3] File [C:/Users/dpana/OneDrive/Documents/GitHub/Fall2023MDIA422/BaseSample/Saved/Config/Windows/Scalability.ini]
[2023.08.29-19.28.32:591][  0]LogConfig: Setting CVar [[r.SkeletalMeshLODBias:0]]
[2023.08.29-19.28.32:591][  0]LogConfig: Setting CVar [[r.ViewDistanceScale:1.0]]
[2023.08.29-19.28.32:591][  0]LogConfig: Applying CVar settings from Section [AntiAliasingQuality@3] File [C:/Users/dpana/OneDrive/Documents/GitHub/Fall2023MDIA422/BaseSample/Saved/Config/Windows/Scalability.ini]
[2023.08.29-19.28.32:591][  0]LogConfig: Setting CVar [[r.PostProcessAAQuality:4]]
[2023.08.29-19.28.32:591][  0]LogConfig: Applying CVar settings from Section [ShadowQuality@3] File [C:/Users/dpana/OneDrive/Documents/GitHub/Fall2023MDIA422/BaseSample/Saved/Config/Windows/Scalability.ini]
[2023.08.29-19.28.32:591][  0]LogConfig: Setting CVar [[r.LightFunctionQuality:1]]
[2023.08.29-19.28.32:591][  0]LogConfig: Setting CVar [[r.ShadowQuality:5]]
[2023.08.29-19.28.32:591][  0]LogConfig: Setting CVar [[r.Shadow.CSM.MaxCascades:10]]
[2023.08.29-19.28.32:591][  0]LogConfig: Setting CVar [[r.Shadow.MaxResolution:2048]]
[2023.08.29-19.28.32:591][  0]LogConfig: Setting CVar [[r.Shadow.MaxCSMResolution:2048]]
[2023.08.29-19.28.32:591][  0]LogConfig: Setting CVar [[r.Shadow.RadiusThreshold:0.01]]
[2023.08.29-19.28.32:591][  0]LogConfig: Setting CVar [[r.Shadow.DistanceScale:1.0]]
[2023.08.29-19.28.32:591][  0]LogConfig: Setting CVar [[r.Shadow.CSM.TransitionScale:1.0]]
[2023.08.29-19.28.32:591][  0]LogConfig: Setting CVar [[r.Shadow.PreShadowResolutionFactor:1.0]]
[2023.08.29-19.28.32:591][  0]LogConfig: Setting CVar [[r.DistanceFieldShadowing:1]]
[2023.08.29-19.28.32:591][  0]LogConfig: Setting CVar [[r.DistanceFieldAO:1]]
[2023.08.29-19.28.32:591][  0]LogConfig: Setting CVar [[r.AOQuality:2]]
[2023.08.29-19.28.32:591][  0]LogConfig: Setting CVar [[r.VolumetricFog:1]]
[2023.08.29-19.28.32:591][  0]LogConfig: Setting CVar [[r.VolumetricFog.GridPixelSize:8]]
[2023.08.29-19.28.32:591][  0]LogConfig: Setting CVar [[r.VolumetricFog.GridSizeZ:128]]
[2023.08.29-19.28.32:591][  0]LogConfig: Setting CVar [[r.VolumetricFog.HistoryMissSupersampleCount:4]]
[2023.08.29-19.28.32:591][  0]LogConfig: Setting CVar [[r.LightMaxDrawDistanceScale:1]]
[2023.08.29-19.28.32:591][  0]LogConfig: Setting CVar [[r.CapsuleShadows:1]]
[2023.08.29-19.28.32:591][  0]LogConfig: Applying CVar settings from Section [PostProcessQuality@3] File [C:/Users/dpana/OneDrive/Documents/GitHub/Fall2023MDIA422/BaseSample/Saved/Config/Windows/Scalability.ini]
[2023.08.29-19.28.32:591][  0]LogConfig: Setting CVar [[r.MotionBlurQuality:4]]
[2023.08.29-19.28.32:591][  0]LogConfig: Setting CVar [[r.AmbientOcclusionMipLevelFactor:0.4]]
[2023.08.29-19.28.32:591][  0]LogConfig: Setting CVar [[r.AmbientOcclusionMaxQuality:100]]
[2023.08.29-19.28.32:591][  0]LogConfig: Setting CVar [[r.AmbientOcclusionLevels:-1]]
[2023.08.29-19.28.32:591][  0]LogConfig: Setting CVar [[r.AmbientOcclusionRadiusScale:1.0]]
[2023.08.29-19.28.32:591][  0]LogConfig: Setting CVar [[r.DepthOfFieldQuality:2]]
[2023.08.29-19.28.32:591][  0]LogConfig: Setting CVar [[r.RenderTargetPoolMin:400]]
[2023.08.29-19.28.32:591][  0]LogConfig: Setting CVar [[r.LensFlareQuality:2]]
[2023.08.29-19.28.32:591][  0]LogConfig: Setting CVar [[r.SceneColorFringeQuality:1]]
[2023.08.29-19.28.32:591][  0]LogConfig: Setting CVar [[r.EyeAdaptationQuality:2]]
[2023.08.29-19.28.32:591][  0]LogConfig: Setting CVar [[r.BloomQuality:5]]
[2023.08.29-19.28.32:591][  0]LogConfig: Setting CVar [[r.FastBlurThreshold:100]]
[2023.08.29-19.28.32:591][  0]LogConfig: Setting CVar [[r.Upscale.Quality:3]]
[2023.08.29-19.28.32:591][  0]LogConfig: Setting CVar [[r.Tonemapper.GrainQuantization:1]]
[2023.08.29-19.28.32:591][  0]LogConfig: Setting CVar [[r.LightShaftQuality:1]]
[2023.08.29-19.28.32:591][  0]LogConfig: Setting CVar [[r.Filter.SizeScale:1]]
[2023.08.29-19.28.32:591][  0]LogConfig: Setting CVar [[r.Tonemapper.Quality:5]]
[2023.08.29-19.28.32:591][  0]LogConfig: Setting CVar [[r.DOF.Gather.AccumulatorQuality:1        ; higher gathering accumulator quality]]
[2023.08.29-19.28.32:591][  0]LogConfig: Setting CVar [[r.DOF.Gather.PostfilterMethod:1          ; Median3x3 postfilering method]]
[2023.08.29-19.28.32:591][  0]LogConfig: Setting CVar [[r.DOF.Gather.EnableBokehSettings:0       ; no bokeh simulation when gathering]]
[2023.08.29-19.28.32:591][  0]LogConfig: Setting CVar [[r.DOF.Gather.RingCount:4                 ; medium number of samples when gathering]]
[2023.08.29-19.28.32:591][  0]LogConfig: Setting CVar [[r.DOF.Scatter.ForegroundCompositing:1    ; additive foreground scattering]]
[2023.08.29-19.28.32:591][  0]LogConfig: Setting CVar [[r.DOF.Scatter.BackgroundCompositing:2    ; additive background scattering]]
[2023.08.29-19.28.32:591][  0]LogConfig: Setting CVar [[r.DOF.Scatter.EnableBokehSettings:1      ; bokeh simulation when scattering]]
[2023.08.29-19.28.32:591][  0]LogConfig: Setting CVar [[r.DOF.Scatter.MaxSpriteRatio:0.1         ; only a maximum of 10% of scattered bokeh]]
[2023.08.29-19.28.32:591][  0]LogConfig: Setting CVar [[r.DOF.Recombine.Quality:1                ; cheap slight out of focus]]
[2023.08.29-19.28.32:591][  0]LogConfig: Setting CVar [[r.DOF.Recombine.EnableBokehSettings:0    ; no bokeh simulation on slight out of focus]]
[2023.08.29-19.28.32:591][  0]LogConfig: Setting CVar [[r.DOF.TemporalAAQuality:1                ; more stable temporal accumulation]]
[2023.08.29-19.28.32:591][  0]LogConfig: Setting CVar [[r.DOF.Kernel.MaxForegroundRadius:0.025]]
[2023.08.29-19.28.32:591][  0]LogConfig: Setting CVar [[r.DOF.Kernel.MaxBackgroundRadius:0.025]]
[2023.08.29-19.28.32:591][  0]LogConfig: Applying CVar settings from Section [TextureQuality@3] File [C:/Users/dpana/OneDrive/Documents/GitHub/Fall2023MDIA422/BaseSample/Saved/Config/Windows/Scalability.ini]
[2023.08.29-19.28.32:591][  0]LogConfig: Setting CVar [[r.Streaming.MipBias:0]]
[2023.08.29-19.28.32:591][  0]LogConfig: Setting CVar [[r.Streaming.AmortizeCPUToGPUCopy:0]]
[2023.08.29-19.28.32:591][  0]LogConfig: Setting CVar [[r.Streaming.MaxNumTexturesToStreamPerFrame:0]]
[2023.08.29-19.28.32:591][  0]LogConfig: Setting CVar [[r.Streaming.Boost:1]]
[2023.08.29-19.28.32:591][  0]LogConfig: Setting CVar [[r.MaxAnisotropy:8]]
[2023.08.29-19.28.32:591][  0]LogConfig: Setting CVar [[r.VT.MaxAnisotropy:8]]
[2023.08.29-19.28.32:592][  0]LogConfig: Setting CVar [[r.Streaming.LimitPoolSizeToVRAM:0]]
[2023.08.29-19.28.32:592][  0]LogConfig: Setting CVar [[r.Streaming.PoolSize:1000]]
[2023.08.29-19.28.32:592][  0]LogConfig: Setting CVar [[r.Streaming.MaxEffectiveScreenSize:0]]
[2023.08.29-19.28.32:592][  0]LogConfig: Applying CVar settings from Section [EffectsQuality@3] File [C:/Users/dpana/OneDrive/Documents/GitHub/Fall2023MDIA422/BaseSample/Saved/Config/Windows/Scalability.ini]
[2023.08.29-19.28.32:592][  0]LogConfig: Setting CVar [[r.TranslucencyLightingVolumeDim:64]]
[2023.08.29-19.28.32:592][  0]LogConfig: Setting CVar [[r.RefractionQuality:2]]
[2023.08.29-19.28.32:592][  0]LogConfig: Setting CVar [[r.SSR.Quality:3]]
[2023.08.29-19.28.32:592][  0]LogConfig: Setting CVar [[r.SSR.HalfResSceneColor:0]]
[2023.08.29-19.28.32:592][  0]LogConfig: Setting CVar [[r.SceneColorFormat:4]]
[2023.08.29-19.28.32:592][  0]LogConfig: Setting CVar [[r.DetailMode:2]]
[2023.08.29-19.28.32:592][  0]LogConfig: Setting CVar [[r.TranslucencyVolumeBlur:1]]
[2023.08.29-19.28.32:592][  0]LogConfig: Setting CVar [[r.MaterialQualityLevel:1 ; High quality]]
[2023.08.29-19.28.32:592][  0]LogConfig: Setting CVar [[r.AnisotropicMaterials:1]]
[2023.08.29-19.28.32:592][  0]LogConfig: Setting CVar [[r.SSS.Scale:1]]
[2023.08.29-19.28.32:592][  0]LogConfig: Setting CVar [[r.SSS.SampleSet:2]]
[2023.08.29-19.28.32:592][  0]LogConfig: Setting CVar [[r.SSS.Quality:1]]
[2023.08.29-19.28.32:592][  0]LogConfig: Setting CVar [[r.SSS.HalfRes:0]]
[2023.08.29-19.28.32:592][  0]LogConfig: Setting CVar [[r.SSGI.Quality:3]]
[2023.08.29-19.28.32:592][  0]LogConfig: Setting CVar [[r.EmitterSpawnRateScale:1.0]]
[2023.08.29-19.28.32:592][  0]LogConfig: Setting CVar [[r.ParticleLightQuality:2]]
[2023.08.29-19.28.32:592][  0]LogConfig: Setting CVar [[r.SkyAtmosphere.AerialPerspectiveLUT.FastApplyOnOpaque:1 ; Always have FastSkyLUT 1 in this case to avoid wrong sky]]
[2023.08.29-19.28.32:592][  0]LogConfig: Setting CVar [[r.SkyAtmosphere.AerialPerspectiveLUT.SampleCountMaxPerSlice:4]]
[2023.08.29-19.28.32:592][  0]LogConfig: Setting CVar [[r.SkyAtmosphere.AerialPerspectiveLUT.DepthResolution:16.0]]
[2023.08.29-19.28.32:592][  0]LogConfig: Setting CVar [[r.SkyAtmosphere.FastSkyLUT:1]]
[2023.08.29-19.28.32:592][  0]LogConfig: Setting CVar [[r.SkyAtmosphere.FastSkyLUT.SampleCountMin:4.0]]
[2023.08.29-19.28.32:592][  0]LogConfig: Setting CVar [[r.SkyAtmosphere.FastSkyLUT.SampleCountMax:128.0]]
[2023.08.29-19.28.32:592][  0]LogConfig: Setting CVar [[r.SkyAtmosphere.SampleCountMin:4.0]]
[2023.08.29-19.28.32:592][  0]LogConfig: Setting CVar [[r.SkyAtmosphere.SampleCountMax:128.0]]
[2023.08.29-19.28.32:592][  0]LogConfig: Setting CVar [[r.SkyAtmosphere.TransmittanceLUT.UseSmallFormat:0]]
[2023.08.29-19.28.32:592][  0]LogConfig: Setting CVar [[r.SkyAtmosphere.TransmittanceLUT.SampleCount:10.0]]
[2023.08.29-19.28.32:592][  0]LogConfig: Setting CVar [[r.SkyAtmosphere.MultiScatteringLUT.SampleCount:15.0]]
[2023.08.29-19.28.32:592][  0]LogConfig: Setting CVar [[r.SkyLight.RealTimeReflectionCapture:1]]
[2023.08.29-19.28.32:592][  0]LogConfig: Applying CVar settings from Section [FoliageQuality@3] File [C:/Users/dpana/OneDrive/Documents/GitHub/Fall2023MDIA422/BaseSample/Saved/Config/Windows/Scalability.ini]
[2023.08.29-19.28.32:592][  0]LogConfig: Setting CVar [[foliage.DensityScale:1.0]]
[2023.08.29-19.28.32:592][  0]LogConfig: Setting CVar [[grass.DensityScale:1.0]]
[2023.08.29-19.28.32:592][  0]LogConfig: Applying CVar settings from Section [ShadingQuality@3] File [C:/Users/dpana/OneDrive/Documents/GitHub/Fall2023MDIA422/BaseSample/Saved/Config/Windows/Scalability.ini]
[2023.08.29-19.28.32:592][  0]LogConfig: Setting CVar [[r.HairStrands.SkyLighting.IntegrationType:2]]
[2023.08.29-19.28.32:592][  0]LogConfig: Setting CVar [[r.HairStrands.SkyAO.SampleCount:4]]
[2023.08.29-19.28.32:592][  0]LogConfig: Setting CVar [[r.HairStrands.Visibility.MSAA.SamplePerPixel:4]]
[2023.08.29-19.28.32:592][  0]LogConfig: Applying CVar settings from Section [Startup] File [../../../Engine/Config/ConsoleVariables.ini]
[2023.08.29-19.28.32:592][  0]LogConfig: Setting CVar [[net.UseAdaptiveNetUpdateFrequency:0]]
[2023.08.29-19.28.32:593][  0]LogConfig: Setting CVar [[p.chaos.AllowCreatePhysxBodies:1]]
[2023.08.29-19.28.32:593][  0]LogConfig: Setting CVar [[fx.SkipVectorVMBackendOptimizations:1]]
[2023.08.29-19.28.32:593][  0]LogConfig: Applying CVar settings from Section [ConsoleVariables] File [C:/Users/dpana/OneDrive/Documents/GitHub/Fall2023MDIA422/BaseSample/Saved/Config/Windows/Engine.ini]
[2023.08.29-19.28.32:593][  0]LogConfig: Applying CVar settings from Section [ConsoleVariables] File [C:/Users/dpana/OneDrive/Documents/GitHub/Fall2023MDIA422/BaseSample/Saved/Config/Windows/Editor.ini]
[2023.08.29-19.28.32:593][  0]LogInit: Computer: DESKTOP-HE5T9LO
[2023.08.29-19.28.32:593][  0]LogInit: User: dpana
[2023.08.29-19.28.32:593][  0]LogInit: CPU Page size=4096, Cores=14
[2023.08.29-19.28.32:593][  0]LogInit: High frequency timer resolution =10.000000 MHz
[2023.08.29-19.28.32:593][  0]LogMemory: Memory total: Physical=31.7GB (32GB approx)
[2023.08.29-19.28.32:593][  0]LogMemory: Platform Memory Stats for Windows
[2023.08.29-19.28.32:593][  0]LogMemory: Process Physical Memory: 148.61 MB used, 148.61 MB peak
[2023.08.29-19.28.32:593][  0]LogMemory: Process Virtual Memory: 132.72 MB used, 132.72 MB peak
[2023.08.29-19.28.32:593][  0]LogMemory: Physical Memory: 14381.01 MB used,  18058.05 MB free, 32439.05 MB total
[2023.08.29-19.28.32:593][  0]LogMemory: Virtual Memory: 134202160.00 MB used,  15567.18 MB free, 134217728.00 MB total
[2023.08.29-19.28.32:598][  0]LogWindows: WindowsPlatformFeatures enabled
[2023.08.29-19.28.32:702][  0]LogInit: Physics initialised using underlying interface: PhysX
[2023.08.29-19.28.32:705][  0]LogInit: Using OS detected language (en-US).
[2023.08.29-19.28.32:705][  0]LogInit: Using OS detected locale (en-US).
[2023.08.29-19.28.32:726][  0]LogTextLocalizationManager: No specific localization for 'en-US' exists, so the 'en' localization will be used.
[2023.08.29-19.28.33:059][  0]LogInit: Setting process to per monitor DPI aware
[2023.08.29-19.28.33:082][  0]LogWindowsTextInputMethodSystem: Display: IME system deactivated.
[2023.08.29-19.28.33:109][  0]LogSlate: New Slate User Created.  User Index 0, Is Virtual User: 0
[2023.08.29-19.28.33:110][  0]LogSlate: Slate User Registered.  User Index 0, Is Virtual User: 0
[2023.08.29-19.28.33:482][  0]LogD3D11RHI: Loaded GFSDK_Aftermath_Lib.x64.dll
[2023.08.29-19.28.33:533][  0]LogHMD: Failed to initialize OpenVR with code 110
[2023.08.29-19.28.33:533][  0]LogD3D11RHI: D3D11 min allowed feature level: 11_0
[2023.08.29-19.28.33:533][  0]LogD3D11RHI: D3D11 max allowed feature level: 11_0
[2023.08.29-19.28.33:533][  0]LogD3D11RHI: D3D11 adapters:
[2023.08.29-19.28.34:367][  0]LogD3D11RHI:    0. 'NVIDIA GeForce RTX 4060 Laptop GPU' (Feature Level 11_0)
[2023.08.29-19.28.34:367][  0]LogD3D11RHI:       7973/0/16219 MB DedicatedVideo/DedicatedSystem/SharedSystem, Outputs:1, VendorId:0x10de
[2023.08.29-19.28.34:405][  0]LogD3D11RHI:    1. 'Intel(R) Iris(R) Xe Graphics' (Feature Level 11_0)
[2023.08.29-19.28.34:405][  0]LogD3D11RHI:       128/0/16219 MB DedicatedVideo/DedicatedSystem/SharedSystem, Outputs:0, VendorId:0x8086
[2023.08.29-19.28.34:408][  0]LogD3D11RHI:    2. 'Microsoft Basic Render Driver' (Feature Level 11_0)
[2023.08.29-19.28.34:408][  0]LogD3D11RHI:       0/0/16219 MB DedicatedVideo/DedicatedSystem/SharedSystem, Outputs:0, VendorId:0x1414
[2023.08.29-19.28.34:408][  0]LogD3D11RHI: Chosen D3D11 Adapter:
[2023.08.29-19.28.34:408][  0]LogD3D11RHI:     Description : NVIDIA GeForce RTX 4060 Laptop GPU
[2023.08.29-19.28.34:408][  0]LogD3D11RHI:     VendorId    : 10de
[2023.08.29-19.28.34:408][  0]LogD3D11RHI:     DeviceId    : 28a0
[2023.08.29-19.28.34:408][  0]LogD3D11RHI:     SubSysId    : beb1028
[2023.08.29-19.28.34:408][  0]LogD3D11RHI:     Revision    : 00a1
[2023.08.29-19.28.34:408][  0]LogD3D11RHI:     DedicatedVideoMemory : 8360296448 bytes
[2023.08.29-19.28.34:408][  0]LogD3D11RHI:     DedicatedSystemMemory : 0 bytes
[2023.08.29-19.28.34:409][  0]LogD3D11RHI:     SharedSystemMemory : 17007407104 bytes
[2023.08.29-19.28.34:409][  0]LogD3D11RHI:     AdapterLuid : 0 94902
[2023.08.29-19.28.34:418][  0]LogD3D11RHI: Creating new Direct3DDevice
[2023.08.29-19.28.34:418][  0]LogD3D11RHI:     GPU DeviceId: 0x28a0 (for the marketing name, search the web for "GPU Device Id")
[2023.08.29-19.28.34:418][  0]LogWindows: EnumDisplayDevices:
[2023.08.29-19.28.34:418][  0]LogWindows:    0. 'Intel(R) Iris(R) Xe Graphics' (P:1 D:1)
[2023.08.29-19.28.34:418][  0]LogWindows:    1. 'Intel(R) Iris(R) Xe Graphics' (P:0 D:0)
[2023.08.29-19.28.34:418][  0]LogWindows:    2. 'Intel(R) Iris(R) Xe Graphics' (P:0 D:0)
[2023.08.29-19.28.34:419][  0]LogWindows:    3. 'Intel(R) Iris(R) Xe Graphics' (P:0 D:0)
[2023.08.29-19.28.34:419][  0]LogWindows: DebugString: PrimaryIsNotTheChoosenAdapter PrimaryIsNotTheChoosenAdapter PrimaryIsNotTheChoosenAdapter PrimaryIsNotTheChoosenAdapter FoundDriverCount:0 
[2023.08.29-19.28.34:419][  0]LogD3D11RHI:     Adapter Name: NVIDIA GeForce RTX 4060 Laptop GPU
[2023.08.29-19.28.34:419][  0]LogD3D11RHI:   Driver Version: Unknown (internal:Unknown, unified:Unknown)
[2023.08.29-19.28.34:419][  0]LogD3D11RHI:      Driver Date: Unknown
[2023.08.29-19.28.34:419][  0]LogRHI: Texture pool is 5581 MB (70% of 7973 MB)
[2023.08.29-19.28.34:419][  0]LogD3D11RHI: Creating D3DDevice using adapter:
[2023.08.29-19.28.34:419][  0]LogD3D11RHI:     Description : NVIDIA GeForce RTX 4060 Laptop GPU
[2023.08.29-19.28.34:419][  0]LogD3D11RHI:     VendorId    : 10de
[2023.08.29-19.28.34:419][  0]LogD3D11RHI:     DeviceId    : 28a0
[2023.08.29-19.28.34:419][  0]LogD3D11RHI:     SubSysId    : beb1028
[2023.08.29-19.28.34:419][  0]LogD3D11RHI:     Revision    : 00a1
[2023.08.29-19.28.34:419][  0]LogD3D11RHI:     DedicatedVideoMemory : 8360296448 bytes
[2023.08.29-19.28.34:419][  0]LogD3D11RHI:     DedicatedSystemMemory : 0 bytes
[2023.08.29-19.28.34:419][  0]LogD3D11RHI:     SharedSystemMemory : 17007407104 bytes
[2023.08.29-19.28.34:419][  0]LogD3D11RHI:     AdapterLuid : 0 94902
[2023.08.29-19.28.34:491][  0]LogD3D11RHI: RHI has support for 64 bit atomics
[2023.08.29-19.28.34:493][  0]LogD3D11RHI: Async texture creation enabled
[2023.08.29-19.28.34:493][  0]LogD3D11RHI: Array index from any shader is supported
[2023.08.29-19.28.34:525][  0]LogD3D11RHI: GPU Timing Frequency: 1000.000000 (Debug: 2 1)
[2023.08.29-19.28.34:559][  0]LogRHI: GeForceNow SDK initialized: 1
[2023.08.29-19.28.34:998][  0]LogTargetPlatformManager: Display: Loaded TargetPlatform 'AllDesktop'
[2023.08.29-19.28.35:020][  0]LogTargetPlatformManager: Display: Loaded TargetPlatform 'Android'
[2023.08.29-19.28.35:020][  0]LogTargetPlatformManager: Display: Loaded TargetPlatform 'Android_ASTC'
[2023.08.29-19.28.35:020][  0]LogTargetPlatformManager: Display: Loaded TargetPlatform 'Android_DXT'
[2023.08.29-19.28.35:020][  0]LogTargetPlatformManager: Display: Loaded TargetPlatform 'Android_ETC2'
[2023.08.29-19.28.35:020][  0]LogTargetPlatformManager: Display: Loaded TargetPlatform 'AndroidClient'
[2023.08.29-19.28.35:020][  0]LogTargetPlatformManager: Display: Loaded TargetPlatform 'Android_ASTCClient'
[2023.08.29-19.28.35:020][  0]LogTargetPlatformManager: Display: Loaded TargetPlatform 'Android_DXTClient'
[2023.08.29-19.28.35:020][  0]LogTargetPlatformManager: Display: Loaded TargetPlatform 'Android_ETC2Client'
[2023.08.29-19.28.35:020][  0]LogTargetPlatformManager: Display: Loaded TargetPlatform 'Android_Multi'
[2023.08.29-19.28.35:020][  0]LogTargetPlatformManager: Display: Loaded TargetPlatform 'Android_MultiClient'
[2023.08.29-19.28.35:043][  0]LogTargetPlatformManager: Display: Loaded TargetPlatform 'IOSClient'
[2023.08.29-19.28.35:043][  0]LogTargetPlatformManager: Display: Loaded TargetPlatform 'IOS'
[2023.08.29-19.28.35:055][  0]LogTargetPlatformManager: Display: Loaded TargetPlatform 'Linux'
[2023.08.29-19.28.35:061][  0]LogTargetPlatformManager: Display: Loaded TargetPlatform 'LinuxNoEditor'
[2023.08.29-19.28.35:067][  0]LogTargetPlatformManager: Display: Loaded TargetPlatform 'LinuxClient'
[2023.08.29-19.28.35:073][  0]LogTargetPlatformManager: Display: Loaded TargetPlatform 'LinuxServer'
[2023.08.29-19.28.35:084][  0]LogTargetPlatformManager: Display: Loaded TargetPlatform 'LinuxAArch64NoEditor'
[2023.08.29-19.28.35:091][  0]LogTargetPlatformManager: Display: Loaded TargetPlatform 'LinuxAArch64Client'
[2023.08.29-19.28.35:097][  0]LogTargetPlatformManager: Display: Loaded TargetPlatform 'LinuxAArch64Server'
[2023.08.29-19.28.35:126][  0]LogTargetPlatformManager: Display: Loaded TargetPlatform 'Lumin'
[2023.08.29-19.28.35:126][  0]LogTargetPlatformManager: Display: Loaded TargetPlatform 'LuminClient'
[2023.08.29-19.28.35:136][  0]LogTargetPlatformManager: Display: Loaded TargetPlatform 'MacNoEditor'
[2023.08.29-19.28.35:143][  0]LogTargetPlatformManager: Display: Loaded TargetPlatform 'Mac'
[2023.08.29-19.28.35:149][  0]LogTargetPlatformManager: Display: Loaded TargetPlatform 'MacClient'
[2023.08.29-19.28.35:154][  0]LogTargetPlatformManager: Display: Loaded TargetPlatform 'MacServer'
[2023.08.29-19.28.35:166][  0]LogTargetPlatformManager: Display: Loaded TargetPlatform 'TVOSClient'
[2023.08.29-19.28.35:166][  0]LogTargetPlatformManager: Display: Loaded TargetPlatform 'TVOS'
[2023.08.29-19.28.35:180][  0]LogTargetPlatformManager: Display: Loaded TargetPlatform 'WindowsNoEditor'
[2023.08.29-19.28.35:187][  0]LogTargetPlatformManager: Display: Loaded TargetPlatform 'Windows'
[2023.08.29-19.28.35:192][  0]LogTargetPlatformManager: Display: Loaded TargetPlatform 'WindowsClient'
[2023.08.29-19.28.35:198][  0]LogTargetPlatformManager: Display: Loaded TargetPlatform 'WindowsServer'
[2023.08.29-19.28.35:198][  0]LogTargetPlatformManager: Display: Building Assets For Windows
[2023.08.29-19.28.35:214][  0]LogAudioDebug: Display: Lib vorbis DLL was dynamically loaded.
[2023.08.29-19.28.35:273][  0]LogTextureFormatOodle: Display: Oodle Texture 2.9.0 init RDO Off
[2023.08.29-19.28.36:600][  0]LogRendererCore: Ray tracing is disabled. Reason: r.RayTracing=0.
[2023.08.29-19.28.36:601][  0]LogShaderCompilers: Guid format shader working directory is -12 characters bigger than the processId version (../../../../../Documents/GitHub/Fall2023MDIA422/BaseSample/Intermediate/Shaders/WorkingDirectory/2900/).
[2023.08.29-19.28.36:601][  0]LogShaderCompilers: Cleaned the shader compiler working directory 'C:/Users/dpana/AppData/Local/Temp/UnrealShaderWorkingDir/7276C444427348FBBABDC5B77F93A154/'.
[2023.08.29-19.28.36:603][  0]LogXGEController: Cannot use XGE Controller as Incredibuild is not installed on this machine.
[2023.08.29-19.28.36:603][  0]LogShaderCompilers: Cannot use XGE Shader Compiler as Incredibuild is not installed on this machine.
[2023.08.29-19.28.36:603][  0]LogShaderCompilers: Display: Using Local Shader Compiler.
[2023.08.29-19.28.37:639][  0]LogDerivedDataCache: Display: Max Cache Size: 512 MB
[2023.08.29-19.28.37:706][  0]LogDerivedDataCache: Loaded boot cache 0.07s 94MB C:/Users/dpana/AppData/Local/UnrealEngine/4.27/DerivedDataCache/Boot.ddc.
[2023.08.29-19.28.37:706][  0]LogDerivedDataCache: Display: Loaded Boot cache: C:/Users/dpana/AppData/Local/UnrealEngine/4.27/DerivedDataCache/Boot.ddc
[2023.08.29-19.28.37:706][  0]LogDerivedDataCache: FDerivedDataBackendGraph:  Pak pak cache file ../../../../../Documents/GitHub/Fall2023MDIA422/BaseSample/DerivedDataCache/DDC.ddp not found, will not use a pak cache.
[2023.08.29-19.28.37:706][  0]LogDerivedDataCache: Unable to find inner node Pak for hierarchical cache Hierarchy.
[2023.08.29-19.28.37:706][  0]LogDerivedDataCache: FDerivedDataBackendGraph:  CompressedPak pak cache file ../../../../../Documents/GitHub/Fall2023MDIA422/BaseSample/DerivedDataCache/Compressed.ddp not found, will not use a pak cache.
[2023.08.29-19.28.37:706][  0]LogDerivedDataCache: Unable to find inner node CompressedPak for hierarchical cache Hierarchy.
[2023.08.29-19.28.37:723][  0]LogDerivedDataCache: Display: Pak cache opened for reading ../../../Engine/DerivedDataCache/Compressed.ddp.
[2023.08.29-19.28.37:723][  0]LogDerivedDataCache: FDerivedDataBackendGraph:  EnterprisePak pak cache file ../../../Enterprise/DerivedDataCache/Compressed.ddp not found, will not use a pak cache.
[2023.08.29-19.28.37:723][  0]LogDerivedDataCache: Unable to find inner node EnterprisePak for hierarchical cache Hierarchy.
[2023.08.29-19.28.37:734][  0]LogDerivedDataCache: Speed tests for C:/Users/dpana/AppData/Local/UnrealEngine/Common/DerivedDataCache took 0.01 seconds
[2023.08.29-19.28.37:734][  0]LogDerivedDataCache: Display: Performance to C:/Users/dpana/AppData/Local/UnrealEngine/Common/DerivedDataCache: Latency=0.32ms. RandomReadSpeed=233.51MBs, RandomWriteSpeed=360.60MBs. Assigned SpeedClass 'Local'
[2023.08.29-19.28.37:735][  0]LogDerivedDataCache: Using Local data cache path C:/Users/dpana/AppData/Local/UnrealEngine/Common/DerivedDataCache: Writable
[2023.08.29-19.28.37:735][  0]LogDerivedDataCache: Shared data cache path not found in *engine.ini, will not use an Shared cache.
[2023.08.29-19.28.37:735][  0]LogDerivedDataCache: Unable to find inner node Shared for hierarchical cache Hierarchy.
[2023.08.29-19.28.37:778][  0]LogSlate: Using FreeType 2.10.0
[2023.08.29-19.28.37:780][  0]LogSlate: SlateFontServices - WITH_FREETYPE: 1, WITH_HARFBUZZ: 1
[2023.08.29-19.28.37:814][  0]LogAssetRegistry: FAssetRegistry took 0.0043 seconds to start up
[2023.08.29-19.28.38:121][  0]LogInit: Selected Device Profile: [Windows]
[2023.08.29-19.28.38:121][  0]LogInit: Active device profile: [00000260EE860B00][00000260ECE5D300 49] Windows
[2023.08.29-19.28.38:121][  0]LogInit: Profiles: [00000260EE860B00][00000260ECE5D300 49] Windows, [00000260EE84A000][00000260ECE65480 49] WindowsNoEditor, [00000260EE861900][00000260ECE69600 49] WindowsServer, [00000260EE84AD00][00000260ECE6D780 49] WindowsClient, [00000260EE863C00][00000260EF0D3900 49] IOS, [00000260EE848F00][00000260EF0D7A80 49] iPadAir, [00000260EE863E00][00000260EF0DBC00 49] iPadAir2, [00000260EE7F0D00][00000260EF0E2340 49] IPadPro, [00000260EE7F0E00][00000260EF0DE380 49] iPadAir3, [00000260EE84BA00][00000260EF0E6500 49] iPadAir4, [00000260EE7F3700][00000260EF0EA680 49] iPadMini2, [00000260EE84B000][00000260ECE607C0 49] iPadMini3, [00000260EE7F3900][00000260EF0EE900 49] iPadMini4, [00000260EE84B400][00000260EF0F2A40 49] iPadMini5, [00000260EE814600][00000260EF0FECC0 49] iPhone6, [00000260EE814700][00000260EF0F6D00 49] iPodTouch6, [00000260EE862600][00000260EF106FC0 49] iPhone7, [00000260EE862800][00000260EF103000 49] iPodTouch7, [00000260EE814100][00000260EF10B180 49] iPhone5S, [00000260EE7F0700][00000260EF10F300 49] iPhone6Plus, [00000260EE816500][00000260EF113480 49] iPhone6S, [00000260EE7F1400][00000260EF117600 49] iPhone6SPlus, [00000260EE817B00][00000260EF11B780 49] iPhone7Plus, [00000260EE7F3600][00000260EF11F900 49] iPhoneSE, [00000260EE862C00][00000260EF123A80 49] iPhone8, [00000260EE7F0600][00000260EF127C00 49] iPhone8Plus, [00000260EE862100][00000260EF12A200 49] iPhoneX, [00000260EE7F2900][00000260EF12E380 49] iPhoneXS, [00000260EE863D00][00000260EF132500 49] iPhoneXSMax, [00000260EE7F2E00][00000260EF136680 49] iPhoneXR, [00000260EE863F00][00000260EF13A800 49] iPhone11, [00000260EE7F1F00][00000260EF0FA940 49] iPhone11Pro, [00000260EE860600][00000260EF13EA80 49] iPhone11ProMax, [00000260EE7F2000][00000260EF142BC0 49] iPhoneSE2, [00000260EE863A00][00000260EF146D00 49] iPhone12Mini, [00000260EE7F2700][00000260EF14EE80 49] iPhone12, [00000260EE862A00][00000260EF153000 49] iPhone12Pro, [00000260EE7F0500][00000260EF157180 49] iPhone12ProMax, [00000260EE863900][00000260EF15B300 49] iPadPro105, [00000260EE7F1800][00000260EF15F480 49] iPadPro129, [00000260EE860C00][00000260EF163600 49] iPadPro97, [00000260EE7F2400][00000260EF167780 49] iPadPro2_129, [00000260EE860800][00000260EF177900 49] iPad5, [00000260EE7F0400][00000260EF17BA80 49] iPad6, [00000260EE861B00][00000260EF17FC00 49] iPad7, [00000260EE7F3500][00000260EF186200 49] iPad8, [00000260EE861F00][00000260EF18A380 49] iPadPro11, [00000260EE7F1A00][00000260EF18E500 49] iPadPro2_11, [00000260EE862500][00000260EF192680 49] iPadPro3_129, [00000260EE7F2200][00000260EF196800 49] iPadPro4_129, [00000260EE861600][00000260EF19A980 49] AppleTV, [00000260EE7F3D00][00000260EF19EB00 49] AppleTV4K, [00000260EE861A00][00000260EF14AC40 49] TVOS, [00000260EE7F0A00][00000260EF1A2D80 49] Mac, [00000260EE862400][00000260EF1A6EC0 49] MacClient, [00000260EE7F2C00][00000260EF1AF040 49] MacNoEditor, [00000260EE863500][00000260EF1B31C0 49] MacServer, [00000260EE7F2300][00000260EF1E7340 49] Linux, [00000260EE860300][00000260EF21B4C0 49] LinuxAArch64, [00000260EE7F2100][00000260EF223640 49] LinuxNoEditor, [00000260EE862300][00000260EF2277C0 49] LinuxAArch64NoEditor, [00000260EE7F3C00][00000260EF23B940 49] LinuxClient, [00000260EE860F00][00000260EF24BAC0 49] LinuxAArch64Client, [00000260EE7F1200][00000260EF24E0C0 49] LinuxServer, [00000260EE863000][00000260EF262240 49] LinuxAArch64Server, [00000260EE7F1600][00000260EF2663C0 49] Android, [00000260EE861200][00000260EF26A540 49] Android_Low, [00000260EE7F3E00][00000260EF2766C0 49] Android_Mid, [00000260EE860100][00000260EF27A840 49] Android_High, [00000260EE7F2A00][00000260EF2949C0 49] Android_Default, [00000260EE861300][00000260EF298B40 49] Android_Adreno4xx, [00000260EE84A200][00000260EF29CCC0 49] Android_Adreno5xx_Low, [00000260EE815C00][00000260EF1AAE00 49] Android_Adreno5xx, [00000260EE84BD00][00000260EF2A0F40 49] Android_Adreno6xx, [00000260EE816700][00000260EF2A5080 49] Android_Adreno6xx_Vulkan, [00000260EE84B500][00000260EF2A91C0 49] Android_Mali_T6xx, [00000260EE814F00][00000260EF2B1340 49] Android_Mali_T7xx, [00000260EE849A00][00000260EF2B54C0 49] Android_Mali_T8xx, [00000260EE815F00][00000260EF2B9640 49] Android_Mali_G71, [00000260EE84AB00][00000260EF2BD7C0 49] Android_Mali_G72, [00000260EE816F00][00000260EF2C1940 49] Android_Mali_G72_Vulkan, [00000260EE84A400][00000260EF2C5AC0 49] Android_Mali_G76, [00000260EE816200][00000260EF3460C0 49] Android_Mali_G76_Vulkan, [00000260EE848E00][00000260EF34A240 49] Android_Mali_G77, [00000260EE815400][00000260EF34E3C0 49] Android_Mali_G77_Vulkan, [00000260EE84B600][00000260EF352540 49] Android_Mali_G78, [00000260EE815300][00000260EF3566C0 49] Android_Mali_G78_Vulkan, [00000260EE849400][00000260EF35A840 49] Android_Mali_G710, [00000260EE817D00][00000260EF35E9C0 49] Android_Mali_G710_Vulkan, [00000260EE848700][00000260EF362B40 49] Android_Vulkan_SM5, [00000260EE815B00][00000260EF366CC0 49] Android_PowerVR_G6xxx, [00000260EE848A00][00000260EF36AE40 49] Android_PowerVR_GT7xxx, [00000260EE814200][00000260EF2ACF80 49] Android_PowerVR_GE8xxx, [00000260EE84B700][00000260EF36F0C0 49] Android_PowerVR_GM9xxx, [00000260EE814A00][00000260EF373200 49] Android_PowerVR_GM9xxx_Vulkan, [00000260EE849000][00000260EF377340 49] Android_TegraK1, [00000260EE815700][00000260EF37F4C0 49] Android_Unknown_Vulkan, [00000260EE849700][00000260EF383640 49] Lumin, [00000260EE817C00][00000260EF3877C0 49] Lumin_Desktop, [00000260EE849500][00000260EF38B940 49] HoloLens, 
[2023.08.29-19.28.38:367][  0]LogMeshReduction: Using QuadricMeshReduction for automatic static mesh reduction
[2023.08.29-19.28.38:367][  0]LogMeshReduction: Using SimplygonMeshReduction for automatic skeletal mesh reduction
[2023.08.29-19.28.38:367][  0]LogMeshReduction: Using ProxyLODMeshReduction for automatic mesh merging
[2023.08.29-19.28.38:367][  0]LogMeshReduction: No distributed automatic mesh merging module available
[2023.08.29-19.28.38:367][  0]LogMeshMerging: No distributed automatic mesh merging module available
[2023.08.29-19.28.38:397][  0]LogNetVersion: BaseSample 1.0.0, NetCL: 17155196, EngineNetVer: 17, GameNetVer: 0 (Checksum: 2954756313)
[2023.08.29-19.28.38:893][  0]LogTexture: Default maximum texture size for cubemaps generated from long-lat sources has been changed from 512 to unlimited. In order to preserve old behaiour for '/Engine/MapTemplates/Sky/DaylightAmbientCubemap.DaylightAmbientCubemap', its maximum texture size has been explicitly set to 512.
[2023.08.29-19.28.38:962][  0]LogHMD: PokeAHoleMaterial loaded successfully
[2023.08.29-19.28.38:968][  0]LogUObjectArray: 17178 objects as part of root set at end of initial load.
[2023.08.29-19.28.38:968][  0]LogUObjectAllocator: 4302048 out of 0 bytes used by permanent object pool.
[2023.08.29-19.28.38:968][  0]LogUObjectArray: CloseDisregardForGC: 0/0 objects in disregard for GC pool
[2023.08.29-19.28.39:431][  0]LogNiagaraDebuggerClient: Niagara Debugger Client Initialized | Session: 3097A7504FFC744BECF591AB90AB4F00 | Instance: 3CFE46B948A577974CBC449B5FE2720B (DESKTOP-HE5T9LO-2900).
[2023.08.29-19.28.39:518][  0]LogPython: Using Python 3.7.7
[2023.08.29-19.28.40:117][  0]LogTcpMessaging: Initializing TcpMessaging bridge
[2023.08.29-19.28.40:124][  0]LogUdpMessaging: Initializing bridge on interface 0.0.0.0:0 to multicast group 230.0.0.1:6666.
[2023.08.29-19.28.40:355][  0]SourceControl: Source control is disabled
[2023.08.29-19.28.40:355][  0]SourceControl: Source control is disabled
[2023.08.29-19.28.40:365][  0]SourceControl: Source control is disabled
[2023.08.29-19.28.40:371][  0]SourceControl: Source control is disabled
[2023.08.29-19.28.40:475][  0]SourceControl: Source control is disabled
[2023.08.29-19.28.40:483][  0]LogUProjectInfo: Found projects:
[2023.08.29-19.28.40:755][  0]LogOpenImageDenoise: OIDN starting up
[2023.08.29-19.28.40:830][  0]LogAndroidPermission: UAndroidPermissionCallbackProxy::GetInstance
[2023.08.29-19.28.40:862][  0]LogAudioCaptureCore: Display: No Audio Capture implementations found. Audio input will be silent.
[2023.08.29-19.28.40:862][  0]LogAudioCaptureCore: Display: No Audio Capture implementations found. Audio input will be silent.
[2023.08.29-19.28.41:030][  0]LogCollectionManager: Loaded 0 collections in 0.002150 seconds
[2023.08.29-19.28.41:065][  0]LogFileCache: Scanning file cache for directory 'C:/Users/dpana/OneDrive/Documents/GitHub/Fall2023MDIA422/BaseSample/Saved/Collections/' took 0.00s
[2023.08.29-19.28.41:065][  0]LogFileCache: Scanning file cache for directory 'C:/Users/dpana/OneDrive/Documents/GitHub/Fall2023MDIA422/BaseSample/Content/Developers/dpana/Collections/' took 0.00s
[2023.08.29-19.28.41:065][  0]LogFileCache: Scanning file cache for directory 'C:/Users/dpana/OneDrive/Documents/GitHub/Fall2023MDIA422/BaseSample/Content/Collections/' took 0.00s
[2023.08.29-19.28.41:065][  0]LogOcInput: OculusInput pre-init called
[2023.08.29-19.28.41:381][  0]LogEngine: Initializing Engine...
[2023.08.29-19.28.41:397][  0]LogHMD: Failed to enumerate extensions. Please check that you have a valid OpenXR runtime installed.
[2023.08.29-19.28.41:398][  0]LogHMD: Failed to initialize OpenVR with code 110
[2023.08.29-19.28.41:398][  0]LogMagicLeap: Warning: VR disabled because ZI is not enabled.  To enable, in the editor, Edit -> Project Settings -> Plugins -> Magic Leap Plugin -> Enable Zero Iteration
[2023.08.29-19.28.41:401][  0]LogStats: UGameplayTagsManager::InitializeManager -  0.001 s
[2023.08.29-19.28.41:505][  0]LogInit: Initializing FReadOnlyCVARCache
[2023.08.29-19.28.41:534][  0]LogAIModule: Creating AISystem for world Untitled
[2023.08.29-19.28.41:537][  0]LogAudio: Display: Initializing Audio Device Manager...
[2023.08.29-19.28.41:542][  0]LogAudio: Display: Loading Default Audio Settings Objects...
[2023.08.29-19.28.41:542][  0]LogAudio: Display: No default SoundConcurrencyObject specified (or failed to load).
[2023.08.29-19.28.41:544][  0]LogAudio: Display: Audio Device Manager Initialized
[2023.08.29-19.28.41:544][  0]LogAudio: Display: Creating Audio Device:                 Id: 1, Scope: Shared, Realtime: True
[2023.08.29-19.28.41:544][  0]LogAudioMixer: Display: Audio Mixer Platform Settings:
[2023.08.29-19.28.41:544][  0]LogAudioMixer: Display: 	Sample Rate:						  48000
[2023.08.29-19.28.41:544][  0]LogAudioMixer: Display: 	Callback Buffer Frame Size Requested: 1024
[2023.08.29-19.28.41:544][  0]LogAudioMixer: Display: 	Callback Buffer Frame Size To Use:	  1024
[2023.08.29-19.28.41:544][  0]LogAudioMixer: Display: 	Number of buffers to queue:			  2
[2023.08.29-19.28.41:544][  0]LogAudioMixer: Display: 	Max Channels (voices):				  32
[2023.08.29-19.28.41:544][  0]LogAudioMixer: Display: 	Number of Async Source Workers:		  0
[2023.08.29-19.28.41:544][  0]LogAudio: Display: AudioDevice MaxSources: 32
[2023.08.29-19.28.41:545][  0]LogAudio: Display: Audio Spatialization Plugin: None (built-in).
[2023.08.29-19.28.41:545][  0]LogAudio: Display: Audio Reverb Plugin: None (built-in).
[2023.08.29-19.28.41:545][  0]LogAudio: Display: Audio Occlusion Plugin: None (built-in).
[2023.08.29-19.28.41:545][  0]LogAudioMixer: Display: Initializing audio mixer.
[2023.08.29-19.28.41:565][  0]LogAudioMixer: Display: 0: FrontLeft
[2023.08.29-19.28.41:565][  0]LogAudioMixer: Display: 1: FrontRight
[2023.08.29-19.28.42:417][  0]LogAudioMixer: Display: Using Audio Device Speakers (Realtek(R) Audio)
[2023.08.29-19.28.42:419][  0]LogAudioMixer: Display: Initializing Sound Submixes...
[2023.08.29-19.28.42:422][  0]LogAudioMixer: Display: Creating Master Submix 'MasterSubmixDefault'
[2023.08.29-19.28.42:422][  0]LogAudioMixer: Display: Creating Master Submix 'MasterReverbSubmixDefault'
[2023.08.29-19.28.42:424][  0]LogAudioMixer: Display: Creating Master Submix 'MasterEQSubmixDefault'
[2023.08.29-19.28.42:424][  0]LogAudioMixer: FMixerPlatformXAudio2::StartAudioStream() called
[2023.08.29-19.28.42:424][  0]LogAudioMixer: Display: Output buffers initialized: Frames=1024, Channels=2, Samples=2048
[2023.08.29-19.28.42:425][  0]LogAudioMixer: Display: Starting AudioMixerPlatformInterface::RunInternal()
[2023.08.29-19.28.42:425][  0]LogAudioMixer: Display: FMixerPlatformXAudio2::SubmitBuffer() called for the first time
[2023.08.29-19.28.42:425][  0]LogInit: FAudioDevice initialized.
[2023.08.29-19.28.42:425][  0]LogAudio: Display: Audio Device (ID: 1) registered with world 'Untitled'.
[2023.08.29-19.28.42:426][  0]LogNetVersion: Set ProjectVersion to 1.0.0.0. Version Checksum will be recalculated on next use.
[2023.08.29-19.28.42:483][  0]LogDerivedDataCache: Saved boot cache 0.06s 94MB C:/Users/dpana/AppData/Local/UnrealEngine/4.27/DerivedDataCache/Boot.ddc.
[2023.08.29-19.28.42:483][  0]LogInit: Texture streaming: Enabled
[2023.08.29-19.28.42:501][  0]LogAnalytics: Display: [UEEditor.Rocket.Release] APIServer = https://datarouter.ol.epicgames.com/. AppVersion = 4.27.2-18319896+++UE4+Release-4.27
[2023.08.29-19.28.42:507][  0]LogEngineSessionManager: EngineSessionManager initialized
[2023.08.29-19.28.42:507][  0]LogEditorSessionSummary: Verbose: Initializing EditorSessionSummaryWriter for editor session tracking
[2023.08.29-19.28.42:510][  0]LogEditorSessionSummary: EditorSessionSummaryWriter initialized
[2023.08.29-19.28.42:548][  0]LogInit: Transaction tracking system initialized
[2023.08.29-19.28.42:596][  0]BlueprintLog: New page: Editor Load
[2023.08.29-19.28.42:720][  0]LocalizationService: Localization service is disabled
[2023.08.29-19.28.42:777][  0]TimingProfiler: Initialize
[2023.08.29-19.28.42:778][  0]TimingProfiler: OnSessionChanged
[2023.08.29-19.28.42:778][  0]LoadingProfiler: Initialize
[2023.08.29-19.28.42:778][  0]LoadingProfiler: OnSessionChanged
[2023.08.29-19.28.42:779][  0]NetworkingProfiler: Initialize
[2023.08.29-19.28.42:779][  0]NetworkingProfiler: OnSessionChanged
[2023.08.29-19.28.42:779][  0]MemoryProfiler: Initialize
[2023.08.29-19.28.42:779][  0]MemoryProfiler: OnSessionChanged
[2023.08.29-19.28.42:986][  0]LogCook: Display: CookSettings for Memory: MemoryMaxUsedVirtual 0MiB, MemoryMaxUsedPhysical 16384MiB, MemoryMinFreeVirtual 0MiB, MemoryMinFreePhysical 1024MiB
[2023.08.29-19.28.42:986][  0]LogCook: Display: Mobile HDR setting 1
[2023.08.29-19.28.43:291][  0]LogFileCache: Scanning file cache for directory 'C:/Users/dpana/OneDrive/Documents/GitHub/Fall2023MDIA422/BaseSample/Content/' took 0.01s
[2023.08.29-19.28.43:483][  0]LogInit: Display: Engine is initialized. Leaving FEngineLoop::Init()
[2023.08.29-19.28.43:488][  0]SourceControl: Source control is disabled
[2023.08.29-19.28.43:489][  0]LogUnrealEdMisc: Loading editor; pre map load, took 15.454
[2023.08.29-19.28.43:489][  0]Cmd: MAP LOAD FILE="../../../../../Documents/GitHub/Fall2023MDIA422/BaseSample/Content/ThirdPersonBP/Maps/ThirdPersonExampleMap.umap" TEMPLATE=0 SHOWPROGRESS=1 FEATURELEVEL=3
[2023.08.29-19.28.43:490][  0]LightingResults: New page: Lighting Build
[2023.08.29-19.28.43:494][  0]LogWorld: UWorld::CleanupWorld for Untitled, bSessionEnded=true, bCleanupResources=true
[2023.08.29-19.28.43:495][  0]LogSlate: InvalidateAllWidgets triggered.  All widgets were invalidated
[2023.08.29-19.28.43:496][  0]MapCheck: New page: Map Check
[2023.08.29-19.28.43:496][  0]LightingResults: New page: Lighting Build
[2023.08.29-19.28.43:503][  0]LogAudio: Display: Audio Device unregistered from world 'None'.
[2023.08.29-19.28.43:507][  0]LogUObjectHash: Compacting FUObjectHashTables data took   0.55ms
[2023.08.29-19.28.43:577][  0]LogLinker: Warning: [AssetLog] C:\Users\dpana\OneDrive\Documents\GitHub\Fall2023MDIA422\BaseSample\Content\ThirdPersonBP\Maps\ThirdPersonExampleMap.umap: Failed to load '/Game/ThirdPersonBP/Maps/ThirdPersonExampleMap_BuiltData': Can't find file.
[2023.08.29-19.28.43:578][  0]LogLinker: Warning: [AssetLog] C:\Users\dpana\OneDrive\Documents\GitHub\Fall2023MDIA422\BaseSample\Content\ThirdPersonBP\Maps\ThirdPersonExampleMap.umap: Failed to load '/Game/ThirdPersonBP/Maps/ThirdPersonExampleMap_BuiltData': Can't find file.
[2023.08.29-19.28.43:581][  0]LogLinker: Warning: [AssetLog] C:\Users\dpana\OneDrive\Documents\GitHub\Fall2023MDIA422\BaseSample\Content\ThirdPersonBP\Maps\ThirdPersonExampleMap.umap: Failed to load '/Game/ThirdPersonBP/Maps/ThirdPersonExampleMap_BuiltData': Can't find file.
[2023.08.29-19.28.43:581][  0]LogLinker: Warning: Failed to load '/Game/ThirdPersonBP/Maps/ThirdPersonExampleMap_BuiltData': Can't find file.
[2023.08.29-19.28.43:581][  0]LogLinker: Warning: Failed to load '/Game/ThirdPersonBP/Maps/ThirdPersonExampleMap_BuiltData': Can't find file.
[2023.08.29-19.28.43:583][  0]LogLinker: Warning: [AssetLog] C:\Users\dpana\OneDrive\Documents\GitHub\Fall2023MDIA422\BaseSample\Content\ThirdPersonBP\Maps\ThirdPersonExampleMap.umap: Failed to load '/Game/ThirdPersonBP/Maps/ThirdPersonExampleMap_BuiltData': Can't find file.
[2023.08.29-19.28.43:583][  0]LoadErrors: Failed to load /Game/ThirdPersonBP/Maps/ThirdPersonExampleMap_BuiltData.ThirdPersonExampleMap_BuiltData Referenced by PersistentLevel
[2023.08.29-19.28.43:758][  0]LogAudio: Display: Audio Device (ID: 1) registered with world 'ThirdPersonExampleMap'.
[2023.08.29-19.28.43:759][  0]LogAIModule: Creating AISystem for world ThirdPersonExampleMap
[2023.08.29-19.28.43:775][  0]LogEditorServer: Finished looking for orphan Actors (0.000 secs)
[2023.08.29-19.28.43:786][  0]LogUObjectHash: Compacting FUObjectHashTables data took   0.84ms
[2023.08.29-19.28.43:789][  0]Cmd: MAP CHECKDEP NOCLEARLOG
[2023.08.29-19.28.43:789][  0]MapCheck: Map check complete: 0 Error(s), 0 Warning(s), took 0.294ms to complete.
[2023.08.29-19.28.43:789][  0]LogFileHelpers: Loading map 'ThirdPersonExampleMap' took 0.300
[2023.08.29-19.28.43:804][  0]LogUnrealEdMisc: Total Editor Startup Time, took 15.769
[2023.08.29-19.28.43:956][  0]LogSlate: Updating window title bar state: overlay mode, drag disabled, window buttons hidden, title bar hidden
[2023.08.29-19.28.43:962][  0]LogSlate: Updating window title bar state: overlay mode, drag disabled, window buttons hidden, title bar hidden
[2023.08.29-19.28.43:968][  0]LogSlate: Updating window title bar state: overlay mode, drag disabled, window buttons hidden, title bar hidden
[2023.08.29-19.28.43:975][  0]LogSlate: Updating window title bar state: overlay mode, drag disabled, window buttons hidden, title bar hidden
[2023.08.29-19.28.44:004][  0]LogNativeClassHierarchy: Verbose: Native class hierarchy populated in 0.0082 seconds. Added 3822 classes and 928 folders.
[2023.08.29-19.28.44:012][  0]LogNativeClassHierarchy: Verbose: Native class hierarchy updated for 'WidgetCarousel' in 0.0002 seconds. Added 0 classes and 0 folders.
[2023.08.29-19.28.44:015][  0]LogPakFile: PakFile PrimaryIndexSize=187
[2023.08.29-19.28.44:015][  0]LogPakFile: PakFile PathHashIndexSize=101
[2023.08.29-19.28.44:015][  0]LogPakFile: PakFile FullDirectoryIndexSize=148
[2023.08.29-19.28.44:015][  0]LogShaderLibrary: Display: ShaderCodeLibraryPakFileMountedCallback: PakFile 'C:/Users/dpana/OneDrive/Desktop/UE_4.27/FeaturePacks/FP_FirstPerson.upack' (chunk index -1, root 'root:/') mounted
[2023.08.29-19.28.44:015][  0]LogShaderLibrary: Display: ShaderCodeLibraryPakFileMountedCallback: pending pak file info (ChunkID:-1 Root:root:/ File:C:/Users/dpana/OneDrive/Desktop/UE_4.27/FeaturePacks/FP_FirstPerson.upack)
[2023.08.29-19.28.44:016][  0]LogPakFile: OnPakFileMounted2Time == 0.000043
[2023.08.29-19.28.44:018][  0]LogPakFile: PakFile PrimaryIndexSize=189
[2023.08.29-19.28.44:018][  0]LogPakFile: PakFile PathHashIndexSize=101
[2023.08.29-19.28.44:018][  0]LogPakFile: PakFile FullDirectoryIndexSize=152
[2023.08.29-19.28.44:018][  0]LogShaderLibrary: Display: ShaderCodeLibraryPakFileMountedCallback: PakFile 'C:/Users/dpana/OneDrive/Desktop/UE_4.27/FeaturePacks/FP_FirstPersonBP.upack' (chunk index -1, root 'root:/') mounted
[2023.08.29-19.28.44:018][  0]LogShaderLibrary: Display: ShaderCodeLibraryPakFileMountedCallback: pending pak file info (ChunkID:-1 Root:root:/ File:C:/Users/dpana/OneDrive/Desktop/UE_4.27/FeaturePacks/FP_FirstPersonBP.upack)
[2023.08.29-19.28.44:018][  0]LogPakFile: OnPakFileMounted2Time == 0.000029
[2023.08.29-19.28.44:021][  0]LogPakFile: PakFile PrimaryIndexSize=191
[2023.08.29-19.28.44:021][  0]LogPakFile: PakFile PathHashIndexSize=101
[2023.08.29-19.28.44:021][  0]LogPakFile: PakFile FullDirectoryIndexSize=160
[2023.08.29-19.28.44:021][  0]LogShaderLibrary: Display: ShaderCodeLibraryPakFileMountedCallback: PakFile 'C:/Users/dpana/OneDrive/Desktop/UE_4.27/FeaturePacks/MobileStarterContent.upack' (chunk index -1, root 'root:/') mounted
[2023.08.29-19.28.44:021][  0]LogShaderLibrary: Display: ShaderCodeLibraryPakFileMountedCallback: pending pak file info (ChunkID:-1 Root:root:/ File:C:/Users/dpana/OneDrive/Desktop/UE_4.27/FeaturePacks/MobileStarterContent.upack)
[2023.08.29-19.28.44:021][  0]LogPakFile: OnPakFileMounted2Time == 0.000025
[2023.08.29-19.28.44:023][  0]LogPakFile: PakFile PrimaryIndexSize=185
[2023.08.29-19.28.44:023][  0]LogPakFile: PakFile PathHashIndexSize=101
[2023.08.29-19.28.44:023][  0]LogPakFile: PakFile FullDirectoryIndexSize=148
[2023.08.29-19.28.44:023][  0]LogShaderLibrary: Display: ShaderCodeLibraryPakFileMountedCallback: PakFile 'C:/Users/dpana/OneDrive/Desktop/UE_4.27/FeaturePacks/StarterContent.upack' (chunk index -1, root 'root:/') mounted
[2023.08.29-19.28.44:023][  0]LogShaderLibrary: Display: ShaderCodeLibraryPakFileMountedCallback: pending pak file info (ChunkID:-1 Root:root:/ File:C:/Users/dpana/OneDrive/Desktop/UE_4.27/FeaturePacks/StarterContent.upack)
[2023.08.29-19.28.44:023][  0]LogPakFile: OnPakFileMounted2Time == 0.000033
[2023.08.29-19.28.44:024][  0]LogPakFile: PakFile PrimaryIndexSize=190
[2023.08.29-19.28.44:024][  0]LogPakFile: PakFile PathHashIndexSize=101
[2023.08.29-19.28.44:024][  0]LogPakFile: PakFile FullDirectoryIndexSize=154
[2023.08.29-19.28.44:024][  0]LogShaderLibrary: Display: ShaderCodeLibraryPakFileMountedCallback: PakFile 'C:/Users/dpana/OneDrive/Desktop/UE_4.27/FeaturePacks/TP_2DSideScroller.upack' (chunk index -1, root 'root:/') mounted
[2023.08.29-19.28.44:024][  0]LogShaderLibrary: Display: ShaderCodeLibraryPakFileMountedCallback: pending pak file info (ChunkID:-1 Root:root:/ File:C:/Users/dpana/OneDrive/Desktop/UE_4.27/FeaturePacks/TP_2DSideScroller.upack)
[2023.08.29-19.28.44:024][  0]LogPakFile: OnPakFileMounted2Time == 0.000026
[2023.08.29-19.28.44:026][  0]LogPakFile: PakFile PrimaryIndexSize=192
[2023.08.29-19.28.44:026][  0]LogPakFile: PakFile PathHashIndexSize=101
[2023.08.29-19.28.44:026][  0]LogPakFile: PakFile FullDirectoryIndexSize=158
[2023.08.29-19.28.44:026][  0]LogShaderLibrary: Display: ShaderCodeLibraryPakFileMountedCallback: PakFile 'C:/Users/dpana/OneDrive/Desktop/UE_4.27/FeaturePacks/TP_2DSideScrollerBP.upack' (chunk index -1, root 'root:/') mounted
[2023.08.29-19.28.44:026][  0]LogShaderLibrary: Display: ShaderCodeLibraryPakFileMountedCallback: pending pak file info (ChunkID:-1 Root:root:/ File:C:/Users/dpana/OneDrive/Desktop/UE_4.27/FeaturePacks/TP_2DSideScrollerBP.upack)
[2023.08.29-19.28.44:026][  0]LogPakFile: OnPakFileMounted2Time == 0.000034
[2023.08.29-19.28.44:028][  0]LogPakFile: PakFile PrimaryIndexSize=182
[2023.08.29-19.28.44:028][  0]LogPakFile: PakFile PathHashIndexSize=101
[2023.08.29-19.28.44:028][  0]LogPakFile: PakFile FullDirectoryIndexSize=138
[2023.08.29-19.28.44:028][  0]LogShaderLibrary: Display: ShaderCodeLibraryPakFileMountedCallback: PakFile 'C:/Users/dpana/OneDrive/Desktop/UE_4.27/FeaturePacks/TP_Flying.upack' (chunk index -1, root 'root:/') mounted
[2023.08.29-19.28.44:028][  0]LogShaderLibrary: Display: ShaderCodeLibraryPakFileMountedCallback: pending pak file info (ChunkID:-1 Root:root:/ File:C:/Users/dpana/OneDrive/Desktop/UE_4.27/FeaturePacks/TP_Flying.upack)
[2023.08.29-19.28.44:028][  0]LogPakFile: OnPakFileMounted2Time == 0.000036
[2023.08.29-19.28.44:029][  0]LogPakFile: PakFile PrimaryIndexSize=184
[2023.08.29-19.28.44:029][  0]LogPakFile: PakFile PathHashIndexSize=101
[2023.08.29-19.28.44:029][  0]LogPakFile: PakFile FullDirectoryIndexSize=142
[2023.08.29-19.28.44:029][  0]LogShaderLibrary: Display: ShaderCodeLibraryPakFileMountedCallback: PakFile 'C:/Users/dpana/OneDrive/Desktop/UE_4.27/FeaturePacks/TP_FlyingBP.upack' (chunk index -1, root 'root:/') mounted
[2023.08.29-19.28.44:029][  0]LogShaderLibrary: Display: ShaderCodeLibraryPakFileMountedCallback: pending pak file info (ChunkID:-1 Root:root:/ File:C:/Users/dpana/OneDrive/Desktop/UE_4.27/FeaturePacks/TP_FlyingBP.upack)
[2023.08.29-19.28.44:029][  0]LogPakFile: OnPakFileMounted2Time == 0.000035
[2023.08.29-19.28.44:031][  0]LogPakFile: PakFile PrimaryIndexSize=188
[2023.08.29-19.28.44:031][  0]LogPakFile: PakFile PathHashIndexSize=101
[2023.08.29-19.28.44:031][  0]LogPakFile: PakFile FullDirectoryIndexSize=150
[2023.08.29-19.28.44:031][  0]LogShaderLibrary: Display: ShaderCodeLibraryPakFileMountedCallback: PakFile 'C:/Users/dpana/OneDrive/Desktop/UE_4.27/FeaturePacks/TP_HandheldARBP.upack' (chunk index -1, root 'root:/') mounted
[2023.08.29-19.28.44:031][  0]LogShaderLibrary: Display: ShaderCodeLibraryPakFileMountedCallback: pending pak file info (ChunkID:-1 Root:root:/ File:C:/Users/dpana/OneDrive/Desktop/UE_4.27/FeaturePacks/TP_HandheldARBP.upack)
[2023.08.29-19.28.44:031][  0]LogPakFile: OnPakFileMounted2Time == 0.000041
[2023.08.29-19.28.44:033][  0]LogPakFile: PakFile PrimaryIndexSize=182
[2023.08.29-19.28.44:033][  0]LogPakFile: PakFile PathHashIndexSize=101
[2023.08.29-19.28.44:033][  0]LogPakFile: PakFile FullDirectoryIndexSize=138
[2023.08.29-19.28.44:033][  0]LogShaderLibrary: Display: ShaderCodeLibraryPakFileMountedCallback: PakFile 'C:/Users/dpana/OneDrive/Desktop/UE_4.27/FeaturePacks/TP_Puzzle.upack' (chunk index -1, root 'root:/') mounted
[2023.08.29-19.28.44:033][  0]LogShaderLibrary: Display: ShaderCodeLibraryPakFileMountedCallback: pending pak file info (ChunkID:-1 Root:root:/ File:C:/Users/dpana/OneDrive/Desktop/UE_4.27/FeaturePacks/TP_Puzzle.upack)
[2023.08.29-19.28.44:033][  0]LogPakFile: OnPakFileMounted2Time == 0.000038
[2023.08.29-19.28.44:035][  0]LogPakFile: PakFile PrimaryIndexSize=184
[2023.08.29-19.28.44:035][  0]LogPakFile: PakFile PathHashIndexSize=101
[2023.08.29-19.28.44:035][  0]LogPakFile: PakFile FullDirectoryIndexSize=142
[2023.08.29-19.28.44:035][  0]LogShaderLibrary: Display: ShaderCodeLibraryPakFileMountedCallback: PakFile 'C:/Users/dpana/OneDrive/Desktop/UE_4.27/FeaturePacks/TP_PuzzleBP.upack' (chunk index -1, root 'root:/') mounted
[2023.08.29-19.28.44:035][  0]LogShaderLibrary: Display: ShaderCodeLibraryPakFileMountedCallback: pending pak file info (ChunkID:-1 Root:root:/ File:C:/Users/dpana/OneDrive/Desktop/UE_4.27/FeaturePacks/TP_PuzzleBP.upack)
[2023.08.29-19.28.44:035][  0]LogPakFile: OnPakFileMounted2Time == 0.000031
[2023.08.29-19.28.44:036][  0]LogPakFile: PakFile PrimaryIndexSize=183
[2023.08.29-19.28.44:036][  0]LogPakFile: PakFile PathHashIndexSize=101
[2023.08.29-19.28.44:036][  0]LogPakFile: PakFile FullDirectoryIndexSize=140
[2023.08.29-19.28.44:036][  0]LogShaderLibrary: Display: ShaderCodeLibraryPakFileMountedCallback: PakFile 'C:/Users/dpana/OneDrive/Desktop/UE_4.27/FeaturePacks/TP_Rolling.upack' (chunk index -1, root 'root:/') mounted
[2023.08.29-19.28.44:036][  0]LogShaderLibrary: Display: ShaderCodeLibraryPakFileMountedCallback: pending pak file info (ChunkID:-1 Root:root:/ File:C:/Users/dpana/OneDrive/Desktop/UE_4.27/FeaturePacks/TP_Rolling.upack)
[2023.08.29-19.28.44:036][  0]LogPakFile: OnPakFileMounted2Time == 0.000027
[2023.08.29-19.28.44:037][  0]LogPakFile: PakFile PrimaryIndexSize=185
[2023.08.29-19.28.44:037][  0]LogPakFile: PakFile PathHashIndexSize=101
[2023.08.29-19.28.44:037][  0]LogPakFile: PakFile FullDirectoryIndexSize=144
[2023.08.29-19.28.44:037][  0]LogShaderLibrary: Display: ShaderCodeLibraryPakFileMountedCallback: PakFile 'C:/Users/dpana/OneDrive/Desktop/UE_4.27/FeaturePacks/TP_RollingBP.upack' (chunk index -1, root 'root:/') mounted
[2023.08.29-19.28.44:037][  0]LogShaderLibrary: Display: ShaderCodeLibraryPakFileMountedCallback: pending pak file info (ChunkID:-1 Root:root:/ File:C:/Users/dpana/OneDrive/Desktop/UE_4.27/FeaturePacks/TP_RollingBP.upack)
[2023.08.29-19.28.44:037][  0]LogPakFile: OnPakFileMounted2Time == 0.000025
[2023.08.29-19.28.44:038][  0]LogPakFile: PakFile PrimaryIndexSize=188
[2023.08.29-19.28.44:038][  0]LogPakFile: PakFile PathHashIndexSize=101
[2023.08.29-19.28.44:038][  0]LogPakFile: PakFile FullDirectoryIndexSize=150
[2023.08.29-19.28.44:038][  0]LogShaderLibrary: Display: ShaderCodeLibraryPakFileMountedCallback: PakFile 'C:/Users/dpana/OneDrive/Desktop/UE_4.27/FeaturePacks/TP_SideScroller.upack' (chunk index -1, root 'root:/') mounted
[2023.08.29-19.28.44:038][  0]LogShaderLibrary: Display: ShaderCodeLibraryPakFileMountedCallback: pending pak file info (ChunkID:-1 Root:root:/ File:C:/Users/dpana/OneDrive/Desktop/UE_4.27/FeaturePacks/TP_SideScroller.upack)
[2023.08.29-19.28.44:038][  0]LogPakFile: OnPakFileMounted2Time == 0.000025
[2023.08.29-19.28.44:039][  0]LogPakFile: PakFile PrimaryIndexSize=190
[2023.08.29-19.28.44:039][  0]LogPakFile: PakFile PathHashIndexSize=101
[2023.08.29-19.28.44:039][  0]LogPakFile: PakFile FullDirectoryIndexSize=154
[2023.08.29-19.28.44:039][  0]LogShaderLibrary: Display: ShaderCodeLibraryPakFileMountedCallback: PakFile 'C:/Users/dpana/OneDrive/Desktop/UE_4.27/FeaturePacks/TP_SideScrollerBP.upack' (chunk index -1, root 'root:/') mounted
[2023.08.29-19.28.44:039][  0]LogShaderLibrary: Display: ShaderCodeLibraryPakFileMountedCallback: pending pak file info (ChunkID:-1 Root:root:/ File:C:/Users/dpana/OneDrive/Desktop/UE_4.27/FeaturePacks/TP_SideScrollerBP.upack)
[2023.08.29-19.28.44:039][  0]LogPakFile: OnPakFileMounted2Time == 0.000034
[2023.08.29-19.28.44:041][  0]LogPakFile: PakFile PrimaryIndexSize=187
[2023.08.29-19.28.44:041][  0]LogPakFile: PakFile PathHashIndexSize=101
[2023.08.29-19.28.44:041][  0]LogPakFile: PakFile FullDirectoryIndexSize=148
[2023.08.29-19.28.44:041][  0]LogShaderLibrary: Display: ShaderCodeLibraryPakFileMountedCallback: PakFile 'C:/Users/dpana/OneDrive/Desktop/UE_4.27/FeaturePacks/TP_ThirdPerson.upack' (chunk index -1, root 'root:/') mounted
[2023.08.29-19.28.44:041][  0]LogShaderLibrary: Display: ShaderCodeLibraryPakFileMountedCallback: pending pak file info (ChunkID:-1 Root:root:/ File:C:/Users/dpana/OneDrive/Desktop/UE_4.27/FeaturePacks/TP_ThirdPerson.upack)
[2023.08.29-19.28.44:041][  0]LogPakFile: OnPakFileMounted2Time == 0.000033
[2023.08.29-19.28.44:042][  0]LogPakFile: PakFile PrimaryIndexSize=189
[2023.08.29-19.28.44:042][  0]LogPakFile: PakFile PathHashIndexSize=101
[2023.08.29-19.28.44:042][  0]LogPakFile: PakFile FullDirectoryIndexSize=152
[2023.08.29-19.28.44:042][  0]LogShaderLibrary: Display: ShaderCodeLibraryPakFileMountedCallback: PakFile 'C:/Users/dpana/OneDrive/Desktop/UE_4.27/FeaturePacks/TP_ThirdPersonBP.upack' (chunk index -1, root 'root:/') mounted
[2023.08.29-19.28.44:042][  0]LogShaderLibrary: Display: ShaderCodeLibraryPakFileMountedCallback: pending pak file info (ChunkID:-1 Root:root:/ File:C:/Users/dpana/OneDrive/Desktop/UE_4.27/FeaturePacks/TP_ThirdPersonBP.upack)
[2023.08.29-19.28.44:042][  0]LogPakFile: OnPakFileMounted2Time == 0.000033
[2023.08.29-19.28.44:043][  0]LogPakFile: PakFile PrimaryIndexSize=183
[2023.08.29-19.28.44:043][  0]LogPakFile: PakFile PathHashIndexSize=101
[2023.08.29-19.28.44:043][  0]LogPakFile: PakFile FullDirectoryIndexSize=140
[2023.08.29-19.28.44:043][  0]LogShaderLibrary: Display: ShaderCodeLibraryPakFileMountedCallback: PakFile 'C:/Users/dpana/OneDrive/Desktop/UE_4.27/FeaturePacks/TP_TopDown.upack' (chunk index -1, root 'root:/') mounted
[2023.08.29-19.28.44:043][  0]LogShaderLibrary: Display: ShaderCodeLibraryPakFileMountedCallback: pending pak file info (ChunkID:-1 Root:root:/ File:C:/Users/dpana/OneDrive/Desktop/UE_4.27/FeaturePacks/TP_TopDown.upack)
[2023.08.29-19.28.44:043][  0]LogPakFile: OnPakFileMounted2Time == 0.000041
[2023.08.29-19.28.44:044][  0]LogPakFile: PakFile PrimaryIndexSize=185
[2023.08.29-19.28.44:044][  0]LogPakFile: PakFile PathHashIndexSize=101
[2023.08.29-19.28.44:044][  0]LogPakFile: PakFile FullDirectoryIndexSize=144
[2023.08.29-19.28.44:044][  0]LogShaderLibrary: Display: ShaderCodeLibraryPakFileMountedCallback: PakFile 'C:/Users/dpana/OneDrive/Desktop/UE_4.27/FeaturePacks/TP_TopDownBP.upack' (chunk index -1, root 'root:/') mounted
[2023.08.29-19.28.44:044][  0]LogShaderLibrary: Display: ShaderCodeLibraryPakFileMountedCallback: pending pak file info (ChunkID:-1 Root:root:/ File:C:/Users/dpana/OneDrive/Desktop/UE_4.27/FeaturePacks/TP_TopDownBP.upack)
[2023.08.29-19.28.44:044][  0]LogPakFile: OnPakFileMounted2Time == 0.000041
[2023.08.29-19.28.44:046][  0]LogPakFile: PakFile PrimaryIndexSize=185
[2023.08.29-19.28.44:046][  0]LogPakFile: PakFile PathHashIndexSize=101
[2023.08.29-19.28.44:046][  0]LogPakFile: PakFile FullDirectoryIndexSize=144
[2023.08.29-19.28.44:046][  0]LogShaderLibrary: Display: ShaderCodeLibraryPakFileMountedCallback: PakFile 'C:/Users/dpana/OneDrive/Desktop/UE_4.27/FeaturePacks/TP_TwinStick.upack' (chunk index -1, root 'root:/') mounted
[2023.08.29-19.28.44:046][  0]LogShaderLibrary: Display: ShaderCodeLibraryPakFileMountedCallback: pending pak file info (ChunkID:-1 Root:root:/ File:C:/Users/dpana/OneDrive/Desktop/UE_4.27/FeaturePacks/TP_TwinStick.upack)
[2023.08.29-19.28.44:046][  0]LogPakFile: OnPakFileMounted2Time == 0.000027
[2023.08.29-19.28.44:047][  0]LogPakFile: PakFile PrimaryIndexSize=187
[2023.08.29-19.28.44:047][  0]LogPakFile: PakFile PathHashIndexSize=101
[2023.08.29-19.28.44:047][  0]LogPakFile: PakFile FullDirectoryIndexSize=148
[2023.08.29-19.28.44:047][  0]LogShaderLibrary: Display: ShaderCodeLibraryPakFileMountedCallback: PakFile 'C:/Users/dpana/OneDrive/Desktop/UE_4.27/FeaturePacks/TP_TwinStickBP.upack' (chunk index -1, root 'root:/') mounted
[2023.08.29-19.28.44:047][  0]LogShaderLibrary: Display: ShaderCodeLibraryPakFileMountedCallback: pending pak file info (ChunkID:-1 Root:root:/ File:C:/Users/dpana/OneDrive/Desktop/UE_4.27/FeaturePacks/TP_TwinStickBP.upack)
[2023.08.29-19.28.44:047][  0]LogPakFile: OnPakFileMounted2Time == 0.000040
[2023.08.29-19.28.44:050][  0]LogPakFile: PakFile PrimaryIndexSize=183
[2023.08.29-19.28.44:050][  0]LogPakFile: PakFile PathHashIndexSize=101
[2023.08.29-19.28.44:050][  0]LogPakFile: PakFile FullDirectoryIndexSize=140
[2023.08.29-19.28.44:050][  0]LogShaderLibrary: Display: ShaderCodeLibraryPakFileMountedCallback: PakFile 'C:/Users/dpana/OneDrive/Desktop/UE_4.27/FeaturePacks/TP_Vehicle.upack' (chunk index -1, root 'root:/') mounted
[2023.08.29-19.28.44:050][  0]LogShaderLibrary: Display: ShaderCodeLibraryPakFileMountedCallback: pending pak file info (ChunkID:-1 Root:root:/ File:C:/Users/dpana/OneDrive/Desktop/UE_4.27/FeaturePacks/TP_Vehicle.upack)
[2023.08.29-19.28.44:050][  0]LogPakFile: OnPakFileMounted2Time == 0.000028
[2023.08.29-19.28.44:051][  0]LogPakFile: PakFile PrimaryIndexSize=186
[2023.08.29-19.28.44:051][  0]LogPakFile: PakFile PathHashIndexSize=101
[2023.08.29-19.28.44:051][  0]LogPakFile: PakFile FullDirectoryIndexSize=146
[2023.08.29-19.28.44:051][  0]LogShaderLibrary: Display: ShaderCodeLibraryPakFileMountedCallback: PakFile 'C:/Users/dpana/OneDrive/Desktop/UE_4.27/FeaturePacks/TP_VehicleAdv.upack' (chunk index -1, root 'root:/') mounted
[2023.08.29-19.28.44:051][  0]LogShaderLibrary: Display: ShaderCodeLibraryPakFileMountedCallback: pending pak file info (ChunkID:-1 Root:root:/ File:C:/Users/dpana/OneDrive/Desktop/UE_4.27/FeaturePacks/TP_VehicleAdv.upack)
[2023.08.29-19.28.44:051][  0]LogPakFile: OnPakFileMounted2Time == 0.000039
[2023.08.29-19.28.44:052][  0]LogPakFile: PakFile PrimaryIndexSize=188
[2023.08.29-19.28.44:052][  0]LogPakFile: PakFile PathHashIndexSize=101
[2023.08.29-19.28.44:052][  0]LogPakFile: PakFile FullDirectoryIndexSize=150
[2023.08.29-19.28.44:052][  0]LogShaderLibrary: Display: ShaderCodeLibraryPakFileMountedCallback: PakFile 'C:/Users/dpana/OneDrive/Desktop/UE_4.27/FeaturePacks/TP_VehicleAdvBP.upack' (chunk index -1, root 'root:/') mounted
[2023.08.29-19.28.44:052][  0]LogShaderLibrary: Display: ShaderCodeLibraryPakFileMountedCallback: pending pak file info (ChunkID:-1 Root:root:/ File:C:/Users/dpana/OneDrive/Desktop/UE_4.27/FeaturePacks/TP_VehicleAdvBP.upack)
[2023.08.29-19.28.44:052][  0]LogPakFile: OnPakFileMounted2Time == 0.000036
[2023.08.29-19.28.44:055][  0]LogPakFile: PakFile PrimaryIndexSize=185
[2023.08.29-19.28.44:055][  0]LogPakFile: PakFile PathHashIndexSize=101
[2023.08.29-19.28.44:055][  0]LogPakFile: PakFile FullDirectoryIndexSize=144
[2023.08.29-19.28.44:055][  0]LogShaderLibrary: Display: ShaderCodeLibraryPakFileMountedCallback: PakFile 'C:/Users/dpana/OneDrive/Desktop/UE_4.27/FeaturePacks/TP_VehicleBP.upack' (chunk index -1, root 'root:/') mounted
[2023.08.29-19.28.44:055][  0]LogShaderLibrary: Display: ShaderCodeLibraryPakFileMountedCallback: pending pak file info (ChunkID:-1 Root:root:/ File:C:/Users/dpana/OneDrive/Desktop/UE_4.27/FeaturePacks/TP_VehicleBP.upack)
[2023.08.29-19.28.44:055][  0]LogPakFile: OnPakFileMounted2Time == 0.000056
[2023.08.29-19.28.44:056][  0]LogPakFile: PakFile PrimaryIndexSize=192
[2023.08.29-19.28.44:056][  0]LogPakFile: PakFile PathHashIndexSize=101
[2023.08.29-19.28.44:056][  0]LogPakFile: PakFile FullDirectoryIndexSize=158
[2023.08.29-19.28.44:056][  0]LogShaderLibrary: Display: ShaderCodeLibraryPakFileMountedCallback: PakFile 'C:/Users/dpana/OneDrive/Desktop/UE_4.27/FeaturePacks/TP_VirtualRealityBP.upack' (chunk index -1, root 'root:/') mounted
[2023.08.29-19.28.44:056][  0]LogShaderLibrary: Display: ShaderCodeLibraryPakFileMountedCallback: pending pak file info (ChunkID:-1 Root:root:/ File:C:/Users/dpana/OneDrive/Desktop/UE_4.27/FeaturePacks/TP_VirtualRealityBP.upack)
[2023.08.29-19.28.44:056][  0]LogPakFile: OnPakFileMounted2Time == 0.000026
[2023.08.29-19.28.44:167][  0]LogNativeClassHierarchy: Verbose: Native class hierarchy updated for 'AddContentDialog' in 0.0002 seconds. Added 0 classes and 0 folders.
[2023.08.29-19.28.44:170][  0]LogNativeClassHierarchy: Verbose: Native class hierarchy updated for 'SceneOutliner' in 0.0002 seconds. Added 2 classes and 0 folders.
[2023.08.29-19.28.44:271][  0]LogSlate: Took 0.000998 seconds to synchronously load lazily loaded font '../../../Engine/Content/Slate/Fonts/Roboto-Regular.ttf' (155K)
[2023.08.29-19.28.44:274][  0]LogSlate: Took 0.000785 seconds to synchronously load lazily loaded font '../../../Engine/Content/Editor/Slate/Fonts/FontAwesome.ttf' (139K)
[2023.08.29-19.28.44:276][  0]LogSlate: Took 0.000824 seconds to synchronously load lazily loaded font '../../../Engine/Content/Slate/Fonts/Roboto-Bold.ttf' (160K)
[2023.08.29-19.28.44:361][  0]LogRenderer: Reallocating scene render targets to support 788x452 Format 10 NumSamples 1 (Frame:1).
[2023.08.29-19.28.44:519][  0]LogNativeClassHierarchy: Verbose: Native class hierarchy updated for 'HierarchicalLODOutliner' in 0.0002 seconds. Added 0 classes and 0 folders.
[2023.08.29-19.28.44:519][  0]LogInput: Warning: Action Jump uses invalid key OculusGo_Left_Trigger_Click.
[2023.08.29-19.28.44:519][  0]LogInput: Warning: Action ResetVR uses invalid key OculusGo_Left_Trackpad_Click.
[2023.08.29-19.28.44:519][  0]LogInput: Warning: Use -RemoveInvalidKeys to remove instances of these keys from the action mapping.
[2023.08.29-19.28.44:519][  0]LogLoad: (Engine Initialization) Total time: 16.48 seconds
[2023.08.29-19.28.44:519][  0]LogLoad: (Engine Initialization) Total Blueprint compile time: 0.00 seconds
[2023.08.29-19.28.44:571][  0]LogAssetRegistry: Asset discovery search completed in 6.7576 seconds
[2023.08.29-19.28.44:577][  0]LogCollectionManager: Fixed up redirectors for 0 collections in 0.000004 seconds (updated 0 objects)
[2023.08.29-19.28.44:583][  0]LogContentStreaming: Texture pool size now 1000 MB
[2023.08.29-19.28.44:653][  0]LogSlate: Took 0.000575 seconds to synchronously load lazily loaded font '../../../Engine/Content/Slate/Fonts/DroidSansMono.ttf' (77K)
[2023.08.29-19.29.19:704][ 73]LogSlate: Window 'Message Log' being destroyed
[2023.08.29-19.29.19:732][ 73]LogSlate: Window 'Message Log' being destroyed
[2023.08.29-19.29.32:671][748]LogUObjectHash: Compacting FUObjectHashTables data took   0.89ms
[2023.08.29-19.29.32:703][748]LogSlate: Took 0.001424 seconds to synchronously load lazily loaded font '../../../Engine/Content/Slate/Fonts/Roboto-Light.ttf' (167K)
[2023.08.29-19.29.32:777][748]LogAssetEditorSubsystem: Opening Asset editor for World /Game/ThirdPersonBP/Maps/Panazzi.Panazzi
[2023.08.29-19.29.32:777][748]Cmd: MAP LOAD FILE="../../../../../Documents/GitHub/Fall2023MDIA422/BaseSample/Content/ThirdPersonBP/Maps/Panazzi.umap" TEMPLATE=0 SHOWPROGRESS=1 FEATURELEVEL=3
[2023.08.29-19.29.32:777][748]LightingResults: New page: Lighting Build
[2023.08.29-19.29.32:777][748]LoadErrors: New page: Loading map: Panazzi.umap
[2023.08.29-19.29.32:780][748]LogWorld: UWorld::CleanupWorld for ThirdPersonExampleMap, bSessionEnded=true, bCleanupResources=true
[2023.08.29-19.29.32:780][748]LogSlate: InvalidateAllWidgets triggered.  All widgets were invalidated
[2023.08.29-19.29.32:780][748]MapCheck: New page: Map Check
[2023.08.29-19.29.32:780][748]LightingResults: New page: Lighting Build
[2023.08.29-19.29.32:788][748]LogAudio: Display: Audio Device unregistered from world 'None'.
[2023.08.29-19.29.32:792][748]LogUObjectHash: Compacting FUObjectHashTables data took   1.07ms
[2023.08.29-19.29.32:793][748]LogAudio: Display: Audio Device (ID: 1) registered with world 'Panazzi'.
[2023.08.29-19.29.32:798][748]LogEditorServer: Finished looking for orphan Actors (0.000 secs)
[2023.08.29-19.29.32:798][748]LogAIModule: Creating AISystem for world Panazzi
[2023.08.29-19.29.32:809][748]LogUObjectHash: Compacting FUObjectHashTables data took   0.83ms
[2023.08.29-19.29.32:814][748]Cmd: MAP CHECKDEP NOCLEARLOG
[2023.08.29-19.29.32:814][748]MapCheck: Map check complete: 0 Error(s), 0 Warning(s), took 0.201ms to complete.
[2023.08.29-19.29.32:814][748]LogFileHelpers: Loading map 'Panazzi' took 0.037
[2023.08.29-19.29.34:716][853]LogRenderer: Reallocating scene render targets to support 788x456 Format 10 NumSamples 1 (Frame:100).
[2023.08.29-19.29.34:757][854]LogRenderer: Reallocating scene render targets to support 788x460 Format 10 NumSamples 1 (Frame:102).
[2023.08.29-19.29.34:795][855]LogRenderer: Reallocating scene render targets to support 788x476 Format 10 NumSamples 1 (Frame:104).
[2023.08.29-19.29.34:831][856]LogRenderer: Reallocating scene render targets to support 788x488 Format 10 NumSamples 1 (Frame:106).
[2023.08.29-19.29.34:878][857]LogRenderer: Reallocating scene render targets to support 788x492 Format 10 NumSamples 1 (Frame:108).
[2023.08.29-19.29.34:910][858]LogRenderer: Reallocating scene render targets to support 788x500 Format 10 NumSamples 1 (Frame:110).
[2023.08.29-19.29.34:942][859]LogRenderer: Reallocating scene render targets to support 788x504 Format 10 NumSamples 1 (Frame:112).
[2023.08.29-19.29.34:993][860]LogRenderer: Reallocating scene render targets to support 788x508 Format 10 NumSamples 1 (Frame:114).
[2023.08.29-19.29.35:032][861]LogRenderer: Reallocating scene render targets to support 788x516 Format 10 NumSamples 1 (Frame:116).
[2023.08.29-19.29.35:076][862]LogRenderer: Reallocating scene render targets to support 788x528 Format 10 NumSamples 1 (Frame:118).
[2023.08.29-19.29.35:111][863]LogRenderer: Reallocating scene render targets to support 788x532 Format 10 NumSamples 1 (Frame:120).
[2023.08.29-19.29.35:163][865]LogRenderer: Reallocating scene render targets to support 788x536 Format 10 NumSamples 1 (Frame:122).
[2023.08.29-19.29.51:837][804]LogEditorViewport: Clicking on Actor (LMB): StaticMeshActor (Linear_Stair_StaticMesh)
[2023.08.29-19.30.04:011][353]LogEditorViewport: Clicking on Actor (LMB): StaticMeshActor (RightArm_StaticMesh)
[2023.08.29-19.30.19:474][ 18]LogEditorViewport: Clicking on Actor (LMB): StaticMeshActor (Linear_Stair_StaticMesh)
[2023.08.29-19.30.23:038][230]LogEditorViewport: Clicking on Actor (LMB): StaticMeshActor (Bump_StaticMesh)
[2023.08.29-19.30.33:909][780]LogEditorViewport: Clicking on Actor (LMB): StaticMeshActor (LeftArm_StaticMesh)
[2023.08.29-19.30.39:549][ 50]LogEditorViewport: Clicking on Actor (LMB): StaticMeshActor (Ramp_StaticMesh)
[2023.08.29-19.30.53:561][852]LogEditorViewport: Clicking on Actor (LMB): StaticMeshActor (Ramp_StaticMesh)
[2023.08.29-19.30.58:072][119]LogEditorViewport: Clicking on Actor (LMB): StaticMeshActor (Ramp_StaticMesh)
[2023.08.29-19.31.18:814][160]LogEditorViewport: Clicking on Actor (LMB): StaticMeshActor (Wall10)
[2023.08.29-19.31.19:984][228]LogEditorViewport: Clicking on Actor (LMB): BP_Sky_Sphere_C (SkySphereBlueprint)
[2023.08.29-19.39.32:862][ 16]LogUObjectHash: Compacting FUObjectHashTables data took   0.89ms
[2023.08.29-19.39.32:905][ 16]LogSavePackage: Moving '../../../../../Documents/GitHub/Fall2023MDIA422/BaseSample/Saved/Panazzi_Auto1D85DE1644886A194DDC720B1DC4C00BF.tmp' to '../../../../../Documents/GitHub/Fall2023MDIA422/BaseSample/Saved/Autosaves/Game/ThirdPersonBP/Maps/Panazzi_Auto1.umap'
[2023.08.29-19.39.32:907][ 16]LogFileHelpers: Editor autosave (incl. external actors) for '/Game/ThirdPersonBP/Maps/Panazzi' took 0.058
[2023.08.29-19.39.32:907][ 16]LogFileHelpers: Editor autosave (incl. sublevels & external actors) for all levels took 0.058
