Log file open, 09/05/23 15:34:34
LogWindows: Failed to load 'aqProf.dll' (GetLastError=126)
LogWindows: File 'aqProf.dll' does not exist
LogWindows: Failed to load 'VtuneApi.dll' (GetLastError=126)
LogWindows: File 'VtuneApi.dll' does not exist
LogWindows: Failed to load 'VtuneApi32e.dll' (GetLastError=126)
LogWindows: File 'VtuneApi32e.dll' does not exist
LogConsoleResponse: Display: Failed to find resolution value strings in scalability ini. Falling back to default.
LogConsoleResponse: Display: Failed to find resolution value strings in scalability ini. Falling back to default.
LogInit: Display: Running engine for game: BaseSample
LogPlatformFile: Not using cached read wrapper
LogTaskGraph: Started task graph with 5 named threads and 59 total threads with 3 sets of task threads.
LogStats: Stats thread started at 1.077009
LogICUInternationalization: ICU TimeZone Detection - Raw Offset: -5:00, Platform Override: ''
LogInit: Display: Loading text-based GConfig....
LogPluginManager: Mounting plugin MeshPainting
LogPluginManager: Mounting plugin XGEController
LogPluginManager: Mounting plugin Paper2D
LogPluginManager: Mounting plugin GameplayCameras
LogPluginManager: Mounting plugin CameraShakePreviewer
LogPluginManager: Mounting plugin LightPropagationVolume
LogPluginManager: Mounting plugin OodleNetwork
LogPluginManager: Mounting plugin OodleData
LogPluginManager: Mounting plugin AssetManagerEditor
LogPluginManager: Mounting plugin CurveEditorTools
LogPluginManager: Mounting plugin MacGraphicsSwitching
LogPluginManager: Mounting plugin EnvironmentQueryEditor
LogPluginManager: Mounting plugin AISupport
LogPluginManager: Mounting plugin LiveLink
LogPluginManager: Mounting plugin PluginBrowser
LogPluginManager: Mounting plugin SpeedTreeImporter
LogPluginManager: Mounting plugin DataValidation
LogPluginManager: Mounting plugin GeometryMode
LogPluginManager: Mounting plugin GameplayTagsEditor
LogPluginManager: Mounting plugin MaterialAnalyzer
LogPluginManager: Mounting plugin MobileLauncherProfileWizard
LogPluginManager: Mounting plugin DatasmithContent
LogPluginManager: Mounting plugin CryptoKeys
LogPluginManager: Mounting plugin FacialAnimation
LogPluginManager: Mounting plugin VariantManagerContent
LogPluginManager: Mounting plugin OnlineSubsystem
LogPluginManager: Mounting plugin OnlineSubsystemNull
LogPluginManager: Mounting plugin LauncherChunkInstaller
LogPluginManager: Mounting plugin CLionSourceCodeAccess
LogPluginManager: Mounting plugin OnlineSubsystemUtils
LogPluginManager: Mounting plugin TcpMessaging
LogPluginManager: Mounting plugin KDevelopSourceCodeAccess
LogPluginManager: Mounting plugin UdpMessaging
LogPluginManager: Mounting plugin CodeLiteSourceCodeAccess
LogPluginManager: Mounting plugin PerforceSourceControl
LogPluginManager: Mounting plugin NullSourceCodeAccess
LogPluginManager: Mounting plugin RiderSourceCodeAccess
LogPluginManager: Mounting plugin SubversionSourceControl
LogPluginManager: Mounting plugin ScreenshotTools
LogPluginManager: Mounting plugin GitSourceControl
LogPluginManager: Mounting plugin AnimationSharing
LogPluginManager: Mounting plugin VisualStudioCodeSourceCodeAccess
LogPluginManager: Mounting plugin PlasticSourceControl
LogPluginManager: Mounting plugin PropertyAccessNode
LogPluginManager: Mounting plugin VisualStudioSourceCodeAccess
LogPluginManager: Mounting plugin XCodeSourceCodeAccess
LogPluginManager: Mounting plugin MatineeToLevelSequence
LogPluginManager: Mounting plugin LuminPlatformFeatures
LogPluginManager: Mounting plugin UObjectPlugin
LogPluginManager: Mounting plugin MagicLeap
LogPluginManager: Mounting plugin TemplateSequence
LogPluginManager: Mounting plugin PluginUtils
LogPluginManager: Mounting plugin TextureFormatOodle
LogPluginManager: Mounting plugin LevelSequenceEditor
LogPluginManager: Mounting plugin PixWinPlugin
LogPluginManager: Mounting plugin MLSDK
LogPluginManager: Mounting plugin MagicLeapMedia
LogPluginManager: Mounting plugin ActorSequence
LogPluginManager: Mounting plugin AvfMedia
LogPluginManager: Mounting plugin AndroidMedia
LogPluginManager: Mounting plugin MagicLeapPassableWorld
LogPluginManager: Mounting plugin ImgMedia
LogPluginManager: Mounting plugin MediaCompositing
LogPluginManager: Mounting plugin MediaPlayerEditor
LogPluginManager: Mounting plugin WebMMedia
LogPluginManager: Mounting plugin WmfMedia
LogPluginManager: Mounting plugin MagicLeapLightEstimation
LogPluginManager: Mounting plugin Takes
LogPluginManager: Mounting plugin AutomationUtils
LogPluginManager: Mounting plugin AlembicImporter
LogPluginManager: Mounting plugin ChaosCloth
LogPluginManager: Mounting plugin BackChannel
LogPluginManager: Mounting plugin ChaosNiagara
LogPluginManager: Mounting plugin ChaosClothEditor
LogPluginManager: Mounting plugin ChaosEditor
LogPluginManager: Mounting plugin CharacterAI
LogPluginManager: Mounting plugin ChaosSolverPlugin
LogPluginManager: Mounting plugin GeometryCache
LogPluginManager: Mounting plugin ActorLayerUtilities
LogPluginManager: Mounting plugin AndroidDeviceProfileSelector
LogPluginManager: Mounting plugin AndroidMoviePlayer
LogPluginManager: Mounting plugin AndroidPermission
LogPluginManager: Mounting plugin GeometryCollectionPlugin
LogPluginManager: Mounting plugin AppleImageUtils
LogPluginManager: Mounting plugin ArchVisCharacter
LogPluginManager: Mounting plugin AssetTags
LogPluginManager: Mounting plugin AppleMoviePlayer
LogPluginManager: Mounting plugin AudioSynesthesia
LogPluginManager: Mounting plugin AudioCapture
LogPluginManager: Mounting plugin CableComponent
LogPluginManager: Mounting plugin CustomMeshComponent
LogPluginManager: Mounting plugin ChunkDownloader
LogPluginManager: Mounting plugin ExampleDeviceProfileSelector
LogPluginManager: Mounting plugin EditableMesh
LogPluginManager: Mounting plugin GooglePAD
LogPluginManager: Mounting plugin GoogleCloudMessaging
LogPluginManager: Mounting plugin GeometryProcessing
LogPluginManager: Mounting plugin OpenImageDenoise
LogPluginManager: Mounting plugin MotoSynth
LogPluginManager: Mounting plugin PlatformCrypto
LogPluginManager: Mounting plugin ProxyLODPlugin
LogPluginManager: Mounting plugin PythonScriptPlugin
LogPluginManager: Mounting plugin PlanarCut
LogPluginManager: Mounting plugin SkeletalReduction
LogPluginManager: Mounting plugin IOSDeviceProfileSelector
LogPluginManager: Mounting plugin LocationServicesBPLibrary
LogPluginManager: Mounting plugin LinuxDeviceProfileSelector
LogPluginManager: Mounting plugin MobilePatchingUtils
LogPluginManager: Mounting plugin OpenXR
LogPluginManager: Mounting plugin OpenXRHandTracking
LogPluginManager: Mounting plugin PostSplashScreen
LogPluginManager: Mounting plugin PhysXVehicles
LogPluginManager: Mounting plugin PropertyAccessEditor
LogPluginManager: Mounting plugin ProceduralMeshComponent
LogPluginManager: Mounting plugin RuntimePhysXCooking
LogPluginManager: Mounting plugin OpenXREyeTracker
LogPluginManager: Mounting plugin SoundFields
LogPluginManager: Mounting plugin SignificanceManager
LogPluginManager: Mounting plugin Niagara
LogPluginManager: Mounting plugin Synthesis
LogPluginManager: Mounting plugin WebMMoviePlayer
LogPluginManager: Mounting plugin WindowsMoviePlayer
LogPluginManager: Mounting plugin ContentBrowserClassDataSource
LogPluginManager: Mounting plugin ContentBrowserFileDataSource
LogPluginManager: Mounting plugin OnlineSubsystemGooglePlay
LogPluginManager: Mounting plugin OnlineSubsystemIOS
LogPluginManager: Mounting plugin ContentBrowserAssetDataSource
LogPluginManager: Mounting plugin OculusVR
LogPluginManager: Mounting plugin SteamVR
LogInit: Using libcurl 7.55.1-DEV
LogInit:  - built for x86_64-pc-win32
LogInit:  - supports SSL with OpenSSL/1.1.1
LogInit:  - supports HTTP deflate (compression) using libz 1.2.8
LogInit:  - other features:
LogInit:      CURL_VERSION_SSL
LogInit:      CURL_VERSION_LIBZ
LogInit:      CURL_VERSION_IPV6
LogInit:      CURL_VERSION_ASYNCHDNS
LogInit:      CURL_VERSION_LARGEFILE
LogInit:      CURL_VERSION_IDN
LogInit:  CurlRequestOptions (configurable via config and command line):
LogInit:  - bVerifyPeer = true  - Libcurl will verify peer certificate
LogInit:  - bUseHttpProxy = false  - Libcurl will NOT use HTTP proxy
LogInit:  - bDontReuseConnections = false  - Libcurl will reuse connections
LogInit:  - MaxHostConnections = 16  - Libcurl will limit the number of connections to a host
LogInit:  - LocalHostAddr = Default
LogInit:  - BufferSize = 65536
LogOnline: OSS: Creating online subsystem instance for: NULL
LogInit: WinSock: version 1.1 (2.2), MaxSocks=32767, MaxUdp=65467
LogOnline: OSS: TryLoadSubsystemAndSetDefault: Loaded subsystem for module [NULL]
PixWinPlugin: PIX capture plugin failed to initialize! Check that the process is launched from PIX.
LogOculusPluginWrapper: OculusPlugin initialized successfully
LogHMD: Failed initializing OVRPlugin 1.59.0
LogInit: Build: ++UE4+Release-4.27-CL-18319896
LogInit: Engine Version: 4.27.2-18319896+++UE4+Release-4.27
LogInit: Compatible Engine Version: 4.27.0-17155196+++UE4+Release-4.27
LogInit: Net CL: 17155196
LogInit: OS: Windows 10 (Release 2009) (), CPU: 13th Gen Intel(R) Core(TM) i9-13900H, GPU: Intel(R) Iris(R) Xe Graphics
LogInit: Compiled (64-bit): Nov 30 2021 07:12:08
LogInit: Compiled with Visual C++: 19.24.28315.00
LogInit: Build Configuration: Development
LogInit: Branch Name: ++UE4+Release-4.27
LogInit: Command Line: 
LogInit: Base Directory: C:/Program Files/Epic Games/UE_4.27/Engine/Binaries/Win64/
LogInit: Allocator: TBB
LogInit: Installed Engine Build: 1
LogDevObjectVersion: Number of dev versions registered: 29
LogDevObjectVersion:   Dev-Blueprints (B0D832E4-1F89-4F0D-ACCF-7EB736FD4AA2): 10
LogDevObjectVersion:   Dev-Build (E1C64328-A22C-4D53-A36C-8E866417BD8C): 0
LogDevObjectVersion:   Dev-Core (375EC13C-06E4-48FB-B500-84F0262A717E): 4
LogDevObjectVersion:   Dev-Editor (E4B068ED-F494-42E9-A231-DA0B2E46BB41): 40
LogDevObjectVersion:   Dev-Framework (CFFC743F-43B0-4480-9391-14DF171D2073): 37
LogDevObjectVersion:   Dev-Mobile (B02B49B5-BB20-44E9-A304-32B752E40360): 3
LogDevObjectVersion:   Dev-Networking (A4E4105C-59A1-49B5-A7C5-40C4547EDFEE): 0
LogDevObjectVersion:   Dev-Online (39C831C9-5AE6-47DC-9A44-9C173E1C8E7C): 0
LogDevObjectVersion:   Dev-Physics (78F01B33-EBEA-4F98-B9B4-84EACCB95AA2): 14
LogDevObjectVersion:   Dev-Platform (6631380F-2D4D-43E0-8009-CF276956A95A): 0
LogDevObjectVersion:   Dev-Rendering (12F88B9F-8875-4AFC-A67C-D90C383ABD29): 45
LogDevObjectVersion:   Dev-Sequencer (7B5AE74C-D270-4C10-A958-57980B212A5A): 13
LogDevObjectVersion:   Dev-VR (D7296918-1DD6-4BDD-9DE2-64A83CC13884): 3
LogDevObjectVersion:   Dev-LoadTimes (C2A15278-BFE7-4AFE-6C17-90FF531DF755): 1
LogDevObjectVersion:   Private-Geometry (6EACA3D4-40EC-4CC1-B786-8BED09428FC5): 3
LogDevObjectVersion:   Dev-AnimPhys (29E575DD-E0A3-4627-9D10-D276232CDCEA): 17
LogDevObjectVersion:   Dev-Anim (AF43A65D-7FD3-4947-9873-3E8ED9C1BB05): 15
LogDevObjectVersion:   Dev-ReflectionCapture (6B266CEC-1EC7-4B8F-A30B-E4D90942FC07): 1
LogDevObjectVersion:   Dev-Automation (0DF73D61-A23F-47EA-B727-89E90C41499A): 1
LogDevObjectVersion:   FortniteMain (601D1886-AC64-4F84-AA16-D3DE0DEAC7D6): 47
LogDevObjectVersion:   FortniteRelease (E7086368-6B23-4C58-8439-1B7016265E91): 1
LogDevObjectVersion:   Dev-Enterprise (9DFFBCD6-494F-0158-E221-12823C92A888): 10
LogDevObjectVersion:   Dev-Niagara (F2AED0AC-9AFE-416F-8664-AA7FFA26D6FC): 1
LogDevObjectVersion:   Dev-Destruction (174F1F0B-B4C6-45A5-B13F-2EE8D0FB917D): 10
LogDevObjectVersion:   Dev-Physics-Ext (35F94A83-E258-406C-A318-09F59610247C): 41
LogDevObjectVersion:   Dev-PhysicsMaterial-Chaos (B68FC16E-8B1B-42E2-B453-215C058844FE): 1
LogDevObjectVersion:   Dev-CineCamera (B2E18506-4273-CFC2-A54E-F4BB758BBA07): 1
LogDevObjectVersion:   Dev-VirtualProduction (64F58936-FD1B-42BA-BA96-7289D5D0FA4E): 1
LogDevObjectVersion:   Dev-MediaFramework (6F0ED827-A609-4895-9C91-998D90180EA4): 2
LogInit: Presizing for max 25165824 objects, including 0 objects not considered by GC, pre-allocating 0 bytes for permanent pool.
LogConfig: Applying CVar settings from Section [/Script/Engine.StreamingSettings] File [C:/Users/dpana/OneDrive/Documents/GitHub/Fall2023MDIA422/BaseSample/Saved/Config/Windows/Engine.ini]
LogConfig: Setting CVar [[s.MinBulkDataSizeForAsyncLoading:131072]]
LogConfig: Setting CVar [[s.AsyncLoadingThreadEnabled:0]]
LogConfig: Setting CVar [[s.EventDrivenLoaderEnabled:1]]
LogConfig: Setting CVar [[s.WarnIfTimeLimitExceeded:0]]
LogConfig: Setting CVar [[s.TimeLimitExceededMultiplier:1.5]]
LogConfig: Setting CVar [[s.TimeLimitExceededMinTime:0.005]]
LogConfig: Setting CVar [[s.UseBackgroundLevelStreaming:1]]
LogConfig: Setting CVar [[s.PriorityAsyncLoadingExtraTime:15.0]]
LogConfig: Setting CVar [[s.LevelStreamingActorsUpdateTimeLimit:5.0]]
LogConfig: Setting CVar [[s.PriorityLevelStreamingActorsUpdateExtraTime:5.0]]
LogConfig: Setting CVar [[s.LevelStreamingComponentsRegistrationGranularity:10]]
LogConfig: Setting CVar [[s.UnregisterComponentsTimeLimit:1.0]]
LogConfig: Setting CVar [[s.LevelStreamingComponentsUnregistrationGranularity:5]]
LogConfig: Setting CVar [[s.FlushStreamingOnExit:1]]
LogInit: Object subsystem initialized
LogConfig: Setting CVar [[con.DebugEarlyDefault:1]]
LogConfig: Setting CVar [[r.setres:1280x720]]
[2023.09.05-19.34.40:270][  0]LogConfig: Setting CVar [[r.VSync:0]]
[2023.09.05-19.34.40:270][  0]LogConfig: Setting CVar [[r.RHICmdBypass:0]]
[2023.09.05-19.34.40:270][  0]LogConfig: Applying CVar settings from Section [/Script/Engine.RendererSettings] File [C:/Users/dpana/OneDrive/Documents/GitHub/Fall2023MDIA422/BaseSample/Saved/Config/Windows/Engine.ini]
[2023.09.05-19.34.40:270][  0]LogConfig: Setting CVar [[r.GPUCrashDebugging:0]]
[2023.09.05-19.34.40:270][  0]LogConfig: Applying CVar settings from Section [/Script/Engine.RendererOverrideSettings] File [C:/Users/dpana/OneDrive/Documents/GitHub/Fall2023MDIA422/BaseSample/Saved/Config/Windows/Engine.ini]
[2023.09.05-19.34.40:270][  0]LogConfig: Applying CVar settings from Section [/Script/Engine.StreamingSettings] File [C:/Users/dpana/OneDrive/Documents/GitHub/Fall2023MDIA422/BaseSample/Saved/Config/Windows/Engine.ini]
[2023.09.05-19.34.40:270][  0]LogConfig: Setting CVar [[s.MinBulkDataSizeForAsyncLoading:131072]]
[2023.09.05-19.34.40:270][  0]LogConfig: Setting CVar [[s.AsyncLoadingThreadEnabled:0]]
[2023.09.05-19.34.40:270][  0]LogConfig: Setting CVar [[s.EventDrivenLoaderEnabled:1]]
[2023.09.05-19.34.40:270][  0]LogConfig: Setting CVar [[s.WarnIfTimeLimitExceeded:0]]
[2023.09.05-19.34.40:270][  0]LogConfig: Setting CVar [[s.TimeLimitExceededMultiplier:1.5]]
[2023.09.05-19.34.40:271][  0]LogConfig: Setting CVar [[s.TimeLimitExceededMinTime:0.005]]
[2023.09.05-19.34.40:271][  0]LogConfig: Setting CVar [[s.UseBackgroundLevelStreaming:1]]
[2023.09.05-19.34.40:271][  0]LogConfig: Setting CVar [[s.PriorityAsyncLoadingExtraTime:15.0]]
[2023.09.05-19.34.40:271][  0]LogConfig: Setting CVar [[s.LevelStreamingActorsUpdateTimeLimit:5.0]]
[2023.09.05-19.34.40:271][  0]LogConfig: Setting CVar [[s.PriorityLevelStreamingActorsUpdateExtraTime:5.0]]
[2023.09.05-19.34.40:271][  0]LogConfig: Setting CVar [[s.LevelStreamingComponentsRegistrationGranularity:10]]
[2023.09.05-19.34.40:271][  0]LogConfig: Setting CVar [[s.UnregisterComponentsTimeLimit:1.0]]
[2023.09.05-19.34.40:271][  0]LogConfig: Setting CVar [[s.LevelStreamingComponentsUnregistrationGranularity:5]]
[2023.09.05-19.34.40:271][  0]LogConfig: Setting CVar [[s.FlushStreamingOnExit:1]]
[2023.09.05-19.34.40:271][  0]LogConfig: Applying CVar settings from Section [/Script/Engine.GarbageCollectionSettings] File [C:/Users/dpana/OneDrive/Documents/GitHub/Fall2023MDIA422/BaseSample/Saved/Config/Windows/Engine.ini]
[2023.09.05-19.34.40:271][  0]LogConfig: Setting CVar [[gc.MaxObjectsNotConsideredByGC:1]]
[2023.09.05-19.34.40:271][  0]LogConfig: Setting CVar [[gc.SizeOfPermanentObjectPool:0]]
[2023.09.05-19.34.40:271][  0]LogConfig: Setting CVar [[gc.FlushStreamingOnGC:0]]
[2023.09.05-19.34.40:271][  0]LogConfig: Setting CVar [[gc.NumRetriesBeforeForcingGC:10]]
[2023.09.05-19.34.40:271][  0]LogConfig: Setting CVar [[gc.AllowParallelGC:1]]
[2023.09.05-19.34.40:271][  0]LogConfig: Setting CVar [[gc.TimeBetweenPurgingPendingKillObjects:61.1]]
[2023.09.05-19.34.40:271][  0]LogConfig: Setting CVar [[gc.MaxObjectsInEditor:25165824]]
[2023.09.05-19.34.40:271][  0]LogConfig: Setting CVar [[gc.IncrementalBeginDestroyEnabled:1]]
[2023.09.05-19.34.40:271][  0]LogConfig: Setting CVar [[gc.CreateGCClusters:1]]
[2023.09.05-19.34.40:271][  0]LogConfig: Setting CVar [[gc.MinGCClusterSize:5]]
[2023.09.05-19.34.40:271][  0]LogConfig: Setting CVar [[gc.ActorClusteringEnabled:0]]
[2023.09.05-19.34.40:271][  0]LogConfig: Setting CVar [[gc.BlueprintClusteringEnabled:0]]
[2023.09.05-19.34.40:271][  0]LogConfig: Setting CVar [[gc.UseDisregardForGCOnDedicatedServers:0]]
[2023.09.05-19.34.40:271][  0]LogConfig: Setting CVar [[gc.MultithreadedDestructionEnabled:1]]
[2023.09.05-19.34.40:271][  0]LogConfig: Applying CVar settings from Section [/Script/Engine.NetworkSettings] File [C:/Users/dpana/OneDrive/Documents/GitHub/Fall2023MDIA422/BaseSample/Saved/Config/Windows/Engine.ini]
[2023.09.05-19.34.40:271][  0]LogConfig: Applying CVar settings from Section [/Script/UnrealEd.CookerSettings] File [C:/Users/dpana/OneDrive/Documents/GitHub/Fall2023MDIA422/BaseSample/Saved/Config/Windows/Engine.ini]
[2023.09.05-19.34.40:279][  0]LogConfig: Applying CVar settings from Section [ViewDistanceQuality@3] File [C:/Users/dpana/OneDrive/Documents/GitHub/Fall2023MDIA422/BaseSample/Saved/Config/Windows/Scalability.ini]
[2023.09.05-19.34.40:279][  0]LogConfig: Setting CVar [[r.SkeletalMeshLODBias:0]]
[2023.09.05-19.34.40:279][  0]LogConfig: Setting CVar [[r.ViewDistanceScale:1.0]]
[2023.09.05-19.34.40:279][  0]LogConfig: Applying CVar settings from Section [AntiAliasingQuality@3] File [C:/Users/dpana/OneDrive/Documents/GitHub/Fall2023MDIA422/BaseSample/Saved/Config/Windows/Scalability.ini]
[2023.09.05-19.34.40:279][  0]LogConfig: Setting CVar [[r.PostProcessAAQuality:4]]
[2023.09.05-19.34.40:279][  0]LogConfig: Applying CVar settings from Section [ShadowQuality@3] File [C:/Users/dpana/OneDrive/Documents/GitHub/Fall2023MDIA422/BaseSample/Saved/Config/Windows/Scalability.ini]
[2023.09.05-19.34.40:279][  0]LogConfig: Setting CVar [[r.LightFunctionQuality:1]]
[2023.09.05-19.34.40:279][  0]LogConfig: Setting CVar [[r.ShadowQuality:5]]
[2023.09.05-19.34.40:279][  0]LogConfig: Setting CVar [[r.Shadow.CSM.MaxCascades:10]]
[2023.09.05-19.34.40:279][  0]LogConfig: Setting CVar [[r.Shadow.MaxResolution:2048]]
[2023.09.05-19.34.40:279][  0]LogConfig: Setting CVar [[r.Shadow.MaxCSMResolution:2048]]
[2023.09.05-19.34.40:280][  0]LogConfig: Setting CVar [[r.Shadow.RadiusThreshold:0.01]]
[2023.09.05-19.34.40:280][  0]LogConfig: Setting CVar [[r.Shadow.DistanceScale:1.0]]
[2023.09.05-19.34.40:280][  0]LogConfig: Setting CVar [[r.Shadow.CSM.TransitionScale:1.0]]
[2023.09.05-19.34.40:280][  0]LogConfig: Setting CVar [[r.Shadow.PreShadowResolutionFactor:1.0]]
[2023.09.05-19.34.40:280][  0]LogConfig: Setting CVar [[r.DistanceFieldShadowing:1]]
[2023.09.05-19.34.40:280][  0]LogConfig: Setting CVar [[r.DistanceFieldAO:1]]
[2023.09.05-19.34.40:280][  0]LogConfig: Setting CVar [[r.AOQuality:2]]
[2023.09.05-19.34.40:280][  0]LogConfig: Setting CVar [[r.VolumetricFog:1]]
[2023.09.05-19.34.40:280][  0]LogConfig: Setting CVar [[r.VolumetricFog.GridPixelSize:8]]
[2023.09.05-19.34.40:280][  0]LogConfig: Setting CVar [[r.VolumetricFog.GridSizeZ:128]]
[2023.09.05-19.34.40:280][  0]LogConfig: Setting CVar [[r.VolumetricFog.HistoryMissSupersampleCount:4]]
[2023.09.05-19.34.40:280][  0]LogConfig: Setting CVar [[r.LightMaxDrawDistanceScale:1]]
[2023.09.05-19.34.40:280][  0]LogConfig: Setting CVar [[r.CapsuleShadows:1]]
[2023.09.05-19.34.40:280][  0]LogConfig: Applying CVar settings from Section [PostProcessQuality@3] File [C:/Users/dpana/OneDrive/Documents/GitHub/Fall2023MDIA422/BaseSample/Saved/Config/Windows/Scalability.ini]
[2023.09.05-19.34.40:280][  0]LogConfig: Setting CVar [[r.MotionBlurQuality:4]]
[2023.09.05-19.34.40:280][  0]LogConfig: Setting CVar [[r.AmbientOcclusionMipLevelFactor:0.4]]
[2023.09.05-19.34.40:280][  0]LogConfig: Setting CVar [[r.AmbientOcclusionMaxQuality:100]]
[2023.09.05-19.34.40:280][  0]LogConfig: Setting CVar [[r.AmbientOcclusionLevels:-1]]
[2023.09.05-19.34.40:280][  0]LogConfig: Setting CVar [[r.AmbientOcclusionRadiusScale:1.0]]
[2023.09.05-19.34.40:280][  0]LogConfig: Setting CVar [[r.DepthOfFieldQuality:2]]
[2023.09.05-19.34.40:280][  0]LogConfig: Setting CVar [[r.RenderTargetPoolMin:400]]
[2023.09.05-19.34.40:280][  0]LogConfig: Setting CVar [[r.LensFlareQuality:2]]
[2023.09.05-19.34.40:280][  0]LogConfig: Setting CVar [[r.SceneColorFringeQuality:1]]
[2023.09.05-19.34.40:280][  0]LogConfig: Setting CVar [[r.EyeAdaptationQuality:2]]
[2023.09.05-19.34.40:280][  0]LogConfig: Setting CVar [[r.BloomQuality:5]]
[2023.09.05-19.34.40:280][  0]LogConfig: Setting CVar [[r.FastBlurThreshold:100]]
[2023.09.05-19.34.40:280][  0]LogConfig: Setting CVar [[r.Upscale.Quality:3]]
[2023.09.05-19.34.40:280][  0]LogConfig: Setting CVar [[r.Tonemapper.GrainQuantization:1]]
[2023.09.05-19.34.40:280][  0]LogConfig: Setting CVar [[r.LightShaftQuality:1]]
[2023.09.05-19.34.40:280][  0]LogConfig: Setting CVar [[r.Filter.SizeScale:1]]
[2023.09.05-19.34.40:280][  0]LogConfig: Setting CVar [[r.Tonemapper.Quality:5]]
[2023.09.05-19.34.40:280][  0]LogConfig: Setting CVar [[r.DOF.Gather.AccumulatorQuality:1        ; higher gathering accumulator quality]]
[2023.09.05-19.34.40:280][  0]LogConfig: Setting CVar [[r.DOF.Gather.PostfilterMethod:1          ; Median3x3 postfilering method]]
[2023.09.05-19.34.40:280][  0]LogConfig: Setting CVar [[r.DOF.Gather.EnableBokehSettings:0       ; no bokeh simulation when gathering]]
[2023.09.05-19.34.40:280][  0]LogConfig: Setting CVar [[r.DOF.Gather.RingCount:4                 ; medium number of samples when gathering]]
[2023.09.05-19.34.40:280][  0]LogConfig: Setting CVar [[r.DOF.Scatter.ForegroundCompositing:1    ; additive foreground scattering]]
[2023.09.05-19.34.40:280][  0]LogConfig: Setting CVar [[r.DOF.Scatter.BackgroundCompositing:2    ; additive background scattering]]
[2023.09.05-19.34.40:280][  0]LogConfig: Setting CVar [[r.DOF.Scatter.EnableBokehSettings:1      ; bokeh simulation when scattering]]
[2023.09.05-19.34.40:280][  0]LogConfig: Setting CVar [[r.DOF.Scatter.MaxSpriteRatio:0.1         ; only a maximum of 10% of scattered bokeh]]
[2023.09.05-19.34.40:280][  0]LogConfig: Setting CVar [[r.DOF.Recombine.Quality:1                ; cheap slight out of focus]]
[2023.09.05-19.34.40:280][  0]LogConfig: Setting CVar [[r.DOF.Recombine.EnableBokehSettings:0    ; no bokeh simulation on slight out of focus]]
[2023.09.05-19.34.40:280][  0]LogConfig: Setting CVar [[r.DOF.TemporalAAQuality:1                ; more stable temporal accumulation]]
[2023.09.05-19.34.40:280][  0]LogConfig: Setting CVar [[r.DOF.Kernel.MaxForegroundRadius:0.025]]
[2023.09.05-19.34.40:280][  0]LogConfig: Setting CVar [[r.DOF.Kernel.MaxBackgroundRadius:0.025]]
[2023.09.05-19.34.40:280][  0]LogConfig: Applying CVar settings from Section [TextureQuality@3] File [C:/Users/dpana/OneDrive/Documents/GitHub/Fall2023MDIA422/BaseSample/Saved/Config/Windows/Scalability.ini]
[2023.09.05-19.34.40:280][  0]LogConfig: Setting CVar [[r.Streaming.MipBias:0]]
[2023.09.05-19.34.40:280][  0]LogConfig: Setting CVar [[r.Streaming.AmortizeCPUToGPUCopy:0]]
[2023.09.05-19.34.40:280][  0]LogConfig: Setting CVar [[r.Streaming.MaxNumTexturesToStreamPerFrame:0]]
[2023.09.05-19.34.40:280][  0]LogConfig: Setting CVar [[r.Streaming.Boost:1]]
[2023.09.05-19.34.40:280][  0]LogConfig: Setting CVar [[r.MaxAnisotropy:8]]
[2023.09.05-19.34.40:280][  0]LogConfig: Setting CVar [[r.VT.MaxAnisotropy:8]]
[2023.09.05-19.34.40:280][  0]LogConfig: Setting CVar [[r.Streaming.LimitPoolSizeToVRAM:0]]
[2023.09.05-19.34.40:280][  0]LogConfig: Setting CVar [[r.Streaming.PoolSize:1000]]
[2023.09.05-19.34.40:280][  0]LogConfig: Setting CVar [[r.Streaming.MaxEffectiveScreenSize:0]]
[2023.09.05-19.34.40:280][  0]LogConfig: Applying CVar settings from Section [EffectsQuality@3] File [C:/Users/dpana/OneDrive/Documents/GitHub/Fall2023MDIA422/BaseSample/Saved/Config/Windows/Scalability.ini]
[2023.09.05-19.34.40:280][  0]LogConfig: Setting CVar [[r.TranslucencyLightingVolumeDim:64]]
[2023.09.05-19.34.40:280][  0]LogConfig: Setting CVar [[r.RefractionQuality:2]]
[2023.09.05-19.34.40:280][  0]LogConfig: Setting CVar [[r.SSR.Quality:3]]
[2023.09.05-19.34.40:280][  0]LogConfig: Setting CVar [[r.SSR.HalfResSceneColor:0]]
[2023.09.05-19.34.40:280][  0]LogConfig: Setting CVar [[r.SceneColorFormat:4]]
[2023.09.05-19.34.40:280][  0]LogConfig: Setting CVar [[r.DetailMode:2]]
[2023.09.05-19.34.40:280][  0]LogConfig: Setting CVar [[r.TranslucencyVolumeBlur:1]]
[2023.09.05-19.34.40:280][  0]LogConfig: Setting CVar [[r.MaterialQualityLevel:1 ; High quality]]
[2023.09.05-19.34.40:280][  0]LogConfig: Setting CVar [[r.AnisotropicMaterials:1]]
[2023.09.05-19.34.40:280][  0]LogConfig: Setting CVar [[r.SSS.Scale:1]]
[2023.09.05-19.34.40:280][  0]LogConfig: Setting CVar [[r.SSS.SampleSet:2]]
[2023.09.05-19.34.40:280][  0]LogConfig: Setting CVar [[r.SSS.Quality:1]]
[2023.09.05-19.34.40:281][  0]LogConfig: Setting CVar [[r.SSS.HalfRes:0]]
[2023.09.05-19.34.40:281][  0]LogConfig: Setting CVar [[r.SSGI.Quality:3]]
[2023.09.05-19.34.40:281][  0]LogConfig: Setting CVar [[r.EmitterSpawnRateScale:1.0]]
[2023.09.05-19.34.40:281][  0]LogConfig: Setting CVar [[r.ParticleLightQuality:2]]
[2023.09.05-19.34.40:281][  0]LogConfig: Setting CVar [[r.SkyAtmosphere.AerialPerspectiveLUT.FastApplyOnOpaque:1 ; Always have FastSkyLUT 1 in this case to avoid wrong sky]]
[2023.09.05-19.34.40:281][  0]LogConfig: Setting CVar [[r.SkyAtmosphere.AerialPerspectiveLUT.SampleCountMaxPerSlice:4]]
[2023.09.05-19.34.40:281][  0]LogConfig: Setting CVar [[r.SkyAtmosphere.AerialPerspectiveLUT.DepthResolution:16.0]]
[2023.09.05-19.34.40:281][  0]LogConfig: Setting CVar [[r.SkyAtmosphere.FastSkyLUT:1]]
[2023.09.05-19.34.40:281][  0]LogConfig: Setting CVar [[r.SkyAtmosphere.FastSkyLUT.SampleCountMin:4.0]]
[2023.09.05-19.34.40:281][  0]LogConfig: Setting CVar [[r.SkyAtmosphere.FastSkyLUT.SampleCountMax:128.0]]
[2023.09.05-19.34.40:281][  0]LogConfig: Setting CVar [[r.SkyAtmosphere.SampleCountMin:4.0]]
[2023.09.05-19.34.40:281][  0]LogConfig: Setting CVar [[r.SkyAtmosphere.SampleCountMax:128.0]]
[2023.09.05-19.34.40:281][  0]LogConfig: Setting CVar [[r.SkyAtmosphere.TransmittanceLUT.UseSmallFormat:0]]
[2023.09.05-19.34.40:281][  0]LogConfig: Setting CVar [[r.SkyAtmosphere.TransmittanceLUT.SampleCount:10.0]]
[2023.09.05-19.34.40:281][  0]LogConfig: Setting CVar [[r.SkyAtmosphere.MultiScatteringLUT.SampleCount:15.0]]
[2023.09.05-19.34.40:281][  0]LogConfig: Setting CVar [[r.SkyLight.RealTimeReflectionCapture:1]]
[2023.09.05-19.34.40:281][  0]LogConfig: Applying CVar settings from Section [FoliageQuality@3] File [C:/Users/dpana/OneDrive/Documents/GitHub/Fall2023MDIA422/BaseSample/Saved/Config/Windows/Scalability.ini]
[2023.09.05-19.34.40:281][  0]LogConfig: Setting CVar [[foliage.DensityScale:1.0]]
[2023.09.05-19.34.40:281][  0]LogConfig: Setting CVar [[grass.DensityScale:1.0]]
[2023.09.05-19.34.40:281][  0]LogConfig: Applying CVar settings from Section [ShadingQuality@3] File [C:/Users/dpana/OneDrive/Documents/GitHub/Fall2023MDIA422/BaseSample/Saved/Config/Windows/Scalability.ini]
[2023.09.05-19.34.40:281][  0]LogConfig: Setting CVar [[r.HairStrands.SkyLighting.IntegrationType:2]]
[2023.09.05-19.34.40:281][  0]LogConfig: Setting CVar [[r.HairStrands.SkyAO.SampleCount:4]]
[2023.09.05-19.34.40:281][  0]LogConfig: Setting CVar [[r.HairStrands.Visibility.MSAA.SamplePerPixel:4]]
[2023.09.05-19.34.40:281][  0]LogInit: Selected Device Profile: [Windows]
[2023.09.05-19.34.40:281][  0]LogInit: Applying CVar settings loaded from the selected device profile: [Windows]
[2023.09.05-19.34.40:281][  0]LogHAL: Display: Platform has ~ 32 GB [34014814208 / 34359738368 / 32], which maps to Largest [LargestMinGB=32, LargerMinGB=12, DefaultMinGB=8, SmallerMinGB=6, SmallestMinGB=0)
[2023.09.05-19.34.40:281][  0]LogInit: Going up to parent DeviceProfile []
[2023.09.05-19.34.40:281][  0]LogConfig: Applying CVar settings from Section [ViewDistanceQuality@3] File [C:/Users/dpana/OneDrive/Documents/GitHub/Fall2023MDIA422/BaseSample/Saved/Config/Windows/Scalability.ini]
[2023.09.05-19.34.40:281][  0]LogConfig: Setting CVar [[r.SkeletalMeshLODBias:0]]
[2023.09.05-19.34.40:281][  0]LogConfig: Setting CVar [[r.ViewDistanceScale:1.0]]
[2023.09.05-19.34.40:281][  0]LogConfig: Applying CVar settings from Section [AntiAliasingQuality@3] File [C:/Users/dpana/OneDrive/Documents/GitHub/Fall2023MDIA422/BaseSample/Saved/Config/Windows/Scalability.ini]
[2023.09.05-19.34.40:281][  0]LogConfig: Setting CVar [[r.PostProcessAAQuality:4]]
[2023.09.05-19.34.40:281][  0]LogConfig: Applying CVar settings from Section [ShadowQuality@3] File [C:/Users/dpana/OneDrive/Documents/GitHub/Fall2023MDIA422/BaseSample/Saved/Config/Windows/Scalability.ini]
[2023.09.05-19.34.40:281][  0]LogConfig: Setting CVar [[r.LightFunctionQuality:1]]
[2023.09.05-19.34.40:281][  0]LogConfig: Setting CVar [[r.ShadowQuality:5]]
[2023.09.05-19.34.40:281][  0]LogConfig: Setting CVar [[r.Shadow.CSM.MaxCascades:10]]
[2023.09.05-19.34.40:281][  0]LogConfig: Setting CVar [[r.Shadow.MaxResolution:2048]]
[2023.09.05-19.34.40:281][  0]LogConfig: Setting CVar [[r.Shadow.MaxCSMResolution:2048]]
[2023.09.05-19.34.40:281][  0]LogConfig: Setting CVar [[r.Shadow.RadiusThreshold:0.01]]
[2023.09.05-19.34.40:281][  0]LogConfig: Setting CVar [[r.Shadow.DistanceScale:1.0]]
[2023.09.05-19.34.40:281][  0]LogConfig: Setting CVar [[r.Shadow.CSM.TransitionScale:1.0]]
[2023.09.05-19.34.40:281][  0]LogConfig: Setting CVar [[r.Shadow.PreShadowResolutionFactor:1.0]]
[2023.09.05-19.34.40:281][  0]LogConfig: Setting CVar [[r.DistanceFieldShadowing:1]]
[2023.09.05-19.34.40:281][  0]LogConfig: Setting CVar [[r.DistanceFieldAO:1]]
[2023.09.05-19.34.40:281][  0]LogConfig: Setting CVar [[r.AOQuality:2]]
[2023.09.05-19.34.40:281][  0]LogConfig: Setting CVar [[r.VolumetricFog:1]]
[2023.09.05-19.34.40:281][  0]LogConfig: Setting CVar [[r.VolumetricFog.GridPixelSize:8]]
[2023.09.05-19.34.40:281][  0]LogConfig: Setting CVar [[r.VolumetricFog.GridSizeZ:128]]
[2023.09.05-19.34.40:281][  0]LogConfig: Setting CVar [[r.VolumetricFog.HistoryMissSupersampleCount:4]]
[2023.09.05-19.34.40:281][  0]LogConfig: Setting CVar [[r.LightMaxDrawDistanceScale:1]]
[2023.09.05-19.34.40:281][  0]LogConfig: Setting CVar [[r.CapsuleShadows:1]]
[2023.09.05-19.34.40:281][  0]LogConfig: Applying CVar settings from Section [PostProcessQuality@3] File [C:/Users/dpana/OneDrive/Documents/GitHub/Fall2023MDIA422/BaseSample/Saved/Config/Windows/Scalability.ini]
[2023.09.05-19.34.40:281][  0]LogConfig: Setting CVar [[r.MotionBlurQuality:4]]
[2023.09.05-19.34.40:281][  0]LogConfig: Setting CVar [[r.AmbientOcclusionMipLevelFactor:0.4]]
[2023.09.05-19.34.40:281][  0]LogConfig: Setting CVar [[r.AmbientOcclusionMaxQuality:100]]
[2023.09.05-19.34.40:281][  0]LogConfig: Setting CVar [[r.AmbientOcclusionLevels:-1]]
[2023.09.05-19.34.40:281][  0]LogConfig: Setting CVar [[r.AmbientOcclusionRadiusScale:1.0]]
[2023.09.05-19.34.40:281][  0]LogConfig: Setting CVar [[r.DepthOfFieldQuality:2]]
[2023.09.05-19.34.40:281][  0]LogConfig: Setting CVar [[r.RenderTargetPoolMin:400]]
[2023.09.05-19.34.40:281][  0]LogConfig: Setting CVar [[r.LensFlareQuality:2]]
[2023.09.05-19.34.40:281][  0]LogConfig: Setting CVar [[r.SceneColorFringeQuality:1]]
[2023.09.05-19.34.40:281][  0]LogConfig: Setting CVar [[r.EyeAdaptationQuality:2]]
[2023.09.05-19.34.40:281][  0]LogConfig: Setting CVar [[r.BloomQuality:5]]
[2023.09.05-19.34.40:281][  0]LogConfig: Setting CVar [[r.FastBlurThreshold:100]]
[2023.09.05-19.34.40:281][  0]LogConfig: Setting CVar [[r.Upscale.Quality:3]]
[2023.09.05-19.34.40:281][  0]LogConfig: Setting CVar [[r.Tonemapper.GrainQuantization:1]]
[2023.09.05-19.34.40:281][  0]LogConfig: Setting CVar [[r.LightShaftQuality:1]]
[2023.09.05-19.34.40:281][  0]LogConfig: Setting CVar [[r.Filter.SizeScale:1]]
[2023.09.05-19.34.40:281][  0]LogConfig: Setting CVar [[r.Tonemapper.Quality:5]]
[2023.09.05-19.34.40:281][  0]LogConfig: Setting CVar [[r.DOF.Gather.AccumulatorQuality:1        ; higher gathering accumulator quality]]
[2023.09.05-19.34.40:281][  0]LogConfig: Setting CVar [[r.DOF.Gather.PostfilterMethod:1          ; Median3x3 postfilering method]]
[2023.09.05-19.34.40:281][  0]LogConfig: Setting CVar [[r.DOF.Gather.EnableBokehSettings:0       ; no bokeh simulation when gathering]]
[2023.09.05-19.34.40:281][  0]LogConfig: Setting CVar [[r.DOF.Gather.RingCount:4                 ; medium number of samples when gathering]]
[2023.09.05-19.34.40:281][  0]LogConfig: Setting CVar [[r.DOF.Scatter.ForegroundCompositing:1    ; additive foreground scattering]]
[2023.09.05-19.34.40:281][  0]LogConfig: Setting CVar [[r.DOF.Scatter.BackgroundCompositing:2    ; additive background scattering]]
[2023.09.05-19.34.40:281][  0]LogConfig: Setting CVar [[r.DOF.Scatter.EnableBokehSettings:1      ; bokeh simulation when scattering]]
[2023.09.05-19.34.40:281][  0]LogConfig: Setting CVar [[r.DOF.Scatter.MaxSpriteRatio:0.1         ; only a maximum of 10% of scattered bokeh]]
[2023.09.05-19.34.40:281][  0]LogConfig: Setting CVar [[r.DOF.Recombine.Quality:1                ; cheap slight out of focus]]
[2023.09.05-19.34.40:281][  0]LogConfig: Setting CVar [[r.DOF.Recombine.EnableBokehSettings:0    ; no bokeh simulation on slight out of focus]]
[2023.09.05-19.34.40:281][  0]LogConfig: Setting CVar [[r.DOF.TemporalAAQuality:1                ; more stable temporal accumulation]]
[2023.09.05-19.34.40:281][  0]LogConfig: Setting CVar [[r.DOF.Kernel.MaxForegroundRadius:0.025]]
[2023.09.05-19.34.40:281][  0]LogConfig: Setting CVar [[r.DOF.Kernel.MaxBackgroundRadius:0.025]]
[2023.09.05-19.34.40:281][  0]LogConfig: Applying CVar settings from Section [TextureQuality@3] File [C:/Users/dpana/OneDrive/Documents/GitHub/Fall2023MDIA422/BaseSample/Saved/Config/Windows/Scalability.ini]
[2023.09.05-19.34.40:281][  0]LogConfig: Setting CVar [[r.Streaming.MipBias:0]]
[2023.09.05-19.34.40:281][  0]LogConfig: Setting CVar [[r.Streaming.AmortizeCPUToGPUCopy:0]]
[2023.09.05-19.34.40:281][  0]LogConfig: Setting CVar [[r.Streaming.MaxNumTexturesToStreamPerFrame:0]]
[2023.09.05-19.34.40:281][  0]LogConfig: Setting CVar [[r.Streaming.Boost:1]]
[2023.09.05-19.34.40:281][  0]LogConfig: Setting CVar [[r.MaxAnisotropy:8]]
[2023.09.05-19.34.40:281][  0]LogConfig: Setting CVar [[r.VT.MaxAnisotropy:8]]
[2023.09.05-19.34.40:281][  0]LogConfig: Setting CVar [[r.Streaming.LimitPoolSizeToVRAM:0]]
[2023.09.05-19.34.40:281][  0]LogConfig: Setting CVar [[r.Streaming.PoolSize:1000]]
[2023.09.05-19.34.40:281][  0]LogConfig: Setting CVar [[r.Streaming.MaxEffectiveScreenSize:0]]
[2023.09.05-19.34.40:281][  0]LogConfig: Applying CVar settings from Section [EffectsQuality@3] File [C:/Users/dpana/OneDrive/Documents/GitHub/Fall2023MDIA422/BaseSample/Saved/Config/Windows/Scalability.ini]
[2023.09.05-19.34.40:281][  0]LogConfig: Setting CVar [[r.TranslucencyLightingVolumeDim:64]]
[2023.09.05-19.34.40:281][  0]LogConfig: Setting CVar [[r.RefractionQuality:2]]
[2023.09.05-19.34.40:281][  0]LogConfig: Setting CVar [[r.SSR.Quality:3]]
[2023.09.05-19.34.40:281][  0]LogConfig: Setting CVar [[r.SSR.HalfResSceneColor:0]]
[2023.09.05-19.34.40:281][  0]LogConfig: Setting CVar [[r.SceneColorFormat:4]]
[2023.09.05-19.34.40:281][  0]LogConfig: Setting CVar [[r.DetailMode:2]]
[2023.09.05-19.34.40:281][  0]LogConfig: Setting CVar [[r.TranslucencyVolumeBlur:1]]
[2023.09.05-19.34.40:281][  0]LogConfig: Setting CVar [[r.MaterialQualityLevel:1 ; High quality]]
[2023.09.05-19.34.40:282][  0]LogConfig: Setting CVar [[r.AnisotropicMaterials:1]]
[2023.09.05-19.34.40:282][  0]LogConfig: Setting CVar [[r.SSS.Scale:1]]
[2023.09.05-19.34.40:282][  0]LogConfig: Setting CVar [[r.SSS.SampleSet:2]]
[2023.09.05-19.34.40:282][  0]LogConfig: Setting CVar [[r.SSS.Quality:1]]
[2023.09.05-19.34.40:282][  0]LogConfig: Setting CVar [[r.SSS.HalfRes:0]]
[2023.09.05-19.34.40:282][  0]LogConfig: Setting CVar [[r.SSGI.Quality:3]]
[2023.09.05-19.34.40:282][  0]LogConfig: Setting CVar [[r.EmitterSpawnRateScale:1.0]]
[2023.09.05-19.34.40:282][  0]LogConfig: Setting CVar [[r.ParticleLightQuality:2]]
[2023.09.05-19.34.40:282][  0]LogConfig: Setting CVar [[r.SkyAtmosphere.AerialPerspectiveLUT.FastApplyOnOpaque:1 ; Always have FastSkyLUT 1 in this case to avoid wrong sky]]
[2023.09.05-19.34.40:282][  0]LogConfig: Setting CVar [[r.SkyAtmosphere.AerialPerspectiveLUT.SampleCountMaxPerSlice:4]]
[2023.09.05-19.34.40:282][  0]LogConfig: Setting CVar [[r.SkyAtmosphere.AerialPerspectiveLUT.DepthResolution:16.0]]
[2023.09.05-19.34.40:282][  0]LogConfig: Setting CVar [[r.SkyAtmosphere.FastSkyLUT:1]]
[2023.09.05-19.34.40:282][  0]LogConfig: Setting CVar [[r.SkyAtmosphere.FastSkyLUT.SampleCountMin:4.0]]
[2023.09.05-19.34.40:282][  0]LogConfig: Setting CVar [[r.SkyAtmosphere.FastSkyLUT.SampleCountMax:128.0]]
[2023.09.05-19.34.40:282][  0]LogConfig: Setting CVar [[r.SkyAtmosphere.SampleCountMin:4.0]]
[2023.09.05-19.34.40:282][  0]LogConfig: Setting CVar [[r.SkyAtmosphere.SampleCountMax:128.0]]
[2023.09.05-19.34.40:282][  0]LogConfig: Setting CVar [[r.SkyAtmosphere.TransmittanceLUT.UseSmallFormat:0]]
[2023.09.05-19.34.40:282][  0]LogConfig: Setting CVar [[r.SkyAtmosphere.TransmittanceLUT.SampleCount:10.0]]
[2023.09.05-19.34.40:282][  0]LogConfig: Setting CVar [[r.SkyAtmosphere.MultiScatteringLUT.SampleCount:15.0]]
[2023.09.05-19.34.40:282][  0]LogConfig: Setting CVar [[r.SkyLight.RealTimeReflectionCapture:1]]
[2023.09.05-19.34.40:282][  0]LogConfig: Applying CVar settings from Section [FoliageQuality@3] File [C:/Users/dpana/OneDrive/Documents/GitHub/Fall2023MDIA422/BaseSample/Saved/Config/Windows/Scalability.ini]
[2023.09.05-19.34.40:282][  0]LogConfig: Setting CVar [[foliage.DensityScale:1.0]]
[2023.09.05-19.34.40:282][  0]LogConfig: Setting CVar [[grass.DensityScale:1.0]]
[2023.09.05-19.34.40:282][  0]LogConfig: Applying CVar settings from Section [ShadingQuality@3] File [C:/Users/dpana/OneDrive/Documents/GitHub/Fall2023MDIA422/BaseSample/Saved/Config/Windows/Scalability.ini]
[2023.09.05-19.34.40:282][  0]LogConfig: Setting CVar [[r.HairStrands.SkyLighting.IntegrationType:2]]
[2023.09.05-19.34.40:282][  0]LogConfig: Setting CVar [[r.HairStrands.SkyAO.SampleCount:4]]
[2023.09.05-19.34.40:282][  0]LogConfig: Setting CVar [[r.HairStrands.Visibility.MSAA.SamplePerPixel:4]]
[2023.09.05-19.34.40:282][  0]LogConfig: Applying CVar settings from Section [Startup] File [../../../Engine/Config/ConsoleVariables.ini]
[2023.09.05-19.34.40:283][  0]LogConfig: Setting CVar [[net.UseAdaptiveNetUpdateFrequency:0]]
[2023.09.05-19.34.40:283][  0]LogConfig: Setting CVar [[p.chaos.AllowCreatePhysxBodies:1]]
[2023.09.05-19.34.40:283][  0]LogConfig: Setting CVar [[fx.SkipVectorVMBackendOptimizations:1]]
[2023.09.05-19.34.40:283][  0]LogConfig: Applying CVar settings from Section [ConsoleVariables] File [C:/Users/dpana/OneDrive/Documents/GitHub/Fall2023MDIA422/BaseSample/Saved/Config/Windows/Engine.ini]
[2023.09.05-19.34.40:283][  0]LogConfig: Applying CVar settings from Section [ConsoleVariables] File [C:/Users/dpana/OneDrive/Documents/GitHub/Fall2023MDIA422/BaseSample/Saved/Config/Windows/Editor.ini]
[2023.09.05-19.34.40:283][  0]LogInit: Computer: DESKTOP-0KSS3JJ
[2023.09.05-19.34.40:283][  0]LogInit: User: dpana
[2023.09.05-19.34.40:283][  0]LogInit: CPU Page size=4096, Cores=14
[2023.09.05-19.34.40:283][  0]LogInit: High frequency timer resolution =10.000000 MHz
[2023.09.05-19.34.40:283][  0]LogMemory: Memory total: Physical=31.7GB (32GB approx)
[2023.09.05-19.34.40:283][  0]LogMemory: Platform Memory Stats for Windows
[2023.09.05-19.34.40:283][  0]LogMemory: Process Physical Memory: 146.95 MB used, 146.95 MB peak
[2023.09.05-19.34.40:283][  0]LogMemory: Process Virtual Memory: 130.36 MB used, 130.36 MB peak
[2023.09.05-19.34.40:283][  0]LogMemory: Physical Memory: 12037.94 MB used,  20401.12 MB free, 32439.05 MB total
[2023.09.05-19.34.40:283][  0]LogMemory: Virtual Memory: 134194592.00 MB used,  23132.45 MB free, 134217728.00 MB total
[2023.09.05-19.34.40:353][  0]LogWindows: WindowsPlatformFeatures enabled
[2023.09.05-19.34.42:171][  0]LogInit: Physics initialised using underlying interface: PhysX
[2023.09.05-19.34.42:186][  0]LogInit: Using OS detected language (en-US).
[2023.09.05-19.34.42:186][  0]LogInit: Using OS detected locale (en-US).
[2023.09.05-19.34.42:201][  0]LogTextLocalizationManager: No specific localization for 'en-US' exists, so the 'en' localization will be used.
[2023.09.05-19.34.42:721][  0]LogInit: Setting process to per monitor DPI aware
[2023.09.05-19.34.42:750][  0]LogWindowsTextInputMethodSystem: Display: IME system deactivated.
[2023.09.05-19.34.42:832][  0]LogSlate: New Slate User Created.  User Index 0, Is Virtual User: 0
[2023.09.05-19.34.42:832][  0]LogSlate: Slate User Registered.  User Index 0, Is Virtual User: 0
[2023.09.05-19.34.43:310][  0]LogD3D11RHI: Loaded GFSDK_Aftermath_Lib.x64.dll
[2023.09.05-19.34.43:365][  0]LogHMD: Failed to initialize OpenVR with code 110
[2023.09.05-19.34.43:365][  0]LogD3D11RHI: D3D11 min allowed feature level: 11_0
[2023.09.05-19.34.43:365][  0]LogD3D11RHI: D3D11 max allowed feature level: 11_0
[2023.09.05-19.34.43:365][  0]LogD3D11RHI: D3D11 adapters:
[2023.09.05-19.34.44:381][  0]LogD3D11RHI:    0. 'NVIDIA GeForce RTX 4060 Laptop GPU' (Feature Level 11_0)
[2023.09.05-19.34.44:381][  0]LogD3D11RHI:       7973/0/16219 MB DedicatedVideo/DedicatedSystem/SharedSystem, Outputs:1, VendorId:0x10de
[2023.09.05-19.34.44:432][  0]LogD3D11RHI:    1. 'Intel(R) Iris(R) Xe Graphics' (Feature Level 11_0)
[2023.09.05-19.34.44:432][  0]LogD3D11RHI:       128/0/16219 MB DedicatedVideo/DedicatedSystem/SharedSystem, Outputs:0, VendorId:0x8086
[2023.09.05-19.34.44:436][  0]LogD3D11RHI:    2. 'Microsoft Basic Render Driver' (Feature Level 11_0)
[2023.09.05-19.34.44:436][  0]LogD3D11RHI:       0/0/16219 MB DedicatedVideo/DedicatedSystem/SharedSystem, Outputs:0, VendorId:0x1414
[2023.09.05-19.34.44:436][  0]LogD3D11RHI: Chosen D3D11 Adapter:
[2023.09.05-19.34.44:436][  0]LogD3D11RHI:     Description : NVIDIA GeForce RTX 4060 Laptop GPU
[2023.09.05-19.34.44:436][  0]LogD3D11RHI:     VendorId    : 10de
[2023.09.05-19.34.44:436][  0]LogD3D11RHI:     DeviceId    : 28a0
[2023.09.05-19.34.44:436][  0]LogD3D11RHI:     SubSysId    : beb1028
[2023.09.05-19.34.44:436][  0]LogD3D11RHI:     Revision    : 00a1
[2023.09.05-19.34.44:436][  0]LogD3D11RHI:     DedicatedVideoMemory : 8360296448 bytes
[2023.09.05-19.34.44:436][  0]LogD3D11RHI:     DedicatedSystemMemory : 0 bytes
[2023.09.05-19.34.44:436][  0]LogD3D11RHI:     SharedSystemMemory : 17007407104 bytes
[2023.09.05-19.34.44:436][  0]LogD3D11RHI:     AdapterLuid : 0 95798
[2023.09.05-19.34.44:448][  0]LogD3D11RHI: Creating new Direct3DDevice
[2023.09.05-19.34.44:448][  0]LogD3D11RHI:     GPU DeviceId: 0x28a0 (for the marketing name, search the web for "GPU Device Id")
[2023.09.05-19.34.44:448][  0]LogWindows: EnumDisplayDevices:
[2023.09.05-19.34.44:449][  0]LogWindows:    0. 'Intel(R) Iris(R) Xe Graphics' (P:1 D:1)
[2023.09.05-19.34.44:449][  0]LogWindows:    1. 'Intel(R) Iris(R) Xe Graphics' (P:0 D:0)
[2023.09.05-19.34.44:449][  0]LogWindows:    2. 'Intel(R) Iris(R) Xe Graphics' (P:0 D:0)
[2023.09.05-19.34.44:450][  0]LogWindows:    3. 'Intel(R) Iris(R) Xe Graphics' (P:0 D:0)
[2023.09.05-19.34.44:450][  0]LogWindows: DebugString: PrimaryIsNotTheChoosenAdapter PrimaryIsNotTheChoosenAdapter PrimaryIsNotTheChoosenAdapter PrimaryIsNotTheChoosenAdapter FoundDriverCount:0 
[2023.09.05-19.34.44:450][  0]LogD3D11RHI:     Adapter Name: NVIDIA GeForce RTX 4060 Laptop GPU
[2023.09.05-19.34.44:450][  0]LogD3D11RHI:   Driver Version: Unknown (internal:Unknown, unified:Unknown)
[2023.09.05-19.34.44:450][  0]LogD3D11RHI:      Driver Date: Unknown
[2023.09.05-19.34.44:450][  0]LogRHI: Texture pool is 5581 MB (70% of 7973 MB)
[2023.09.05-19.34.44:450][  0]LogD3D11RHI: Creating D3DDevice using adapter:
[2023.09.05-19.34.44:450][  0]LogD3D11RHI:     Description : NVIDIA GeForce RTX 4060 Laptop GPU
[2023.09.05-19.34.44:450][  0]LogD3D11RHI:     VendorId    : 10de
[2023.09.05-19.34.44:450][  0]LogD3D11RHI:     DeviceId    : 28a0
[2023.09.05-19.34.44:450][  0]LogD3D11RHI:     SubSysId    : beb1028
[2023.09.05-19.34.44:450][  0]LogD3D11RHI:     Revision    : 00a1
[2023.09.05-19.34.44:450][  0]LogD3D11RHI:     DedicatedVideoMemory : 8360296448 bytes
[2023.09.05-19.34.44:450][  0]LogD3D11RHI:     DedicatedSystemMemory : 0 bytes
[2023.09.05-19.34.44:450][  0]LogD3D11RHI:     SharedSystemMemory : 17007407104 bytes
[2023.09.05-19.34.44:450][  0]LogD3D11RHI:     AdapterLuid : 0 95798
[2023.09.05-19.34.44:544][  0]LogD3D11RHI: RHI has support for 64 bit atomics
[2023.09.05-19.34.44:545][  0]LogD3D11RHI: Async texture creation enabled
[2023.09.05-19.34.44:545][  0]LogD3D11RHI: Array index from any shader is supported
[2023.09.05-19.34.44:568][  0]LogD3D11RHI: GPU Timing Frequency: 1000.000000 (Debug: 2 1)
[2023.09.05-19.34.44:706][  0]LogRHI: GeForceNow SDK initialized: 1
[2023.09.05-19.34.45:432][  0]LogTargetPlatformManager: Display: Loaded TargetPlatform 'AllDesktop'
[2023.09.05-19.34.45:549][  0]LogTargetPlatformManager: Display: Loaded TargetPlatform 'Android'
[2023.09.05-19.34.45:549][  0]LogTargetPlatformManager: Display: Loaded TargetPlatform 'Android_ASTC'
[2023.09.05-19.34.45:549][  0]LogTargetPlatformManager: Display: Loaded TargetPlatform 'Android_DXT'
[2023.09.05-19.34.45:549][  0]LogTargetPlatformManager: Display: Loaded TargetPlatform 'Android_ETC2'
[2023.09.05-19.34.45:549][  0]LogTargetPlatformManager: Display: Loaded TargetPlatform 'AndroidClient'
[2023.09.05-19.34.45:549][  0]LogTargetPlatformManager: Display: Loaded TargetPlatform 'Android_ASTCClient'
[2023.09.05-19.34.45:549][  0]LogTargetPlatformManager: Display: Loaded TargetPlatform 'Android_DXTClient'
[2023.09.05-19.34.45:549][  0]LogTargetPlatformManager: Display: Loaded TargetPlatform 'Android_ETC2Client'
[2023.09.05-19.34.45:549][  0]LogTargetPlatformManager: Display: Loaded TargetPlatform 'Android_Multi'
[2023.09.05-19.34.45:549][  0]LogTargetPlatformManager: Display: Loaded TargetPlatform 'Android_MultiClient'
[2023.09.05-19.34.45:782][  0]LogTargetPlatformManager: Display: Loaded TargetPlatform 'IOSClient'
[2023.09.05-19.34.45:782][  0]LogTargetPlatformManager: Display: Loaded TargetPlatform 'IOS'
[2023.09.05-19.34.45:873][  0]LogTargetPlatformManager: Display: Loaded TargetPlatform 'Linux'
[2023.09.05-19.34.45:955][  0]LogTargetPlatformManager: Display: Loaded TargetPlatform 'LinuxNoEditor'
[2023.09.05-19.34.46:031][  0]LogTargetPlatformManager: Display: Loaded TargetPlatform 'LinuxClient'
[2023.09.05-19.34.46:118][  0]LogTargetPlatformManager: Display: Loaded TargetPlatform 'LinuxServer'
[2023.09.05-19.34.46:210][  0]LogTargetPlatformManager: Display: Loaded TargetPlatform 'LinuxAArch64NoEditor'
[2023.09.05-19.34.46:306][  0]LogTargetPlatformManager: Display: Loaded TargetPlatform 'LinuxAArch64Client'
[2023.09.05-19.34.46:378][  0]LogTargetPlatformManager: Display: Loaded TargetPlatform 'LinuxAArch64Server'
[2023.09.05-19.34.46:482][  0]LogTargetPlatformManager: Display: Loaded TargetPlatform 'Lumin'
[2023.09.05-19.34.46:482][  0]LogTargetPlatformManager: Display: Loaded TargetPlatform 'LuminClient'
[2023.09.05-19.34.46:565][  0]LogTargetPlatformManager: Display: Loaded TargetPlatform 'MacNoEditor'
[2023.09.05-19.34.46:642][  0]LogTargetPlatformManager: Display: Loaded TargetPlatform 'Mac'
[2023.09.05-19.34.46:716][  0]LogTargetPlatformManager: Display: Loaded TargetPlatform 'MacClient'
[2023.09.05-19.34.46:786][  0]LogTargetPlatformManager: Display: Loaded TargetPlatform 'MacServer'
[2023.09.05-19.34.46:861][  0]LogTargetPlatformManager: Display: Loaded TargetPlatform 'TVOSClient'
[2023.09.05-19.34.46:861][  0]LogTargetPlatformManager: Display: Loaded TargetPlatform 'TVOS'
[2023.09.05-19.34.46:933][  0]LogTargetPlatformManager: Display: Loaded TargetPlatform 'WindowsNoEditor'
[2023.09.05-19.34.47:012][  0]LogTargetPlatformManager: Display: Loaded TargetPlatform 'Windows'
[2023.09.05-19.34.47:078][  0]LogTargetPlatformManager: Display: Loaded TargetPlatform 'WindowsClient'
[2023.09.05-19.34.47:139][  0]LogTargetPlatformManager: Display: Loaded TargetPlatform 'WindowsServer'
[2023.09.05-19.34.47:139][  0]LogTargetPlatformManager: Display: Building Assets For Windows
[2023.09.05-19.34.47:722][  0]LogAudioDebug: Display: Lib vorbis DLL was dynamically loaded.
[2023.09.05-19.34.48:859][  0]LogTextureFormatOodle: Display: Oodle Texture 2.9.0 init RDO Off
[2023.09.05-19.34.51:239][  0]LogRendererCore: Ray tracing is disabled. Reason: r.RayTracing=0.
[2023.09.05-19.34.51:240][  0]LogShaderCompilers: Guid format shader working directory is -37 characters bigger than the processId version (../../../../../../Users/dpana/OneDrive/Documents/GitHub/Fall2023MDIA422/BaseSample/Intermediate/Shaders/WorkingDirectory/28292/).
[2023.09.05-19.34.51:240][  0]LogShaderCompilers: Cleaned the shader compiler working directory 'C:/Users/dpana/AppData/Local/Temp/UnrealShaderWorkingDir/162BB5AD4EF88A3AF8B2CBACCEE6265B/'.
[2023.09.05-19.34.51:241][  0]LogXGEController: Cannot use XGE Controller as Incredibuild is not installed on this machine.
[2023.09.05-19.34.51:241][  0]LogShaderCompilers: Cannot use XGE Shader Compiler as Incredibuild is not installed on this machine.
[2023.09.05-19.34.51:241][  0]LogShaderCompilers: Display: Using Local Shader Compiler.
[2023.09.05-19.34.52:935][  0]LogDerivedDataCache: Display: Max Cache Size: 512 MB
[2023.09.05-19.34.53:096][  0]LogDerivedDataCache: Loaded boot cache 0.16s 95MB C:/Users/dpana/AppData/Local/UnrealEngine/4.27/DerivedDataCache/Boot.ddc.
[2023.09.05-19.34.53:097][  0]LogDerivedDataCache: Display: Loaded Boot cache: C:/Users/dpana/AppData/Local/UnrealEngine/4.27/DerivedDataCache/Boot.ddc
[2023.09.05-19.34.53:097][  0]LogDerivedDataCache: FDerivedDataBackendGraph:  Pak pak cache file ../../../../../../Users/dpana/OneDrive/Documents/GitHub/Fall2023MDIA422/BaseSample/DerivedDataCache/DDC.ddp not found, will not use a pak cache.
[2023.09.05-19.34.53:097][  0]LogDerivedDataCache: Unable to find inner node Pak for hierarchical cache Hierarchy.
[2023.09.05-19.34.53:097][  0]LogDerivedDataCache: FDerivedDataBackendGraph:  CompressedPak pak cache file ../../../../../../Users/dpana/OneDrive/Documents/GitHub/Fall2023MDIA422/BaseSample/DerivedDataCache/Compressed.ddp not found, will not use a pak cache.
[2023.09.05-19.34.53:097][  0]LogDerivedDataCache: Unable to find inner node CompressedPak for hierarchical cache Hierarchy.
[2023.09.05-19.34.53:138][  0]LogDerivedDataCache: Display: Pak cache opened for reading ../../../Engine/DerivedDataCache/Compressed.ddp.
[2023.09.05-19.34.53:139][  0]LogDerivedDataCache: FDerivedDataBackendGraph:  EnterprisePak pak cache file ../../../Enterprise/DerivedDataCache/Compressed.ddp not found, will not use a pak cache.
[2023.09.05-19.34.53:139][  0]LogDerivedDataCache: Unable to find inner node EnterprisePak for hierarchical cache Hierarchy.
[2023.09.05-19.34.53:159][  0]LogDerivedDataCache: Speed tests for C:/Users/dpana/AppData/Local/UnrealEngine/Common/DerivedDataCache took 0.02 seconds
[2023.09.05-19.34.53:159][  0]LogDerivedDataCache: Display: Performance to C:/Users/dpana/AppData/Local/UnrealEngine/Common/DerivedDataCache: Latency=0.17ms. RandomReadSpeed=152.28MBs, RandomWriteSpeed=79.57MBs. Assigned SpeedClass 'Local'
[2023.09.05-19.34.53:160][  0]LogDerivedDataCache: Using Local data cache path C:/Users/dpana/AppData/Local/UnrealEngine/Common/DerivedDataCache: Writable
[2023.09.05-19.34.53:160][  0]LogDerivedDataCache: Shared data cache path not found in *engine.ini, will not use an Shared cache.
[2023.09.05-19.34.53:160][  0]LogDerivedDataCache: Unable to find inner node Shared for hierarchical cache Hierarchy.
[2023.09.05-19.34.53:276][  0]LogSlate: Using FreeType 2.10.0
[2023.09.05-19.34.53:279][  0]LogSlate: SlateFontServices - WITH_FREETYPE: 1, WITH_HARFBUZZ: 1
[2023.09.05-19.34.53:424][  0]LogAssetRegistry: FAssetRegistry took 0.0056 seconds to start up
[2023.09.05-19.34.53:966][  0]LogInit: Selected Device Profile: [Windows]
[2023.09.05-19.34.53:966][  0]LogInit: Active device profile: [000001846AD28F00][00000184685F8280 49] Windows
[2023.09.05-19.34.53:966][  0]LogInit: Profiles: [000001846AD28F00][00000184685F8280 49] Windows, [000001846AD0A400][0000018462A78400 49] WindowsNoEditor, [000001846AD29F00][0000018462A80580 49] WindowsServer, [000001846AD09600][0000018469856700 49] WindowsClient, [000001846AD29000][000001846985A880 49] IOS, [000001846AD0BA00][00000184682E6A00 49] iPadAir, [000001846AD2B300][0000018462A6CB40 49] iPadAir2, [000001846AC91300][0000018469D6ED80 49] IPadPro, [000001846AC91400][00000184682F6DC0 49] iPadAir3, [000001846AD08B00][0000018469D72F00 49] iPadAir4, [000001846AC92100][0000018469D7B080 49] iPadMini2, [000001846AD0B400][0000018469D7F200 49] iPadMini3, [000001846AC92C00][0000018469D83380 49] iPadMini4, [000001846AD0A700][0000018469D87500 49] iPadMini5, [000001846ACB0E00][0000018469DFF7C0 49] iPhone6, [000001846ACB0F00][0000018469D8B800 49] iPodTouch6, [000001846AD2B700][0000018469E29AC0 49] iPhone7, [000001846AD2A800][0000018469E25B00 49] iPodTouch7, [000001846AC90C00][0000018469E2C100 49] iPhone5S, [000001846AD29300][000001846AE7C280 49] iPhone6Plus, [000001846AD28600][000001846AE80400 49] iPhone6S, [000001846ACB1300][000001846AEC0580 49] iPhone6SPlus, [000001846AD28B00][000001846AEC4700 49] iPhone7Plus, [000001846ACB1600][00000184625DA880 49] iPhoneSE, [000001846AD28A00][00000184625DEA00 49] iPhone8, [000001846ACB1200][00000184625E2B80 49] iPhone8Plus, [000001846AC92B00][00000184625E6D00 49] iPhoneX, [000001846ACB0C00][0000018469D76E40 49] iPhoneXS, [000001846AC93A00][00000184625EAF80 49] iPhoneXSMax, [000001846ACB3800][00000184625EF0C0 49] iPhoneXR, [000001846AC90D00][0000018462615240 49] iPhone11, [000001846ACB2600][00000184626193C0 49] iPhone11Pro, [000001846AC92900][000001846261D540 49] iPhone11ProMax, [000001846ACB0200][00000184626216C0 49] iPhoneSE2, [000001846AC90B00][0000018462625840 49] iPhone12Mini, [000001846ACB2A00][00000184626299C0 49] iPhone12, [000001846AC92E00][0000018462A75B40 49] iPhone12Pro, [000001846ACB0A00][0000018462A70140 49] iPhone12ProMax, [000001846AC93200][0000018462AF42C0 49] iPadPro105, [000001846ACB3600][00000184682F2440 49] iPadPro129, [000001846AC92000][000001846262C5C0 49] iPadPro97, [000001846ACB2000][0000018462630740 49] iPadPro2_129, [000001846AC92400][00000184626348C0 49] iPad5, [000001846ACB1400][0000018462638A40 49] iPad6, [000001846AC91000][000001846263CBC0 49] iPad7, [000001846ACB1700][0000018462640D40 49] iPad8, [000001846AC93C00][0000018462644EC0 49] iPadPro11, [000001846ACB1800][0000018462AF1000 49] iPadPro2_11, [000001846AC90600][0000018462A45140 49] iPadPro3_129, [000001846ACB0D00][0000018462A49280 49] iPadPro4_129, [000001846AC93100][0000018462A4D3C0 49] AppleTV, [000001846ACB0800][0000018462A55540 49] AppleTV4K, [000001846AC90500][0000018462A596C0 49] TVOS, [000001846ACB0500][0000018462A5D840 49] Mac, [000001846AC90700][0000018462A619C0 49] MacClient, [000001846ACB1500][0000018462A65B40 49] MacNoEditor, [000001846AC91500][0000018462A68140 49] MacServer, [000001846ACB2E00][000001846AE842C0 49] Linux, [000001846AC90400][000001846AE88440 49] LinuxAArch64, [000001846ACB1E00][000001846AE8C5C0 49] LinuxNoEditor, [000001846AC91C00][000001846AE90740 49] LinuxAArch64NoEditor, [000001846ACB2900][000001846AE948C0 49] LinuxClient, [000001846AC92D00][000001846AE98A40 49] LinuxAArch64Client, [000001846ACB0100][000001846AE9CBC0 49] LinuxServer, [000001846AC91E00][000001846AEA0D40 49] LinuxAArch64Server, [000001846ACB0B00][000001846AEA4EC0 49] Android, [000001846AC91A00][000001846AEA9040 49] Android_Low, [000001846ACB2F00][0000018462A51180 49] Android_Mid, [000001846AC91100][000001846AEAD2C0 49] Android_High, [000001846ACB3000][000001846AEB1400 49] Android_Default, [000001846AC91700][000001846AEB5540 49] Android_Adreno4xx, [000001846ACB1900][000001846AEBD6C0 49] Android_Adreno5xx_Low, [000001846AC90A00][0000018469C99840 49] Android_Adreno5xx, [000001846ACB3400][0000018469C9D9C0 49] Android_Adreno6xx, [000001846AC90E00][0000018469CA1B40 49] Android_Adreno6xx_Vulkan, [000001846ACB3100][0000018469CA4140 49] Android_Mali_T6xx, [000001846AD2AF00][0000018469CA82C0 49] Android_Mali_T7xx, [000001846AD08800][0000018469CAC440 49] Android_Mali_T8xx, [000001846AD29200][0000018469CB05C0 49] Android_Mali_G71, [000001846AD08E00][0000018469CB4740 49] Android_Mali_G72, [000001846AD29100][0000018469CB88C0 49] Android_Mali_G72_Vulkan, [000001846AD0A500][0000018469CBCA40 49] Android_Mali_G76, [000001846AD29500][0000018469CC0BC0 49] Android_Mali_G76_Vulkan, [000001846AD0A000][0000018469CC4D40 49] Android_Mali_G77, [000001846AD2BF00][0000018469CC8EC0 49] Android_Mali_G77_Vulkan, [000001846AD09D00][0000018469CCD040 49] Android_Mali_G78, [000001846AD28300][0000018469CD11C0 49] Android_Mali_G78_Vulkan, [000001846AD08400][0000018469CD5340 49] Android_Mali_G710, [000001846AD2B600][000001846AEB9480 49] Android_Mali_G710_Vulkan, [000001846AD0B100][0000018469CD95C0 49] Android_Vulkan_SM5, [000001846AD28900][0000018469CDD700 49] Android_PowerVR_G6xxx, [000001846AD08A00][0000018469CE5880 49] Android_PowerVR_GT7xxx, [000001846AD28D00][0000018469CE9A00 49] Android_PowerVR_GE8xxx, [000001846AD0BB00][0000018469CEDB80 49] Android_PowerVR_GM9xxx, [000001846AD2A300][0000018469CF0180 49] Android_PowerVR_GM9xxx_Vulkan, [000001846AD09200][0000018469CF4300 49] Android_TegraK1, [000001846AD2AA00][0000018469D8E480 49] Android_Unknown_Vulkan, [000001846AD0B000][0000018469D92600 49] Lumin, [000001846AD29C00][0000018469D96780 49] Lumin_Desktop, [000001846AD0AE00][000001844D1CC900 49] HoloLens, 
[2023.09.05-19.34.55:202][  0]LogMeshReduction: Using QuadricMeshReduction for automatic static mesh reduction
[2023.09.05-19.34.55:202][  0]LogMeshReduction: Using SimplygonMeshReduction for automatic skeletal mesh reduction
[2023.09.05-19.34.55:202][  0]LogMeshReduction: Using ProxyLODMeshReduction for automatic mesh merging
[2023.09.05-19.34.55:202][  0]LogMeshReduction: No distributed automatic mesh merging module available
[2023.09.05-19.34.55:202][  0]LogMeshMerging: No distributed automatic mesh merging module available
[2023.09.05-19.34.55:301][  0]LogNetVersion: BaseSample 1.0.0, NetCL: 17155196, EngineNetVer: 17, GameNetVer: 0 (Checksum: 2954756313)
[2023.09.05-19.34.56:431][  0]LogTexture: Default maximum texture size for cubemaps generated from long-lat sources has been changed from 512 to unlimited. In order to preserve old behaiour for '/Engine/MapTemplates/Sky/DaylightAmbientCubemap.DaylightAmbientCubemap', its maximum texture size has been explicitly set to 512.
[2023.09.05-19.34.56:598][  0]LogHMD: PokeAHoleMaterial loaded successfully
[2023.09.05-19.34.56:616][  0]LogUObjectArray: 17178 objects as part of root set at end of initial load.
[2023.09.05-19.34.56:616][  0]LogUObjectAllocator: 4302048 out of 0 bytes used by permanent object pool.
[2023.09.05-19.34.56:616][  0]LogUObjectArray: CloseDisregardForGC: 0/0 objects in disregard for GC pool
[2023.09.05-19.35.00:734][  0]LogTcpMessaging: Initializing TcpMessaging bridge
[2023.09.05-19.35.00:802][  0]LogUdpMessaging: Initializing bridge on interface 0.0.0.0:0 to multicast group 230.0.0.1:6666.
[2023.09.05-19.35.02:574][  0]LogPython: Using Python 3.7.7
[2023.09.05-19.35.04:255][  0]LogNiagaraDebuggerClient: Niagara Debugger Client Initialized | Session: A32B9E4E4A242A1FF1BA7B94D8DC7DDC | Instance: 78112B814B8CC8DD354E93B1B4DB383B (DESKTOP-0KSS3JJ-28292).
[2023.09.05-19.35.07:148][  0]SourceControl: Source control is disabled
[2023.09.05-19.35.07:148][  0]SourceControl: Source control is disabled
[2023.09.05-19.35.07:278][  0]SourceControl: Source control is disabled
[2023.09.05-19.35.07:397][  0]SourceControl: Source control is disabled
[2023.09.05-19.35.07:558][  0]LogUProjectInfo: Found projects:
[2023.09.05-19.35.07:632][  0]SourceControl: Source control is disabled
[2023.09.05-19.35.10:571][  0]LogAndroidPermission: UAndroidPermissionCallbackProxy::GetInstance
[2023.09.05-19.35.11:172][  0]LogAudioCaptureCore: Display: No Audio Capture implementations found. Audio input will be silent.
[2023.09.05-19.35.11:172][  0]LogAudioCaptureCore: Display: No Audio Capture implementations found. Audio input will be silent.
[2023.09.05-19.35.11:601][  0]LogOpenImageDenoise: OIDN starting up
[2023.09.05-19.35.12:500][  0]LogCollectionManager: Loaded 0 collections in 0.003867 seconds
[2023.09.05-19.35.12:747][  0]LogFileCache: Scanning file cache for directory 'C:/Users/dpana/OneDrive/Documents/GitHub/Fall2023MDIA422/BaseSample/Saved/Collections/' took 0.00s
[2023.09.05-19.35.12:747][  0]LogFileCache: Scanning file cache for directory 'C:/Users/dpana/OneDrive/Documents/GitHub/Fall2023MDIA422/BaseSample/Content/Developers/dpana/Collections/' took 0.00s
[2023.09.05-19.35.12:747][  0]LogFileCache: Scanning file cache for directory 'C:/Users/dpana/OneDrive/Documents/GitHub/Fall2023MDIA422/BaseSample/Content/Collections/' took 0.00s
[2023.09.05-19.35.12:747][  0]LogOcInput: OculusInput pre-init called
[2023.09.05-19.35.13:833][  0]LogEngine: Initializing Engine...
[2023.09.05-19.35.14:005][  0]LogHMD: Failed to enumerate extensions. Please check that you have a valid OpenXR runtime installed.
[2023.09.05-19.35.14:005][  0]LogHMD: Failed to initialize OpenVR with code 110
[2023.09.05-19.35.14:005][  0]LogMagicLeap: Warning: VR disabled because ZI is not enabled.  To enable, in the editor, Edit -> Project Settings -> Plugins -> Magic Leap Plugin -> Enable Zero Iteration
[2023.09.05-19.35.14:007][  0]LogStats: UGameplayTagsManager::InitializeManager -  0.000 s
[2023.09.05-19.35.14:350][  0]LogInit: Initializing FReadOnlyCVARCache
[2023.09.05-19.35.14:441][  0]LogAIModule: Creating AISystem for world Untitled
[2023.09.05-19.35.14:443][  0]LogAudio: Display: Initializing Audio Device Manager...
[2023.09.05-19.35.14:518][  0]LogAudio: Display: Loading Default Audio Settings Objects...
[2023.09.05-19.35.14:520][  0]LogAudio: Display: No default SoundConcurrencyObject specified (or failed to load).
[2023.09.05-19.35.14:521][  0]LogAudio: Display: Audio Device Manager Initialized
[2023.09.05-19.35.14:521][  0]LogAudio: Display: Creating Audio Device:                 Id: 1, Scope: Shared, Realtime: True
[2023.09.05-19.35.14:521][  0]LogAudioMixer: Display: Audio Mixer Platform Settings:
[2023.09.05-19.35.14:521][  0]LogAudioMixer: Display: 	Sample Rate:						  48000
[2023.09.05-19.35.14:521][  0]LogAudioMixer: Display: 	Callback Buffer Frame Size Requested: 1024
[2023.09.05-19.35.14:521][  0]LogAudioMixer: Display: 	Callback Buffer Frame Size To Use:	  1024
[2023.09.05-19.35.14:521][  0]LogAudioMixer: Display: 	Number of buffers to queue:			  2
[2023.09.05-19.35.14:521][  0]LogAudioMixer: Display: 	Max Channels (voices):				  32
[2023.09.05-19.35.14:521][  0]LogAudioMixer: Display: 	Number of Async Source Workers:		  0
[2023.09.05-19.35.14:521][  0]LogAudio: Display: AudioDevice MaxSources: 32
[2023.09.05-19.35.14:522][  0]LogAudio: Display: Audio Spatialization Plugin: None (built-in).
[2023.09.05-19.35.14:522][  0]LogAudio: Display: Audio Reverb Plugin: None (built-in).
[2023.09.05-19.35.14:522][  0]LogAudio: Display: Audio Occlusion Plugin: None (built-in).
[2023.09.05-19.35.14:522][  0]LogAudioMixer: Display: Initializing audio mixer.
[2023.09.05-19.35.14:659][  0]LogAudioMixer: Display: 0: FrontLeft
[2023.09.05-19.35.14:659][  0]LogAudioMixer: Display: 1: FrontRight
[2023.09.05-19.35.16:351][  0]LogAudioMixer: Display: Using Audio Device Headphones (Philips TAA4216)
[2023.09.05-19.35.16:352][  0]LogAudioMixer: Display: Initializing Sound Submixes...
[2023.09.05-19.35.16:372][  0]LogAudioMixer: Display: Creating Master Submix 'MasterSubmixDefault'
[2023.09.05-19.35.16:372][  0]LogAudioMixer: Display: Creating Master Submix 'MasterReverbSubmixDefault'
[2023.09.05-19.35.16:391][  0]LogAudioMixer: Display: Creating Master Submix 'MasterEQSubmixDefault'
[2023.09.05-19.35.16:391][  0]LogAudioMixer: FMixerPlatformXAudio2::StartAudioStream() called
[2023.09.05-19.35.16:391][  0]LogAudioMixer: Display: Output buffers initialized: Frames=1024, Channels=2, Samples=2048
[2023.09.05-19.35.16:393][  0]LogAudioMixer: Display: Starting AudioMixerPlatformInterface::RunInternal()
[2023.09.05-19.35.16:393][  0]LogAudioMixer: Display: FMixerPlatformXAudio2::SubmitBuffer() called for the first time
[2023.09.05-19.35.16:393][  0]LogInit: FAudioDevice initialized.
[2023.09.05-19.35.16:394][  0]LogAudio: Display: Audio Device (ID: 1) registered with world 'Untitled'.
[2023.09.05-19.35.16:394][  0]LogNetVersion: Set ProjectVersion to 1.0.0.0. Version Checksum will be recalculated on next use.
[2023.09.05-19.35.16:823][  0]LogDerivedDataCache: Saved boot cache 0.43s 95MB C:/Users/dpana/AppData/Local/UnrealEngine/4.27/DerivedDataCache/Boot.ddc.
[2023.09.05-19.35.16:824][  0]LogInit: Texture streaming: Enabled
[2023.09.05-19.35.17:157][  0]LogAnalytics: Display: [UEEditor.Rocket.Release] APIServer = https://datarouter.ol.epicgames.com/. AppVersion = 4.27.2-18319896+++UE4+Release-4.27
[2023.09.05-19.35.17:241][  0]LogEngineSessionManager: EngineSessionManager initialized
[2023.09.05-19.35.17:241][  0]LogEditorSessionSummary: Verbose: Initializing EditorSessionSummaryWriter for editor session tracking
[2023.09.05-19.35.17:249][  0]LogEditorSessionSummary: EditorSessionSummaryWriter initialized
[2023.09.05-19.35.17:580][  0]LogInit: Transaction tracking system initialized
[2023.09.05-19.35.18:196][  0]BlueprintLog: New page: Editor Load
[2023.09.05-19.35.19:789][  0]LocalizationService: Localization service is disabled
[2023.09.05-19.35.20:468][  0]TimingProfiler: Initialize
[2023.09.05-19.35.20:472][  0]TimingProfiler: OnSessionChanged
[2023.09.05-19.35.20:472][  0]LoadingProfiler: Initialize
[2023.09.05-19.35.20:473][  0]LoadingProfiler: OnSessionChanged
[2023.09.05-19.35.20:473][  0]NetworkingProfiler: Initialize
[2023.09.05-19.35.20:473][  0]NetworkingProfiler: OnSessionChanged
[2023.09.05-19.35.20:473][  0]MemoryProfiler: Initialize
[2023.09.05-19.35.20:473][  0]MemoryProfiler: OnSessionChanged
[2023.09.05-19.35.21:825][  0]LogCook: Display: CookSettings for Memory: MemoryMaxUsedVirtual 0MiB, MemoryMaxUsedPhysical 16384MiB, MemoryMinFreeVirtual 0MiB, MemoryMinFreePhysical 1024MiB
[2023.09.05-19.35.21:825][  0]LogCook: Display: Mobile HDR setting 1
[2023.09.05-19.35.22:262][  0]LogFileCache: Scanning file cache for directory 'C:/Users/dpana/OneDrive/Documents/GitHub/Fall2023MDIA422/BaseSample/Content/' took 0.01s
[2023.09.05-19.35.26:263][  0]LogInit: Display: Engine is initialized. Leaving FEngineLoop::Init()
[2023.09.05-19.35.26:283][  0]SourceControl: Source control is disabled
[2023.09.05-19.35.26:284][  0]LogUnrealEdMisc: Loading editor; pre map load, took 58.712
[2023.09.05-19.35.26:289][  0]Cmd: MAP LOAD FILE="../../../../../../Users/dpana/OneDrive/Documents/GitHub/Fall2023MDIA422/BaseSample/Content/ThirdPersonBP/Maps/ThirdPersonExampleMap.umap" TEMPLATE=0 SHOWPROGRESS=1 FEATURELEVEL=3
[2023.09.05-19.35.26:304][  0]LightingResults: New page: Lighting Build
[2023.09.05-19.35.26:318][  0]LogWorld: UWorld::CleanupWorld for Untitled, bSessionEnded=true, bCleanupResources=true
[2023.09.05-19.35.26:320][  0]LogSlate: InvalidateAllWidgets triggered.  All widgets were invalidated
[2023.09.05-19.35.26:324][  0]MapCheck: New page: Map Check
[2023.09.05-19.35.26:324][  0]LightingResults: New page: Lighting Build
[2023.09.05-19.35.26:347][  0]LogAudio: Display: Audio Device unregistered from world 'None'.
[2023.09.05-19.35.26:371][  0]LogUObjectHash: Compacting FUObjectHashTables data took   1.76ms
[2023.09.05-19.35.27:129][  0]LogAudio: Display: Audio Device (ID: 1) registered with world 'ThirdPersonExampleMap'.
[2023.09.05-19.35.27:138][  0]LogAIModule: Creating AISystem for world ThirdPersonExampleMap
[2023.09.05-19.35.27:182][  0]LogEditorServer: Finished looking for orphan Actors (0.000 secs)
[2023.09.05-19.35.27:256][  0]LogUObjectHash: Compacting FUObjectHashTables data took   3.70ms
[2023.09.05-19.35.27:258][  0]Cmd: MAP CHECKDEP NOCLEARLOG
[2023.09.05-19.35.27:259][  0]MapCheck: Map check complete: 0 Error(s), 0 Warning(s), took 0.863ms to complete.
[2023.09.05-19.35.27:259][  0]LogFileHelpers: Loading map 'ThirdPersonExampleMap' took 0.973
[2023.09.05-19.35.27:283][  0]LogUnrealEdMisc: Total Editor Startup Time, took 59.710
[2023.09.05-19.35.27:614][  0]LogSlate: Updating window title bar state: overlay mode, drag disabled, window buttons hidden, title bar hidden
[2023.09.05-19.35.27:688][  0]LogSlate: Updating window title bar state: overlay mode, drag disabled, window buttons hidden, title bar hidden
[2023.09.05-19.35.27:755][  0]LogSlate: Updating window title bar state: overlay mode, drag disabled, window buttons hidden, title bar hidden
[2023.09.05-19.35.27:829][  0]LogSlate: Updating window title bar state: overlay mode, drag disabled, window buttons hidden, title bar hidden
[2023.09.05-19.35.27:928][  0]LogNativeClassHierarchy: Verbose: Native class hierarchy populated in 0.0240 seconds. Added 3822 classes and 928 folders.
[2023.09.05-19.35.27:954][  0]LogNativeClassHierarchy: Verbose: Native class hierarchy updated for 'WidgetCarousel' in 0.0008 seconds. Added 0 classes and 0 folders.
[2023.09.05-19.35.27:974][  0]LogPakFile: PakFile PrimaryIndexSize=187
[2023.09.05-19.35.27:974][  0]LogPakFile: PakFile PathHashIndexSize=101
[2023.09.05-19.35.27:974][  0]LogPakFile: PakFile FullDirectoryIndexSize=148
[2023.09.05-19.35.27:975][  0]LogShaderLibrary: Display: ShaderCodeLibraryPakFileMountedCallback: PakFile 'C:/Program Files/Epic Games/UE_4.27/FeaturePacks/FP_FirstPerson.upack' (chunk index -1, root 'root:/') mounted
[2023.09.05-19.35.27:975][  0]LogShaderLibrary: Display: ShaderCodeLibraryPakFileMountedCallback: pending pak file info (ChunkID:-1 Root:root:/ File:C:/Program Files/Epic Games/UE_4.27/FeaturePacks/FP_FirstPerson.upack)
[2023.09.05-19.35.27:975][  0]LogPakFile: OnPakFileMounted2Time == 0.000112
[2023.09.05-19.35.27:981][  0]LogPakFile: PakFile PrimaryIndexSize=189
[2023.09.05-19.35.27:981][  0]LogPakFile: PakFile PathHashIndexSize=101
[2023.09.05-19.35.27:981][  0]LogPakFile: PakFile FullDirectoryIndexSize=152
[2023.09.05-19.35.27:981][  0]LogShaderLibrary: Display: ShaderCodeLibraryPakFileMountedCallback: PakFile 'C:/Program Files/Epic Games/UE_4.27/FeaturePacks/FP_FirstPersonBP.upack' (chunk index -1, root 'root:/') mounted
[2023.09.05-19.35.27:981][  0]LogShaderLibrary: Display: ShaderCodeLibraryPakFileMountedCallback: pending pak file info (ChunkID:-1 Root:root:/ File:C:/Program Files/Epic Games/UE_4.27/FeaturePacks/FP_FirstPersonBP.upack)
[2023.09.05-19.35.27:981][  0]LogPakFile: OnPakFileMounted2Time == 0.000078
[2023.09.05-19.35.27:985][  0]LogPakFile: PakFile PrimaryIndexSize=191
[2023.09.05-19.35.27:985][  0]LogPakFile: PakFile PathHashIndexSize=101
[2023.09.05-19.35.27:985][  0]LogPakFile: PakFile FullDirectoryIndexSize=160
[2023.09.05-19.35.27:985][  0]LogShaderLibrary: Display: ShaderCodeLibraryPakFileMountedCallback: PakFile 'C:/Program Files/Epic Games/UE_4.27/FeaturePacks/MobileStarterContent.upack' (chunk index -1, root 'root:/') mounted
[2023.09.05-19.35.27:985][  0]LogShaderLibrary: Display: ShaderCodeLibraryPakFileMountedCallback: pending pak file info (ChunkID:-1 Root:root:/ File:C:/Program Files/Epic Games/UE_4.27/FeaturePacks/MobileStarterContent.upack)
[2023.09.05-19.35.27:985][  0]LogPakFile: OnPakFileMounted2Time == 0.000098
[2023.09.05-19.35.27:996][  0]LogPakFile: PakFile PrimaryIndexSize=185
[2023.09.05-19.35.27:996][  0]LogPakFile: PakFile PathHashIndexSize=101
[2023.09.05-19.35.27:996][  0]LogPakFile: PakFile FullDirectoryIndexSize=148
[2023.09.05-19.35.27:996][  0]LogShaderLibrary: Display: ShaderCodeLibraryPakFileMountedCallback: PakFile 'C:/Program Files/Epic Games/UE_4.27/FeaturePacks/StarterContent.upack' (chunk index -1, root 'root:/') mounted
[2023.09.05-19.35.27:996][  0]LogShaderLibrary: Display: ShaderCodeLibraryPakFileMountedCallback: pending pak file info (ChunkID:-1 Root:root:/ File:C:/Program Files/Epic Games/UE_4.27/FeaturePacks/StarterContent.upack)
[2023.09.05-19.35.27:996][  0]LogPakFile: OnPakFileMounted2Time == 0.000052
[2023.09.05-19.35.28:002][  0]LogPakFile: PakFile PrimaryIndexSize=190
[2023.09.05-19.35.28:002][  0]LogPakFile: PakFile PathHashIndexSize=101
[2023.09.05-19.35.28:002][  0]LogPakFile: PakFile FullDirectoryIndexSize=154
[2023.09.05-19.35.28:002][  0]LogShaderLibrary: Display: ShaderCodeLibraryPakFileMountedCallback: PakFile 'C:/Program Files/Epic Games/UE_4.27/FeaturePacks/TP_2DSideScroller.upack' (chunk index -1, root 'root:/') mounted
[2023.09.05-19.35.28:002][  0]LogShaderLibrary: Display: ShaderCodeLibraryPakFileMountedCallback: pending pak file info (ChunkID:-1 Root:root:/ File:C:/Program Files/Epic Games/UE_4.27/FeaturePacks/TP_2DSideScroller.upack)
[2023.09.05-19.35.28:002][  0]LogPakFile: OnPakFileMounted2Time == 0.000050
[2023.09.05-19.35.28:006][  0]LogPakFile: PakFile PrimaryIndexSize=192
[2023.09.05-19.35.28:006][  0]LogPakFile: PakFile PathHashIndexSize=101
[2023.09.05-19.35.28:006][  0]LogPakFile: PakFile FullDirectoryIndexSize=158
[2023.09.05-19.35.28:006][  0]LogShaderLibrary: Display: ShaderCodeLibraryPakFileMountedCallback: PakFile 'C:/Program Files/Epic Games/UE_4.27/FeaturePacks/TP_2DSideScrollerBP.upack' (chunk index -1, root 'root:/') mounted
[2023.09.05-19.35.28:006][  0]LogShaderLibrary: Display: ShaderCodeLibraryPakFileMountedCallback: pending pak file info (ChunkID:-1 Root:root:/ File:C:/Program Files/Epic Games/UE_4.27/FeaturePacks/TP_2DSideScrollerBP.upack)
[2023.09.05-19.35.28:006][  0]LogPakFile: OnPakFileMounted2Time == 0.000049
[2023.09.05-19.35.28:010][  0]LogPakFile: PakFile PrimaryIndexSize=182
[2023.09.05-19.35.28:010][  0]LogPakFile: PakFile PathHashIndexSize=101
[2023.09.05-19.35.28:010][  0]LogPakFile: PakFile FullDirectoryIndexSize=138
[2023.09.05-19.35.28:010][  0]LogShaderLibrary: Display: ShaderCodeLibraryPakFileMountedCallback: PakFile 'C:/Program Files/Epic Games/UE_4.27/FeaturePacks/TP_Flying.upack' (chunk index -1, root 'root:/') mounted
[2023.09.05-19.35.28:010][  0]LogShaderLibrary: Display: ShaderCodeLibraryPakFileMountedCallback: pending pak file info (ChunkID:-1 Root:root:/ File:C:/Program Files/Epic Games/UE_4.27/FeaturePacks/TP_Flying.upack)
[2023.09.05-19.35.28:010][  0]LogPakFile: OnPakFileMounted2Time == 0.000052
[2023.09.05-19.35.28:014][  0]LogPakFile: PakFile PrimaryIndexSize=184
[2023.09.05-19.35.28:014][  0]LogPakFile: PakFile PathHashIndexSize=101
[2023.09.05-19.35.28:014][  0]LogPakFile: PakFile FullDirectoryIndexSize=142
[2023.09.05-19.35.28:014][  0]LogShaderLibrary: Display: ShaderCodeLibraryPakFileMountedCallback: PakFile 'C:/Program Files/Epic Games/UE_4.27/FeaturePacks/TP_FlyingBP.upack' (chunk index -1, root 'root:/') mounted
[2023.09.05-19.35.28:014][  0]LogShaderLibrary: Display: ShaderCodeLibraryPakFileMountedCallback: pending pak file info (ChunkID:-1 Root:root:/ File:C:/Program Files/Epic Games/UE_4.27/FeaturePacks/TP_FlyingBP.upack)
[2023.09.05-19.35.28:014][  0]LogPakFile: OnPakFileMounted2Time == 0.000058
[2023.09.05-19.35.28:020][  0]LogPakFile: PakFile PrimaryIndexSize=188
[2023.09.05-19.35.28:020][  0]LogPakFile: PakFile PathHashIndexSize=101
[2023.09.05-19.35.28:020][  0]LogPakFile: PakFile FullDirectoryIndexSize=150
[2023.09.05-19.35.28:020][  0]LogShaderLibrary: Display: ShaderCodeLibraryPakFileMountedCallback: PakFile 'C:/Program Files/Epic Games/UE_4.27/FeaturePacks/TP_HandheldARBP.upack' (chunk index -1, root 'root:/') mounted
[2023.09.05-19.35.28:020][  0]LogShaderLibrary: Display: ShaderCodeLibraryPakFileMountedCallback: pending pak file info (ChunkID:-1 Root:root:/ File:C:/Program Files/Epic Games/UE_4.27/FeaturePacks/TP_HandheldARBP.upack)
[2023.09.05-19.35.28:021][  0]LogPakFile: OnPakFileMounted2Time == 0.000092
[2023.09.05-19.35.28:031][  0]LogPakFile: PakFile PrimaryIndexSize=182
[2023.09.05-19.35.28:031][  0]LogPakFile: PakFile PathHashIndexSize=101
[2023.09.05-19.35.28:031][  0]LogPakFile: PakFile FullDirectoryIndexSize=138
[2023.09.05-19.35.28:031][  0]LogShaderLibrary: Display: ShaderCodeLibraryPakFileMountedCallback: PakFile 'C:/Program Files/Epic Games/UE_4.27/FeaturePacks/TP_Puzzle.upack' (chunk index -1, root 'root:/') mounted
[2023.09.05-19.35.28:031][  0]LogShaderLibrary: Display: ShaderCodeLibraryPakFileMountedCallback: pending pak file info (ChunkID:-1 Root:root:/ File:C:/Program Files/Epic Games/UE_4.27/FeaturePacks/TP_Puzzle.upack)
[2023.09.05-19.35.28:031][  0]LogPakFile: OnPakFileMounted2Time == 0.000063
[2023.09.05-19.35.28:038][  0]LogPakFile: PakFile PrimaryIndexSize=184
[2023.09.05-19.35.28:038][  0]LogPakFile: PakFile PathHashIndexSize=101
[2023.09.05-19.35.28:038][  0]LogPakFile: PakFile FullDirectoryIndexSize=142
[2023.09.05-19.35.28:038][  0]LogShaderLibrary: Display: ShaderCodeLibraryPakFileMountedCallback: PakFile 'C:/Program Files/Epic Games/UE_4.27/FeaturePacks/TP_PuzzleBP.upack' (chunk index -1, root 'root:/') mounted
[2023.09.05-19.35.28:038][  0]LogShaderLibrary: Display: ShaderCodeLibraryPakFileMountedCallback: pending pak file info (ChunkID:-1 Root:root:/ File:C:/Program Files/Epic Games/UE_4.27/FeaturePacks/TP_PuzzleBP.upack)
[2023.09.05-19.35.28:038][  0]LogPakFile: OnPakFileMounted2Time == 0.000084
[2023.09.05-19.35.28:044][  0]LogPakFile: PakFile PrimaryIndexSize=183
[2023.09.05-19.35.28:045][  0]LogPakFile: PakFile PathHashIndexSize=101
[2023.09.05-19.35.28:045][  0]LogPakFile: PakFile FullDirectoryIndexSize=140
[2023.09.05-19.35.28:045][  0]LogShaderLibrary: Display: ShaderCodeLibraryPakFileMountedCallback: PakFile 'C:/Program Files/Epic Games/UE_4.27/FeaturePacks/TP_Rolling.upack' (chunk index -1, root 'root:/') mounted
[2023.09.05-19.35.28:045][  0]LogShaderLibrary: Display: ShaderCodeLibraryPakFileMountedCallback: pending pak file info (ChunkID:-1 Root:root:/ File:C:/Program Files/Epic Games/UE_4.27/FeaturePacks/TP_Rolling.upack)
[2023.09.05-19.35.28:045][  0]LogPakFile: OnPakFileMounted2Time == 0.000079
[2023.09.05-19.35.28:051][  0]LogPakFile: PakFile PrimaryIndexSize=185
[2023.09.05-19.35.28:051][  0]LogPakFile: PakFile PathHashIndexSize=101
[2023.09.05-19.35.28:051][  0]LogPakFile: PakFile FullDirectoryIndexSize=144
[2023.09.05-19.35.28:051][  0]LogShaderLibrary: Display: ShaderCodeLibraryPakFileMountedCallback: PakFile 'C:/Program Files/Epic Games/UE_4.27/FeaturePacks/TP_RollingBP.upack' (chunk index -1, root 'root:/') mounted
[2023.09.05-19.35.28:051][  0]LogShaderLibrary: Display: ShaderCodeLibraryPakFileMountedCallback: pending pak file info (ChunkID:-1 Root:root:/ File:C:/Program Files/Epic Games/UE_4.27/FeaturePacks/TP_RollingBP.upack)
[2023.09.05-19.35.28:051][  0]LogPakFile: OnPakFileMounted2Time == 0.000057
[2023.09.05-19.35.28:057][  0]LogPakFile: PakFile PrimaryIndexSize=188
[2023.09.05-19.35.28:057][  0]LogPakFile: PakFile PathHashIndexSize=101
[2023.09.05-19.35.28:057][  0]LogPakFile: PakFile FullDirectoryIndexSize=150
[2023.09.05-19.35.28:057][  0]LogShaderLibrary: Display: ShaderCodeLibraryPakFileMountedCallback: PakFile 'C:/Program Files/Epic Games/UE_4.27/FeaturePacks/TP_SideScroller.upack' (chunk index -1, root 'root:/') mounted
[2023.09.05-19.35.28:057][  0]LogShaderLibrary: Display: ShaderCodeLibraryPakFileMountedCallback: pending pak file info (ChunkID:-1 Root:root:/ File:C:/Program Files/Epic Games/UE_4.27/FeaturePacks/TP_SideScroller.upack)
[2023.09.05-19.35.28:057][  0]LogPakFile: OnPakFileMounted2Time == 0.000057
[2023.09.05-19.35.28:065][  0]LogPakFile: PakFile PrimaryIndexSize=190
[2023.09.05-19.35.28:065][  0]LogPakFile: PakFile PathHashIndexSize=101
[2023.09.05-19.35.28:065][  0]LogPakFile: PakFile FullDirectoryIndexSize=154
[2023.09.05-19.35.28:065][  0]LogShaderLibrary: Display: ShaderCodeLibraryPakFileMountedCallback: PakFile 'C:/Program Files/Epic Games/UE_4.27/FeaturePacks/TP_SideScrollerBP.upack' (chunk index -1, root 'root:/') mounted
[2023.09.05-19.35.28:065][  0]LogShaderLibrary: Display: ShaderCodeLibraryPakFileMountedCallback: pending pak file info (ChunkID:-1 Root:root:/ File:C:/Program Files/Epic Games/UE_4.27/FeaturePacks/TP_SideScrollerBP.upack)
[2023.09.05-19.35.28:065][  0]LogPakFile: OnPakFileMounted2Time == 0.000062
[2023.09.05-19.35.28:071][  0]LogPakFile: PakFile PrimaryIndexSize=187
[2023.09.05-19.35.28:071][  0]LogPakFile: PakFile PathHashIndexSize=101
[2023.09.05-19.35.28:071][  0]LogPakFile: PakFile FullDirectoryIndexSize=148
[2023.09.05-19.35.28:071][  0]LogShaderLibrary: Display: ShaderCodeLibraryPakFileMountedCallback: PakFile 'C:/Program Files/Epic Games/UE_4.27/FeaturePacks/TP_ThirdPerson.upack' (chunk index -1, root 'root:/') mounted
[2023.09.05-19.35.28:071][  0]LogShaderLibrary: Display: ShaderCodeLibraryPakFileMountedCallback: pending pak file info (ChunkID:-1 Root:root:/ File:C:/Program Files/Epic Games/UE_4.27/FeaturePacks/TP_ThirdPerson.upack)
[2023.09.05-19.35.28:071][  0]LogPakFile: OnPakFileMounted2Time == 0.000080
[2023.09.05-19.35.28:077][  0]LogPakFile: PakFile PrimaryIndexSize=189
[2023.09.05-19.35.28:077][  0]LogPakFile: PakFile PathHashIndexSize=101
[2023.09.05-19.35.28:077][  0]LogPakFile: PakFile FullDirectoryIndexSize=152
[2023.09.05-19.35.28:077][  0]LogShaderLibrary: Display: ShaderCodeLibraryPakFileMountedCallback: PakFile 'C:/Program Files/Epic Games/UE_4.27/FeaturePacks/TP_ThirdPersonBP.upack' (chunk index -1, root 'root:/') mounted
[2023.09.05-19.35.28:077][  0]LogShaderLibrary: Display: ShaderCodeLibraryPakFileMountedCallback: pending pak file info (ChunkID:-1 Root:root:/ File:C:/Program Files/Epic Games/UE_4.27/FeaturePacks/TP_ThirdPersonBP.upack)
[2023.09.05-19.35.28:077][  0]LogPakFile: OnPakFileMounted2Time == 0.000068
[2023.09.05-19.35.28:081][  0]LogPakFile: PakFile PrimaryIndexSize=183
[2023.09.05-19.35.28:081][  0]LogPakFile: PakFile PathHashIndexSize=101
[2023.09.05-19.35.28:081][  0]LogPakFile: PakFile FullDirectoryIndexSize=140
[2023.09.05-19.35.28:081][  0]LogShaderLibrary: Display: ShaderCodeLibraryPakFileMountedCallback: PakFile 'C:/Program Files/Epic Games/UE_4.27/FeaturePacks/TP_TopDown.upack' (chunk index -1, root 'root:/') mounted
[2023.09.05-19.35.28:081][  0]LogShaderLibrary: Display: ShaderCodeLibraryPakFileMountedCallback: pending pak file info (ChunkID:-1 Root:root:/ File:C:/Program Files/Epic Games/UE_4.27/FeaturePacks/TP_TopDown.upack)
[2023.09.05-19.35.28:081][  0]LogPakFile: OnPakFileMounted2Time == 0.000073
[2023.09.05-19.35.28:090][  0]LogPakFile: PakFile PrimaryIndexSize=185
[2023.09.05-19.35.28:090][  0]LogPakFile: PakFile PathHashIndexSize=101
[2023.09.05-19.35.28:090][  0]LogPakFile: PakFile FullDirectoryIndexSize=144
[2023.09.05-19.35.28:090][  0]LogShaderLibrary: Display: ShaderCodeLibraryPakFileMountedCallback: PakFile 'C:/Program Files/Epic Games/UE_4.27/FeaturePacks/TP_TopDownBP.upack' (chunk index -1, root 'root:/') mounted
[2023.09.05-19.35.28:090][  0]LogShaderLibrary: Display: ShaderCodeLibraryPakFileMountedCallback: pending pak file info (ChunkID:-1 Root:root:/ File:C:/Program Files/Epic Games/UE_4.27/FeaturePacks/TP_TopDownBP.upack)
[2023.09.05-19.35.28:090][  0]LogPakFile: OnPakFileMounted2Time == 0.000292
[2023.09.05-19.35.28:096][  0]LogPakFile: PakFile PrimaryIndexSize=185
[2023.09.05-19.35.28:096][  0]LogPakFile: PakFile PathHashIndexSize=101
[2023.09.05-19.35.28:096][  0]LogPakFile: PakFile FullDirectoryIndexSize=144
[2023.09.05-19.35.28:096][  0]LogShaderLibrary: Display: ShaderCodeLibraryPakFileMountedCallback: PakFile 'C:/Program Files/Epic Games/UE_4.27/FeaturePacks/TP_TwinStick.upack' (chunk index -1, root 'root:/') mounted
[2023.09.05-19.35.28:096][  0]LogShaderLibrary: Display: ShaderCodeLibraryPakFileMountedCallback: pending pak file info (ChunkID:-1 Root:root:/ File:C:/Program Files/Epic Games/UE_4.27/FeaturePacks/TP_TwinStick.upack)
[2023.09.05-19.35.28:096][  0]LogPakFile: OnPakFileMounted2Time == 0.000321
[2023.09.05-19.35.28:103][  0]LogPakFile: PakFile PrimaryIndexSize=187
[2023.09.05-19.35.28:103][  0]LogPakFile: PakFile PathHashIndexSize=101
[2023.09.05-19.35.28:103][  0]LogPakFile: PakFile FullDirectoryIndexSize=148
[2023.09.05-19.35.28:103][  0]LogShaderLibrary: Display: ShaderCodeLibraryPakFileMountedCallback: PakFile 'C:/Program Files/Epic Games/UE_4.27/FeaturePacks/TP_TwinStickBP.upack' (chunk index -1, root 'root:/') mounted
[2023.09.05-19.35.28:103][  0]LogShaderLibrary: Display: ShaderCodeLibraryPakFileMountedCallback: pending pak file info (ChunkID:-1 Root:root:/ File:C:/Program Files/Epic Games/UE_4.27/FeaturePacks/TP_TwinStickBP.upack)
[2023.09.05-19.35.28:103][  0]LogPakFile: OnPakFileMounted2Time == 0.000085
[2023.09.05-19.35.28:108][  0]LogPakFile: PakFile PrimaryIndexSize=183
[2023.09.05-19.35.28:108][  0]LogPakFile: PakFile PathHashIndexSize=101
[2023.09.05-19.35.28:108][  0]LogPakFile: PakFile FullDirectoryIndexSize=140
[2023.09.05-19.35.28:108][  0]LogShaderLibrary: Display: ShaderCodeLibraryPakFileMountedCallback: PakFile 'C:/Program Files/Epic Games/UE_4.27/FeaturePacks/TP_Vehicle.upack' (chunk index -1, root 'root:/') mounted
[2023.09.05-19.35.28:108][  0]LogShaderLibrary: Display: ShaderCodeLibraryPakFileMountedCallback: pending pak file info (ChunkID:-1 Root:root:/ File:C:/Program Files/Epic Games/UE_4.27/FeaturePacks/TP_Vehicle.upack)
[2023.09.05-19.35.28:108][  0]LogPakFile: OnPakFileMounted2Time == 0.000065
[2023.09.05-19.35.28:115][  0]LogPakFile: PakFile PrimaryIndexSize=186
[2023.09.05-19.35.28:115][  0]LogPakFile: PakFile PathHashIndexSize=101
[2023.09.05-19.35.28:115][  0]LogPakFile: PakFile FullDirectoryIndexSize=146
[2023.09.05-19.35.28:115][  0]LogShaderLibrary: Display: ShaderCodeLibraryPakFileMountedCallback: PakFile 'C:/Program Files/Epic Games/UE_4.27/FeaturePacks/TP_VehicleAdv.upack' (chunk index -1, root 'root:/') mounted
[2023.09.05-19.35.28:115][  0]LogShaderLibrary: Display: ShaderCodeLibraryPakFileMountedCallback: pending pak file info (ChunkID:-1 Root:root:/ File:C:/Program Files/Epic Games/UE_4.27/FeaturePacks/TP_VehicleAdv.upack)
[2023.09.05-19.35.28:115][  0]LogPakFile: OnPakFileMounted2Time == 0.000067
[2023.09.05-19.35.28:122][  0]LogPakFile: PakFile PrimaryIndexSize=188
[2023.09.05-19.35.28:122][  0]LogPakFile: PakFile PathHashIndexSize=101
[2023.09.05-19.35.28:122][  0]LogPakFile: PakFile FullDirectoryIndexSize=150
[2023.09.05-19.35.28:122][  0]LogShaderLibrary: Display: ShaderCodeLibraryPakFileMountedCallback: PakFile 'C:/Program Files/Epic Games/UE_4.27/FeaturePacks/TP_VehicleAdvBP.upack' (chunk index -1, root 'root:/') mounted
[2023.09.05-19.35.28:122][  0]LogShaderLibrary: Display: ShaderCodeLibraryPakFileMountedCallback: pending pak file info (ChunkID:-1 Root:root:/ File:C:/Program Files/Epic Games/UE_4.27/FeaturePacks/TP_VehicleAdvBP.upack)
[2023.09.05-19.35.28:123][  0]LogPakFile: OnPakFileMounted2Time == 0.001191
[2023.09.05-19.35.28:128][  0]LogPakFile: PakFile PrimaryIndexSize=185
[2023.09.05-19.35.28:128][  0]LogPakFile: PakFile PathHashIndexSize=101
[2023.09.05-19.35.28:128][  0]LogPakFile: PakFile FullDirectoryIndexSize=144
[2023.09.05-19.35.28:128][  0]LogShaderLibrary: Display: ShaderCodeLibraryPakFileMountedCallback: PakFile 'C:/Program Files/Epic Games/UE_4.27/FeaturePacks/TP_VehicleBP.upack' (chunk index -1, root 'root:/') mounted
[2023.09.05-19.35.28:128][  0]LogShaderLibrary: Display: ShaderCodeLibraryPakFileMountedCallback: pending pak file info (ChunkID:-1 Root:root:/ File:C:/Program Files/Epic Games/UE_4.27/FeaturePacks/TP_VehicleBP.upack)
[2023.09.05-19.35.28:128][  0]LogPakFile: OnPakFileMounted2Time == 0.000058
[2023.09.05-19.35.28:137][  0]LogPakFile: PakFile PrimaryIndexSize=192
[2023.09.05-19.35.28:137][  0]LogPakFile: PakFile PathHashIndexSize=101
[2023.09.05-19.35.28:137][  0]LogPakFile: PakFile FullDirectoryIndexSize=158
[2023.09.05-19.35.28:137][  0]LogShaderLibrary: Display: ShaderCodeLibraryPakFileMountedCallback: PakFile 'C:/Program Files/Epic Games/UE_4.27/FeaturePacks/TP_VirtualRealityBP.upack' (chunk index -1, root 'root:/') mounted
[2023.09.05-19.35.28:137][  0]LogShaderLibrary: Display: ShaderCodeLibraryPakFileMountedCallback: pending pak file info (ChunkID:-1 Root:root:/ File:C:/Program Files/Epic Games/UE_4.27/FeaturePacks/TP_VirtualRealityBP.upack)
[2023.09.05-19.35.28:137][  0]LogPakFile: OnPakFileMounted2Time == 0.000057
[2023.09.05-19.35.28:652][  0]LogNativeClassHierarchy: Verbose: Native class hierarchy updated for 'AddContentDialog' in 0.0006 seconds. Added 0 classes and 0 folders.
[2023.09.05-19.35.28:973][  0]LogSlate: Took 0.001688 seconds to synchronously load lazily loaded font '../../../Engine/Content/Slate/Fonts/Roboto-Regular.ttf' (155K)
[2023.09.05-19.35.28:978][  0]LogSlate: Took 0.001557 seconds to synchronously load lazily loaded font '../../../Engine/Content/Editor/Slate/Fonts/FontAwesome.ttf' (139K)
[2023.09.05-19.35.28:985][  0]LogSlate: Took 0.002329 seconds to synchronously load lazily loaded font '../../../Engine/Content/Slate/Fonts/Roboto-Bold.ttf' (160K)
[2023.09.05-19.35.29:315][  0]LogRenderer: Reallocating scene render targets to support 868x428 Format 10 NumSamples 1 (Frame:1).
[2023.09.05-19.35.29:925][  0]LogNativeClassHierarchy: Verbose: Native class hierarchy updated for 'HierarchicalLODOutliner' in 0.0005 seconds. Added 0 classes and 0 folders.
[2023.09.05-19.35.29:925][  0]LogInput: Warning: Action Jump uses invalid key OculusGo_Left_Trigger_Click.
[2023.09.05-19.35.29:925][  0]LogInput: Warning: Action ResetVR uses invalid key OculusGo_Left_Trackpad_Click.
[2023.09.05-19.35.29:925][  0]LogInput: Warning: Use -RemoveInvalidKeys to remove instances of these keys from the action mapping.
[2023.09.05-19.35.29:925][  0]LogLoad: (Engine Initialization) Total time: 62.35 seconds
[2023.09.05-19.35.29:925][  0]LogLoad: (Engine Initialization) Total Blueprint compile time: 0.00 seconds
[2023.09.05-19.35.30:037][  0]LogContentStreaming: Texture pool size now 1000 MB
[2023.09.05-19.35.30:193][  2]LogAssetRegistry: Asset discovery search completed in 36.7709 seconds
[2023.09.05-19.35.30:230][  2]LogCollectionManager: Fixed up redirectors for 0 collections in 0.000024 seconds (updated 0 objects)
[2023.09.05-19.36.16:057][886]LogUObjectHash: Compacting FUObjectHashTables data took   1.27ms
[2023.09.05-19.36.16:080][886]LogSlate: Took 0.001827 seconds to synchronously load lazily loaded font '../../../Engine/Content/Slate/Fonts/Roboto-Light.ttf' (167K)
[2023.09.05-19.36.16:647][886]LogAssetEditorSubsystem: Opening Asset editor for World /Game/ThirdPersonBP/Maps/Panazzi.Panazzi
[2023.09.05-19.36.16:647][886]Cmd: MAP LOAD FILE="../../../../../../Users/dpana/OneDrive/Documents/GitHub/Fall2023MDIA422/BaseSample/Content/ThirdPersonBP/Maps/Panazzi.umap" TEMPLATE=0 SHOWPROGRESS=1 FEATURELEVEL=3
[2023.09.05-19.36.16:647][886]LightingResults: New page: Lighting Build
[2023.09.05-19.36.16:647][886]LoadErrors: New page: Loading map: Panazzi.umap
[2023.09.05-19.36.16:653][886]LogWorld: UWorld::CleanupWorld for ThirdPersonExampleMap, bSessionEnded=true, bCleanupResources=true
[2023.09.05-19.36.16:653][886]LogSlate: InvalidateAllWidgets triggered.  All widgets were invalidated
[2023.09.05-19.36.16:653][886]MapCheck: New page: Map Check
[2023.09.05-19.36.16:653][886]LightingResults: New page: Lighting Build
[2023.09.05-19.36.16:665][886]LogAudio: Display: Audio Device unregistered from world 'None'.
[2023.09.05-19.36.16:671][886]LogUObjectHash: Compacting FUObjectHashTables data took   1.72ms
[2023.09.05-19.36.16:672][886]LogAudio: Display: Audio Device (ID: 1) registered with world 'Panazzi'.
[2023.09.05-19.36.16:697][886]LogEditorServer: Finished looking for orphan Actors (0.000 secs)
[2023.09.05-19.36.16:697][886]LogAIModule: Creating AISystem for world Panazzi
[2023.09.05-19.36.16:716][886]LogUObjectHash: Compacting FUObjectHashTables data took   1.66ms
[2023.09.05-19.36.16:722][886]Cmd: MAP CHECKDEP NOCLEARLOG
[2023.09.05-19.36.16:723][886]MapCheck: Map check complete: 0 Error(s), 0 Warning(s), took 0.278ms to complete.
[2023.09.05-19.36.16:723][886]LogFileHelpers: Loading map 'Panazzi' took 0.077
